<?xml version="1.0" encoding="UTF-8"?>
<robot generator="Robot 6.1.1 (Python 3.10.16 on linux)" generated="20241209 17:43:56.050" rpa="true" schemaversion="4">
<suite id="s1" name="App &amp; Producer">
<suite id="s1-s1" name="App" source="/app">
<suite id="s1-s1-s1" name="Consumer" source="/app/consumer.robot">
<test id="s1-s1-s1-t1" name="#1   Obter Registros pendentes" line="25">
<kw name="Recover Pending" library="utils">
<var>${status}</var>
<msg timestamp="20241209 17:43:57.845" level="INFO">${status} = (True, {'_id': ObjectId('67531e1bb1cd967f6ce4c65b'), 'hello': 'world'})</msg>
<status status="PASS" starttime="20241209 17:43:56.885" endtime="20241209 17:43:57.845"/>
</kw>
<kw name="Log" library="BuiltIn">
<arg>Status na recuperação: ${status}</arg>
<doc>Logs the given message with the given level.</doc>
<msg timestamp="20241209 17:43:57.846" level="INFO">Status na recuperação: (True, {'_id': ObjectId('67531e1bb1cd967f6ce4c65b'), 'hello': 'world'})</msg>
<status status="PASS" starttime="20241209 17:43:57.846" endtime="20241209 17:43:57.846"/>
</kw>
<kw name="Set Next Task" library="RPA.Tasks">
<arg>Abrir Navegador</arg>
<doc>Set the next task to be executed.
Should be a task in the same suite.</doc>
<msg timestamp="20241209 17:43:57.847" level="INFO">Scheduling task: Abrir Navegador</msg>
<status status="PASS" starttime="20241209 17:43:57.846" endtime="20241209 17:43:57.847"/>
</kw>
<doc>Testa recuperação de registros pendentes do banco de dados</doc>
<status status="PASS" starttime="20241209 17:43:56.884" endtime="20241209 17:43:57.847">Transition: Set by keyword</status>
</test>
<test id="s1-s1-s1-t2" name="#2   Abrir Navegador" line="30">
<kw name="Abrir Navegador Chrome" library="keywords">
<arg>${URL}</arg>
<kw name="Open Available Browser" library="RPA.Browser.Selenium">
<arg>${url}</arg>
<arg>browser_selection=Chrome</arg>
<doc>Attempts to open a browser on the user's device from a set of
supported browsers. Automatically downloads a corresponding webdriver
if none is already installed.</doc>
<msg timestamp="20241209 17:43:57.931" level="INFO">Webdriver version taken into use: ChromeDriver 131.0.6778.108 (3b014839fbc4fb688b2f5af512d6ce312ad208b1-refs/branch-heads/6778@{#2393})
</msg>
<msg timestamp="20241209 17:43:57.931" level="INFO">Creating an instance of the Chrome WebDriver.</msg>
<msg timestamp="20241209 17:43:58.797" level="INFO">Created Chrome browser (version 131.0.6778) with arguments: --disable-dev-shm-usage --disable-web-security --allow-running-insecure-content --no-sandbox</msg>
<msg timestamp="20241209 17:43:58.797" level="INFO" html="true">&lt;p&gt;Attempted combinations:&lt;/p&gt;&lt;div class="doc"&gt;&lt;table&gt;&lt;tr&gt;&lt;th&gt;Browser&lt;/th&gt;&lt;th&gt;Download&lt;/th&gt;&lt;th&gt;Error&lt;/th&gt;&lt;/tr&gt;&lt;tr&gt;&lt;td&gt;Chrome&lt;/td&gt;&lt;td&gt;False&lt;/td&gt;&lt;td&gt;&lt;/td&gt;&lt;/tr&gt;&lt;/table&gt;&lt;/div&gt;</msg>
<msg timestamp="20241209 17:43:58.797" level="INFO">Opening url 'https://robotsparebinindustries.com/'</msg>
<status status="PASS" starttime="20241209 17:43:57.848" endtime="20241209 17:43:59.609"/>
</kw>
<status status="PASS" starttime="20241209 17:43:57.848" endtime="20241209 17:43:59.609"/>
</kw>
<kw name="Login" library="keywords">
<arg>${USERNAME}</arg>
<arg>${PASSWORD}</arg>
<kw name="Input Text" library="RPA.Browser.Selenium">
<arg>id:username</arg>
<arg>${username}</arg>
<doc>Types the given ``text`` into the text field identified by ``locator``.</doc>
<msg timestamp="20241209 17:43:59.611" level="INFO">Typing text 'maria' into text field 'id:username'.</msg>
<status status="PASS" starttime="20241209 17:43:59.610" endtime="20241209 17:43:59.718"/>
</kw>
<kw name="Input Text" library="RPA.Browser.Selenium">
<arg>id:password</arg>
<arg>${password}</arg>
<doc>Types the given ``text`` into the text field identified by ``locator``.</doc>
<msg timestamp="20241209 17:43:59.718" level="INFO">Typing text 'thoushallnotpass' into text field 'id:password'.</msg>
<status status="PASS" starttime="20241209 17:43:59.718" endtime="20241209 17:43:59.796"/>
</kw>
<kw name="Sleep" library="BuiltIn">
<arg>1</arg>
<doc>Pauses the test executed for the given time.</doc>
<msg timestamp="20241209 17:44:00.797" level="INFO">Slept 1 second</msg>
<status status="PASS" starttime="20241209 17:43:59.796" endtime="20241209 17:44:00.797"/>
</kw>
<kw name="Click Element" library="RPA.Browser.Selenium">
<arg>xpath=//button[contains(text(), 'Log in')]</arg>
<doc>Click the element identified by ``locator``.</doc>
<msg timestamp="20241209 17:44:00.797" level="INFO">Clicking element 'xpath=//button[contains(text(), 'Log in')]'.</msg>
<status status="PASS" starttime="20241209 17:44:00.797" endtime="20241209 17:44:00.863"/>
</kw>
<status status="PASS" starttime="20241209 17:43:59.609" endtime="20241209 17:44:00.863"/>
</kw>
<status status="PASS" starttime="20241209 17:43:57.847" endtime="20241209 17:44:00.863"/>
</test>
<status status="PASS" starttime="20241209 17:43:56.073" endtime="20241209 17:44:00.864"/>
</suite>
<suite id="s1-s1-s2" name="Producer" source="/app/producer.robot">
<test id="s1-s1-s2-t1" name="Producer Workflow" line="16">
<kw name="Abrir Navegador Chrome" library="keywords">
<arg>${URL}</arg>
<kw name="Open Available Browser" library="RPA.Browser.Selenium">
<arg>${url}</arg>
<arg>browser_selection=Chrome</arg>
<doc>Attempts to open a browser on the user's device from a set of
supported browsers. Automatically downloads a corresponding webdriver
if none is already installed.</doc>
<msg timestamp="20241209 17:44:00.921" level="INFO">Webdriver version taken into use: ChromeDriver 131.0.6778.108 (3b014839fbc4fb688b2f5af512d6ce312ad208b1-refs/branch-heads/6778@{#2393})
</msg>
<msg timestamp="20241209 17:44:00.921" level="INFO">Creating an instance of the Chrome WebDriver.</msg>
<msg timestamp="20241209 17:44:01.787" level="INFO">Created Chrome browser (version 131.0.6778) with arguments: --disable-dev-shm-usage --disable-web-security --allow-running-insecure-content --no-sandbox</msg>
<msg timestamp="20241209 17:44:01.787" level="INFO" html="true">&lt;p&gt;Attempted combinations:&lt;/p&gt;&lt;div class="doc"&gt;&lt;table&gt;&lt;tr&gt;&lt;th&gt;Browser&lt;/th&gt;&lt;th&gt;Download&lt;/th&gt;&lt;th&gt;Error&lt;/th&gt;&lt;/tr&gt;&lt;tr&gt;&lt;td&gt;Chrome&lt;/td&gt;&lt;td&gt;False&lt;/td&gt;&lt;td&gt;&lt;/td&gt;&lt;/tr&gt;&lt;/table&gt;&lt;/div&gt;</msg>
<msg timestamp="20241209 17:44:01.787" level="INFO">Opening url 'https://robotsparebinindustries.com/'</msg>
<status status="PASS" starttime="20241209 17:44:00.872" endtime="20241209 17:44:02.711"/>
</kw>
<status status="PASS" starttime="20241209 17:44:00.871" endtime="20241209 17:44:02.711"/>
</kw>
<kw name="Login" library="keywords">
<arg>${USERNAME}</arg>
<arg>${PASSWORD}</arg>
<kw name="Input Text" library="RPA.Browser.Selenium">
<arg>id:username</arg>
<arg>${username}</arg>
<doc>Types the given ``text`` into the text field identified by ``locator``.</doc>
<msg timestamp="20241209 17:44:02.712" level="INFO">Typing text 'maria' into text field 'id:username'.</msg>
<status status="PASS" starttime="20241209 17:44:02.712" endtime="20241209 17:44:02.819"/>
</kw>
<kw name="Input Text" library="RPA.Browser.Selenium">
<arg>id:password</arg>
<arg>${password}</arg>
<doc>Types the given ``text`` into the text field identified by ``locator``.</doc>
<msg timestamp="20241209 17:44:02.819" level="INFO">Typing text 'thoushallnotpass' into text field 'id:password'.</msg>
<status status="PASS" starttime="20241209 17:44:02.819" endtime="20241209 17:44:02.899"/>
</kw>
<kw name="Sleep" library="BuiltIn">
<arg>1</arg>
<doc>Pauses the test executed for the given time.</doc>
<msg timestamp="20241209 17:44:03.900" level="INFO">Slept 1 second</msg>
<status status="PASS" starttime="20241209 17:44:02.899" endtime="20241209 17:44:03.900"/>
</kw>
<kw name="Click Element" library="RPA.Browser.Selenium">
<arg>xpath=//button[contains(text(), 'Log in')]</arg>
<doc>Click the element identified by ``locator``.</doc>
<msg timestamp="20241209 17:44:03.900" level="INFO">Clicking element 'xpath=//button[contains(text(), 'Log in')]'.</msg>
<status status="PASS" starttime="20241209 17:44:03.900" endtime="20241209 17:44:03.966"/>
</kw>
<status status="PASS" starttime="20241209 17:44:02.711" endtime="20241209 17:44:03.966"/>
</kw>
<kw name="Download Excel File" library="keywords">
<arg>${EXCEL_URL}</arg>
<arg>${EXCEL_FILE}</arg>
<kw name="Download" library="RPA.HTTP">
<arg>${url}</arg>
<arg>overwrite=True</arg>
<arg>target_file=${output_path}</arg>
<doc>An alias for the ``HTTP Get`` keyword.</doc>
<msg timestamp="20241209 17:44:03.968" level="INFO">Creating a new HTTP session</msg>
<msg timestamp="20241209 17:44:03.968" level="INFO">Creating Session using : alias=rpasession_alias.httpsrobotsparebinindustries.com, url=https://robotsparebinindustries.com, headers={},                     cookies={}, auth=None, timeout=None, proxies=None, verify=True,                     debug=0 </msg>
<status status="PASS" starttime="20241209 17:44:03.967" endtime="20241209 17:44:04.244"/>
</kw>
<kw name="Sleep" library="BuiltIn">
<arg>1</arg>
<doc>Pauses the test executed for the given time.</doc>
<msg timestamp="20241209 17:44:05.246" level="INFO">Slept 1 second</msg>
<status status="PASS" starttime="20241209 17:44:04.244" endtime="20241209 17:44:05.246"/>
</kw>
<status status="PASS" starttime="20241209 17:44:03.966" endtime="20241209 17:44:05.247"/>
</kw>
<kw name="Process Excel File" library="keywords">
<var>${data}</var>
<arg>${EXCEL_FILE}</arg>
<kw name="Open Workbook" library="RPA.Excel.Files">
<arg>${file_path}</arg>
<doc>Open an existing Excel workbook.</doc>
<msg timestamp="20241209 17:44:05.269" level="INFO">Opened workbook: &lt;RPA.Excel.Files.XlsxWorkbook object at 0x7b6e66a3a050&gt;</msg>
<status status="PASS" starttime="20241209 17:44:05.247" endtime="20241209 17:44:05.269"/>
</kw>
<kw name="Read Worksheet As Table" library="RPA.Excel.Files">
<var>${data}</var>
<arg>header=True</arg>
<doc>Read the contents of a worksheet into a Table container. Allows
sorting/filtering/manipulating using the ``RPA.Tables`` library.</doc>
<msg timestamp="20241209 17:44:05.271" level="INFO">Created table: Table(columns=['First Name', 'Last Name', 'Sales', 'Sales Target'], rows=50)</msg>
<msg timestamp="20241209 17:44:05.272" level="INFO">${data} = Table(columns=['First Name', 'Last Name', 'Sales', 'Sales Target'], rows=50)</msg>
<status status="PASS" starttime="20241209 17:44:05.269" endtime="20241209 17:44:05.272"/>
</kw>
<kw name="Close Workbook" library="RPA.Excel.Files">
<doc>Close the active workbook.</doc>
<msg timestamp="20241209 17:44:05.272" level="INFO">Closing workbook: &lt;RPA.Excel.Files.XlsxWorkbook object at 0x7b6e66a3a050&gt;</msg>
<status status="PASS" starttime="20241209 17:44:05.272" endtime="20241209 17:44:05.272"/>
</kw>
<msg timestamp="20241209 17:44:05.273" level="INFO">${data} = Table(columns=['First Name', 'Last Name', 'Sales', 'Sales Target'], rows=50)</msg>
<status status="PASS" starttime="20241209 17:44:05.247" endtime="20241209 17:44:05.273"/>
</kw>
<kw name="Process Sales Data" library="keywords">
<arg>${data}</arg>
<for flavor="IN">
<var>${row}</var>
<value>@{data}</value>
<iter>
<var name="${row}">{'First Name': 'David', 'Last Name': 'Heazel', 'Sales': 80193, 'Sales Target': 30000}</var>
<kw name="Fill Form" library="keywords">
<arg>${row}</arg>
<kw name="Wait Until Element Is Visible" library="RPA.Browser.Selenium">
<arg>id:firstname</arg>
<arg>timeout=5</arg>
<doc>Waits until the element ``locator`` is visible.</doc>
<status status="PASS" starttime="20241209 17:44:05.275" endtime="20241209 17:44:06.772"/>
</kw>
<kw name="Input Text" library="RPA.Browser.Selenium">
<arg>id:firstname</arg>
<arg>${row["First Name"]}</arg>
<doc>Types the given ``text`` into the text field identified by ``locator``.</doc>
<msg timestamp="20241209 17:44:06.774" level="INFO">Typing text 'David' into text field 'id:firstname'.</msg>
<status status="PASS" starttime="20241209 17:44:06.772" endtime="20241209 17:44:06.854"/>
</kw>
<kw name="Wait Until Element Is Visible" library="RPA.Browser.Selenium">
<arg>id:lastname</arg>
<arg>timeout=5</arg>
<doc>Waits until the element ``locator`` is visible.</doc>
<status status="PASS" starttime="20241209 17:44:06.854" endtime="20241209 17:44:06.891"/>
</kw>
<kw name="Input Text" library="RPA.Browser.Selenium">
<arg>id:lastname</arg>
<arg>${row["Last Name"]}</arg>
<doc>Types the given ``text`` into the text field identified by ``locator``.</doc>
<msg timestamp="20241209 17:44:06.894" level="INFO">Typing text 'Heazel' into text field 'id:lastname'.</msg>
<status status="PASS" starttime="20241209 17:44:06.891" endtime="20241209 17:44:07.017"/>
</kw>
<kw name="Wait Until Element Is Visible" library="RPA.Browser.Selenium">
<arg>id:salestarget</arg>
<arg>timeout=5</arg>
<doc>Waits until the element ``locator`` is visible.</doc>
<status status="PASS" starttime="20241209 17:44:07.017" endtime="20241209 17:44:07.051"/>
</kw>
<kw name="Select From List By Value" library="RPA.Browser.Selenium">
<arg>id:salestarget</arg>
<arg>${row["Sales Target"]}</arg>
<doc>Selects options from selection list ``locator`` by ``values``.</doc>
<msg timestamp="20241209 17:44:07.052" level="INFO">Selecting options from selection list 'id:salestarget' by value 30000.</msg>
<status status="PASS" starttime="20241209 17:44:07.051" endtime="20241209 17:44:07.132"/>
</kw>
<kw name="Wait Until Element Is Visible" library="RPA.Browser.Selenium">
<arg>id:salesresult</arg>
<arg>timeout=5</arg>
<doc>Waits until the element ``locator`` is visible.</doc>
<status status="PASS" starttime="20241209 17:44:07.132" endtime="20241209 17:44:07.155"/>
</kw>
<kw name="Input Text" library="RPA.Browser.Selenium">
<arg>id:salesresult</arg>
<arg>${row["Sales"]}</arg>
<doc>Types the given ``text`` into the text field identified by ``locator``.</doc>
<msg timestamp="20241209 17:44:07.159" level="INFO">Typing text '80193' into text field 'id:salesresult'.</msg>
<status status="PASS" starttime="20241209 17:44:07.155" endtime="20241209 17:44:07.242"/>
</kw>
<kw name="Wait Until Element Is Visible" library="RPA.Browser.Selenium">
<arg>xpath=//button[text()='Submit']</arg>
<arg>timeout=5</arg>
<doc>Waits until the element ``locator`` is visible.</doc>
<status status="PASS" starttime="20241209 17:44:07.242" endtime="20241209 17:44:07.267"/>
</kw>
<kw name="Click Button" library="RPA.Browser.Selenium">
<arg>xpath=//button[text()='Submit']</arg>
<doc>Clicks the button identified by ``locator``.</doc>
<msg timestamp="20241209 17:44:07.267" level="INFO">Clicking button 'xpath=//button[text()='Submit']'.</msg>
<status status="PASS" starttime="20241209 17:44:07.267" endtime="20241209 17:44:07.527"/>
</kw>
<status status="PASS" starttime="20241209 17:44:05.274" endtime="20241209 17:44:07.528"/>
</kw>
<kw name="Insert Data in MongoDB" library="keywords">
<arg>${row}</arg>
<arg>success</arg>
<kw name="Call Method" library="BuiltIn">
<arg>mongo_integration.insert_task_status</arg>
<arg>${row}</arg>
<arg>${status}</arg>
<doc>Calls the named method of the given object with the provided arguments.</doc>
<msg timestamp="20241209 17:44:07.529" level="FAIL">TypeError: getattr(): attribute name must be string</msg>
<status status="FAIL" starttime="20241209 17:44:07.528" endtime="20241209 17:44:07.530"/>
</kw>
<status status="FAIL" starttime="20241209 17:44:07.528" endtime="20241209 17:44:07.530"/>
</kw>
<status status="FAIL" starttime="20241209 17:44:05.274" endtime="20241209 17:44:07.530"/>
</iter>
<status status="FAIL" starttime="20241209 17:44:05.274" endtime="20241209 17:44:07.530"/>
</for>
<status status="FAIL" starttime="20241209 17:44:05.273" endtime="20241209 17:44:07.530"/>
</kw>
<kw name="Close Browser" library="keywords">
<status status="NOT RUN" starttime="20241209 17:44:07.530" endtime="20241209 17:44:07.530"/>
</kw>
<doc>Workflow do módulo producer.robot</doc>
<status status="FAIL" starttime="20241209 17:44:00.871" endtime="20241209 17:44:07.531">TypeError: getattr(): attribute name must be string</status>
</test>
<status status="FAIL" starttime="20241209 17:44:00.866" endtime="20241209 17:44:07.532"/>
</suite>
<status status="FAIL" starttime="20241209 17:43:56.071" endtime="20241209 17:44:07.535"/>
</suite>
<suite id="s1-s2" name="Producer" source="/app/producer.robot">
<test id="s1-s2-t1" name="Producer Workflow" line="16">
<kw name="Abrir Navegador Chrome" library="keywords">
<arg>${URL}</arg>
<kw name="Open Available Browser" library="RPA.Browser.Selenium">
<arg>${url}</arg>
<arg>browser_selection=Chrome</arg>
<doc>Attempts to open a browser on the user's device from a set of
supported browsers. Automatically downloads a corresponding webdriver
if none is already installed.</doc>
<msg timestamp="20241209 17:44:07.648" level="INFO">Webdriver version taken into use: ChromeDriver 131.0.6778.108 (3b014839fbc4fb688b2f5af512d6ce312ad208b1-refs/branch-heads/6778@{#2393})
</msg>
<msg timestamp="20241209 17:44:07.648" level="INFO">Creating an instance of the Chrome WebDriver.</msg>
<msg timestamp="20241209 17:44:08.533" level="INFO">Created Chrome browser (version 131.0.6778) with arguments: --disable-dev-shm-usage --disable-web-security --allow-running-insecure-content --no-sandbox</msg>
<msg timestamp="20241209 17:44:08.533" level="INFO" html="true">&lt;p&gt;Attempted combinations:&lt;/p&gt;&lt;div class="doc"&gt;&lt;table&gt;&lt;tr&gt;&lt;th&gt;Browser&lt;/th&gt;&lt;th&gt;Download&lt;/th&gt;&lt;th&gt;Error&lt;/th&gt;&lt;/tr&gt;&lt;tr&gt;&lt;td&gt;Chrome&lt;/td&gt;&lt;td&gt;False&lt;/td&gt;&lt;td&gt;&lt;/td&gt;&lt;/tr&gt;&lt;/table&gt;&lt;/div&gt;</msg>
<msg timestamp="20241209 17:44:08.533" level="INFO">Opening url 'https://robotsparebinindustries.com/'</msg>
<status status="PASS" starttime="20241209 17:44:07.560" endtime="20241209 17:44:09.355"/>
</kw>
<status status="PASS" starttime="20241209 17:44:07.559" endtime="20241209 17:44:09.356"/>
</kw>
<kw name="Login" library="keywords">
<arg>${USERNAME}</arg>
<arg>${PASSWORD}</arg>
<kw name="Input Text" library="RPA.Browser.Selenium">
<arg>id:username</arg>
<arg>${username}</arg>
<doc>Types the given ``text`` into the text field identified by ``locator``.</doc>
<msg timestamp="20241209 17:44:09.357" level="INFO">Typing text 'maria' into text field 'id:username'.</msg>
<status status="PASS" starttime="20241209 17:44:09.356" endtime="20241209 17:44:09.486"/>
</kw>
<kw name="Input Text" library="RPA.Browser.Selenium">
<arg>id:password</arg>
<arg>${password}</arg>
<doc>Types the given ``text`` into the text field identified by ``locator``.</doc>
<msg timestamp="20241209 17:44:09.487" level="INFO">Typing text 'thoushallnotpass' into text field 'id:password'.</msg>
<status status="PASS" starttime="20241209 17:44:09.486" endtime="20241209 17:44:09.597"/>
</kw>
<kw name="Sleep" library="BuiltIn">
<arg>1</arg>
<doc>Pauses the test executed for the given time.</doc>
<msg timestamp="20241209 17:44:10.598" level="INFO">Slept 1 second</msg>
<status status="PASS" starttime="20241209 17:44:09.597" endtime="20241209 17:44:10.598"/>
</kw>
<kw name="Click Element" library="RPA.Browser.Selenium">
<arg>xpath=//button[contains(text(), 'Log in')]</arg>
<doc>Click the element identified by ``locator``.</doc>
<msg timestamp="20241209 17:44:10.599" level="INFO">Clicking element 'xpath=//button[contains(text(), 'Log in')]'.</msg>
<status status="PASS" starttime="20241209 17:44:10.598" endtime="20241209 17:44:10.666"/>
</kw>
<status status="PASS" starttime="20241209 17:44:09.356" endtime="20241209 17:44:10.667"/>
</kw>
<kw name="Download Excel File" library="keywords">
<arg>${EXCEL_URL}</arg>
<arg>${EXCEL_FILE}</arg>
<kw name="Download" library="RPA.HTTP">
<arg>${url}</arg>
<arg>overwrite=True</arg>
<arg>target_file=${output_path}</arg>
<doc>An alias for the ``HTTP Get`` keyword.</doc>
<msg timestamp="20241209 17:44:10.668" level="INFO">Using already existing HTTP session</msg>
<status status="PASS" starttime="20241209 17:44:10.667" endtime="20241209 17:44:10.786"/>
</kw>
<kw name="Sleep" library="BuiltIn">
<arg>1</arg>
<doc>Pauses the test executed for the given time.</doc>
<msg timestamp="20241209 17:44:11.787" level="INFO">Slept 1 second</msg>
<status status="PASS" starttime="20241209 17:44:10.786" endtime="20241209 17:44:11.787"/>
</kw>
<status status="PASS" starttime="20241209 17:44:10.667" endtime="20241209 17:44:11.787"/>
</kw>
<kw name="Process Excel File" library="keywords">
<var>${data}</var>
<arg>${EXCEL_FILE}</arg>
<kw name="Open Workbook" library="RPA.Excel.Files">
<arg>${file_path}</arg>
<doc>Open an existing Excel workbook.</doc>
<msg timestamp="20241209 17:44:11.802" level="INFO">Opened workbook: &lt;RPA.Excel.Files.XlsxWorkbook object at 0x7b6e668fdc90&gt;</msg>
<status status="PASS" starttime="20241209 17:44:11.788" endtime="20241209 17:44:11.802"/>
</kw>
<kw name="Read Worksheet As Table" library="RPA.Excel.Files">
<var>${data}</var>
<arg>header=True</arg>
<doc>Read the contents of a worksheet into a Table container. Allows
sorting/filtering/manipulating using the ``RPA.Tables`` library.</doc>
<msg timestamp="20241209 17:44:11.803" level="INFO">Created table: Table(columns=['First Name', 'Last Name', 'Sales', 'Sales Target'], rows=50)</msg>
<msg timestamp="20241209 17:44:11.804" level="INFO">${data} = Table(columns=['First Name', 'Last Name', 'Sales', 'Sales Target'], rows=50)</msg>
<status status="PASS" starttime="20241209 17:44:11.802" endtime="20241209 17:44:11.804"/>
</kw>
<kw name="Close Workbook" library="RPA.Excel.Files">
<doc>Close the active workbook.</doc>
<msg timestamp="20241209 17:44:11.804" level="INFO">Closing workbook: &lt;RPA.Excel.Files.XlsxWorkbook object at 0x7b6e668fdc90&gt;</msg>
<status status="PASS" starttime="20241209 17:44:11.804" endtime="20241209 17:44:11.804"/>
</kw>
<msg timestamp="20241209 17:44:11.804" level="INFO">${data} = Table(columns=['First Name', 'Last Name', 'Sales', 'Sales Target'], rows=50)</msg>
<status status="PASS" starttime="20241209 17:44:11.787" endtime="20241209 17:44:11.804"/>
</kw>
<kw name="Process Sales Data" library="keywords">
<arg>${data}</arg>
<for flavor="IN">
<var>${row}</var>
<value>@{data}</value>
<iter>
<var name="${row}">{'First Name': 'David', 'Last Name': 'Heazel', 'Sales': 80193, 'Sales Target': 30000}</var>
<kw name="Fill Form" library="keywords">
<arg>${row}</arg>
<kw name="Wait Until Element Is Visible" library="RPA.Browser.Selenium">
<arg>id:firstname</arg>
<arg>timeout=5</arg>
<doc>Waits until the element ``locator`` is visible.</doc>
<status status="PASS" starttime="20241209 17:44:11.806" endtime="20241209 17:44:12.270"/>
</kw>
<kw name="Input Text" library="RPA.Browser.Selenium">
<arg>id:firstname</arg>
<arg>${row["First Name"]}</arg>
<doc>Types the given ``text`` into the text field identified by ``locator``.</doc>
<msg timestamp="20241209 17:44:12.271" level="INFO">Typing text 'David' into text field 'id:firstname'.</msg>
<status status="PASS" starttime="20241209 17:44:12.270" endtime="20241209 17:44:12.341"/>
</kw>
<kw name="Wait Until Element Is Visible" library="RPA.Browser.Selenium">
<arg>id:lastname</arg>
<arg>timeout=5</arg>
<doc>Waits until the element ``locator`` is visible.</doc>
<status status="PASS" starttime="20241209 17:44:12.342" endtime="20241209 17:44:12.366"/>
</kw>
<kw name="Input Text" library="RPA.Browser.Selenium">
<arg>id:lastname</arg>
<arg>${row["Last Name"]}</arg>
<doc>Types the given ``text`` into the text field identified by ``locator``.</doc>
<msg timestamp="20241209 17:44:12.367" level="INFO">Typing text 'Heazel' into text field 'id:lastname'.</msg>
<status status="PASS" starttime="20241209 17:44:12.366" endtime="20241209 17:44:12.446"/>
</kw>
<kw name="Wait Until Element Is Visible" library="RPA.Browser.Selenium">
<arg>id:salestarget</arg>
<arg>timeout=5</arg>
<doc>Waits until the element ``locator`` is visible.</doc>
<status status="PASS" starttime="20241209 17:44:12.446" endtime="20241209 17:44:12.466"/>
</kw>
<kw name="Select From List By Value" library="RPA.Browser.Selenium">
<arg>id:salestarget</arg>
<arg>${row["Sales Target"]}</arg>
<doc>Selects options from selection list ``locator`` by ``values``.</doc>
<msg timestamp="20241209 17:44:12.467" level="INFO">Selecting options from selection list 'id:salestarget' by value 30000.</msg>
<status status="PASS" starttime="20241209 17:44:12.466" endtime="20241209 17:44:12.542"/>
</kw>
<kw name="Wait Until Element Is Visible" library="RPA.Browser.Selenium">
<arg>id:salesresult</arg>
<arg>timeout=5</arg>
<doc>Waits until the element ``locator`` is visible.</doc>
<status status="PASS" starttime="20241209 17:44:12.542" endtime="20241209 17:44:12.565"/>
</kw>
<kw name="Input Text" library="RPA.Browser.Selenium">
<arg>id:salesresult</arg>
<arg>${row["Sales"]}</arg>
<doc>Types the given ``text`` into the text field identified by ``locator``.</doc>
<msg timestamp="20241209 17:44:12.566" level="INFO">Typing text '80193' into text field 'id:salesresult'.</msg>
<status status="PASS" starttime="20241209 17:44:12.565" endtime="20241209 17:44:12.655"/>
</kw>
<kw name="Wait Until Element Is Visible" library="RPA.Browser.Selenium">
<arg>xpath=//button[text()='Submit']</arg>
<arg>timeout=5</arg>
<doc>Waits until the element ``locator`` is visible.</doc>
<status status="PASS" starttime="20241209 17:44:12.656" endtime="20241209 17:44:12.708"/>
</kw>
<kw name="Click Button" library="RPA.Browser.Selenium">
<arg>xpath=//button[text()='Submit']</arg>
<doc>Clicks the button identified by ``locator``.</doc>
<msg timestamp="20241209 17:44:12.708" level="INFO">Clicking button 'xpath=//button[text()='Submit']'.</msg>
<status status="PASS" starttime="20241209 17:44:12.708" endtime="20241209 17:44:12.971"/>
</kw>
<status status="PASS" starttime="20241209 17:44:11.805" endtime="20241209 17:44:12.971"/>
</kw>
<kw name="Insert Data in MongoDB" library="keywords">
<arg>${row}</arg>
<arg>success</arg>
<kw name="Call Method" library="BuiltIn">
<arg>mongo_integration.insert_task_status</arg>
<arg>${row}</arg>
<arg>${status}</arg>
<doc>Calls the named method of the given object with the provided arguments.</doc>
<msg timestamp="20241209 17:44:12.972" level="FAIL">TypeError: getattr(): attribute name must be string</msg>
<status status="FAIL" starttime="20241209 17:44:12.971" endtime="20241209 17:44:12.973"/>
</kw>
<status status="FAIL" starttime="20241209 17:44:12.971" endtime="20241209 17:44:12.973"/>
</kw>
<status status="FAIL" starttime="20241209 17:44:11.805" endtime="20241209 17:44:12.973"/>
</iter>
<status status="FAIL" starttime="20241209 17:44:11.805" endtime="20241209 17:44:12.973"/>
</for>
<status status="FAIL" starttime="20241209 17:44:11.804" endtime="20241209 17:44:12.973"/>
</kw>
<kw name="Close Browser" library="keywords">
<status status="NOT RUN" starttime="20241209 17:44:12.974" endtime="20241209 17:44:12.974"/>
</kw>
<doc>Workflow do módulo producer.robot</doc>
<status status="FAIL" starttime="20241209 17:44:07.554" endtime="20241209 17:44:12.974">TypeError: getattr(): attribute name must be string</status>
</test>
<status status="FAIL" starttime="20241209 17:44:07.542" endtime="20241209 17:44:12.975"/>
</suite>
<status status="FAIL" starttime="20241209 17:43:56.052" endtime="20241209 17:44:12.981"/>
</suite>
<statistics>
<total>
<stat pass="2" fail="2" skip="0">All Tasks</stat>
</total>
<tag>
</tag>
<suite>
<stat pass="2" fail="2" skip="0" id="s1" name="App &amp; Producer">App &amp; Producer</stat>
<stat pass="2" fail="1" skip="0" id="s1-s1" name="App">App &amp; Producer.App</stat>
<stat pass="2" fail="0" skip="0" id="s1-s1-s1" name="Consumer">App &amp; Producer.App.Consumer</stat>
<stat pass="0" fail="1" skip="0" id="s1-s1-s2" name="Producer">App &amp; Producer.App.Producer</stat>
<stat pass="0" fail="1" skip="0" id="s1-s2" name="Producer">App &amp; Producer.Producer</stat>
</suite>
</statistics>
<errors>
<msg timestamp="20241209 17:43:56.073" level="ERROR">Error in file '/app/consumer.robot' on line 21: Creating keyword '' failed: User keyword name cannot be empty.</msg>
<msg timestamp="20241209 17:44:00.866" level="WARN">Graphviz executable not found: failed to execute ['dot', '-Tsvg'], make sure the Graphviz executables are on your systems' PATH</msg>
</errors>
</robot>
