<?xml version="1.0" encoding="UTF-8"?>
<robot generator="Robot 6.1.1 (Python 3.10.15 on linux)" generated="20241202 18:24:17.521" rpa="true" schemaversion="4">
<suite id="s1" name="Test" source="/app/test.robot">
<test id="s1-t1" name="Test Full Workflow" line="7">
<kw name="Producer Workflow" library="producer">
<kw name="Open Browser" library="keywords">
<arg>${URL}</arg>
<kw name="Open Available Browser" library="RPA.Browser.Selenium">
<arg>${url}</arg>
<arg>browser_selection=Chrome</arg>
<doc>Attempts to open a browser on the user's device from a set of
supported browsers. Automatically downloads a corresponding webdriver
if none is already installed.</doc>
<msg timestamp="20241202 18:24:18.468" level="INFO">Webdriver version taken into use: ChromeDriver 131.0.6778.85 (3d81e41b6f3ac8bcae63b32e8145c9eb0cd60a2d-refs/branch-heads/6778@{#2285})
</msg>
<msg timestamp="20241202 18:24:18.468" level="INFO">Creating an instance of the Chrome WebDriver.</msg>
<msg timestamp="20241202 18:24:19.883" level="INFO">Created Chrome browser (version 131.0.6778) with arguments: --disable-dev-shm-usage --disable-web-security --allow-running-insecure-content --no-sandbox</msg>
<msg timestamp="20241202 18:24:19.883" level="INFO" html="true">&lt;p&gt;Attempted combinations:&lt;/p&gt;&lt;div class="doc"&gt;&lt;table&gt;&lt;tr&gt;&lt;th&gt;Browser&lt;/th&gt;&lt;th&gt;Download&lt;/th&gt;&lt;th&gt;Error&lt;/th&gt;&lt;/tr&gt;&lt;tr&gt;&lt;td&gt;Chrome&lt;/td&gt;&lt;td&gt;False&lt;/td&gt;&lt;td&gt;&lt;/td&gt;&lt;/tr&gt;&lt;/table&gt;&lt;/div&gt;</msg>
<msg timestamp="20241202 18:24:19.884" level="INFO">Opening url 'https://robotsparebinindustries.com/'</msg>
<status status="PASS" starttime="20241202 18:24:18.359" endtime="20241202 18:24:20.800"/>
</kw>
<status status="PASS" starttime="20241202 18:24:18.359" endtime="20241202 18:24:20.801"/>
</kw>
<kw name="Login" library="keywords">
<arg>${USERNAME}</arg>
<arg>${PASSWORD}</arg>
<kw name="Input Text" library="RPA.Browser.Selenium">
<arg>id:username</arg>
<arg>${username}</arg>
<doc>Types the given ``text`` into the text field identified by ``locator``.</doc>
<msg timestamp="20241202 18:24:20.803" level="INFO">Typing text 'maria' into text field 'id:username'.</msg>
<status status="PASS" starttime="20241202 18:24:20.802" endtime="20241202 18:24:20.928"/>
</kw>
<kw name="Input Text" library="RPA.Browser.Selenium">
<arg>id:password</arg>
<arg>${password}</arg>
<doc>Types the given ``text`` into the text field identified by ``locator``.</doc>
<msg timestamp="20241202 18:24:20.930" level="INFO">Typing text 'thoushallnotpass' into text field 'id:password'.</msg>
<status status="PASS" starttime="20241202 18:24:20.928" endtime="20241202 18:24:21.053"/>
</kw>
<kw name="Click Element" library="RPA.Browser.Selenium">
<arg>xpath=//button[contains(text(), 'Log in')]</arg>
<doc>Click the element identified by ``locator``.</doc>
<msg timestamp="20241202 18:24:21.053" level="INFO">Clicking element 'xpath=//button[contains(text(), 'Log in')]'.</msg>
<status status="PASS" starttime="20241202 18:24:21.053" endtime="20241202 18:24:21.168"/>
</kw>
<status status="PASS" starttime="20241202 18:24:20.801" endtime="20241202 18:24:21.168"/>
</kw>
<kw name="Download Excel File" library="keywords">
<arg>${EXCEL_URL}</arg>
<arg>${EXCEL_FILE}</arg>
<kw name="Download" library="RPA.HTTP">
<arg>${url}</arg>
<arg>overwrite=True</arg>
<arg>target_file=${output_path}</arg>
<doc>An alias for the ``HTTP Get`` keyword.</doc>
<msg timestamp="20241202 18:24:21.169" level="INFO">Creating a new HTTP session</msg>
<msg timestamp="20241202 18:24:21.169" level="INFO">Creating Session using : alias=rpasession_alias.httpsrobotsparebinindustries.com, url=https://robotsparebinindustries.com, headers={},                     cookies={}, auth=None, timeout=None, proxies=None, verify=True,                     debug=0 </msg>
<status status="PASS" starttime="20241202 18:24:21.169" endtime="20241202 18:24:21.444"/>
</kw>
<status status="PASS" starttime="20241202 18:24:21.168" endtime="20241202 18:24:21.445"/>
</kw>
<status status="PASS" starttime="20241202 18:24:18.358" endtime="20241202 18:24:21.445"/>
</kw>
<kw name="Consumer Workflow" library="consumer">
<kw name="Process Excel File" library="keywords">
<var>${data}</var>
<arg>${EXCEL_FILE}</arg>
<kw name="Open Workbook" library="RPA.Excel.Files">
<arg>${file_path}</arg>
<doc>Open an existing Excel workbook.</doc>
<msg timestamp="20241202 18:24:21.461" level="INFO">Opened workbook: &lt;RPA.Excel.Files.XlsxWorkbook object at 0x70c729d9b9d0&gt;</msg>
<status status="PASS" starttime="20241202 18:24:21.446" endtime="20241202 18:24:21.461"/>
</kw>
<kw name="Read Worksheet As Table" library="RPA.Excel.Files">
<var>${data}</var>
<arg>header=True</arg>
<doc>Read the contents of a worksheet into a Table container. Allows
sorting/filtering/manipulating using the ``RPA.Tables`` library.</doc>
<msg timestamp="20241202 18:24:21.464" level="INFO">Created table: Table(columns=['First Name', 'Last Name', 'Sales', 'Sales Target'], rows=50)</msg>
<msg timestamp="20241202 18:24:21.464" level="INFO">${data} = Table(columns=['First Name', 'Last Name', 'Sales', 'Sales Target'], rows=50)</msg>
<status status="PASS" starttime="20241202 18:24:21.461" endtime="20241202 18:24:21.464"/>
</kw>
<kw name="Close Workbook" library="RPA.Excel.Files">
<doc>Close the active workbook.</doc>
<msg timestamp="20241202 18:24:21.464" level="INFO">Closing workbook: &lt;RPA.Excel.Files.XlsxWorkbook object at 0x70c729d9b9d0&gt;</msg>
<status status="PASS" starttime="20241202 18:24:21.464" endtime="20241202 18:24:21.464"/>
</kw>
<msg timestamp="20241202 18:24:21.465" level="INFO">${data} = Table(columns=['First Name', 'Last Name', 'Sales', 'Sales Target'], rows=50)</msg>
<status status="PASS" starttime="20241202 18:24:21.445" endtime="20241202 18:24:21.465"/>
</kw>
<for flavor="IN">
<var>${row}</var>
<value>@{data}</value>
<iter>
<var name="${row}">{'First Name': 'David', 'Last Name': 'Heazel', 'Sales': 80193, 'Sales Target': 30000}</var>
<kw name="Fill Form" library="keywords">
<arg>${row}</arg>
<kw name="Wait Until Element Is Visible" library="RPA.Browser.Selenium">
<arg>id:firstname</arg>
<arg>timeout=5</arg>
<doc>Waits until the element ``locator`` is visible.</doc>
<status status="PASS" starttime="20241202 18:24:21.466" endtime="20241202 18:24:22.574"/>
</kw>
<kw name="Input Text" library="RPA.Browser.Selenium">
<arg>id:firstname</arg>
<arg>${row["First Name"]}</arg>
<doc>Types the given ``text`` into the text field identified by ``locator``.</doc>
<msg timestamp="20241202 18:24:22.576" level="INFO">Typing text 'David' into text field 'id:firstname'.</msg>
<status status="PASS" starttime="20241202 18:24:22.574" endtime="20241202 18:24:22.701"/>
</kw>
<kw name="Wait Until Element Is Visible" library="RPA.Browser.Selenium">
<arg>id:lastname</arg>
<arg>timeout=5</arg>
<doc>Waits until the element ``locator`` is visible.</doc>
<status status="PASS" starttime="20241202 18:24:22.702" endtime="20241202 18:24:22.752"/>
</kw>
<kw name="Input Text" library="RPA.Browser.Selenium">
<arg>id:lastname</arg>
<arg>${row["Last Name"]}</arg>
<doc>Types the given ``text`` into the text field identified by ``locator``.</doc>
<msg timestamp="20241202 18:24:22.754" level="INFO">Typing text 'Heazel' into text field 'id:lastname'.</msg>
<status status="PASS" starttime="20241202 18:24:22.753" endtime="20241202 18:24:22.867"/>
</kw>
<kw name="Wait Until Element Is Visible" library="RPA.Browser.Selenium">
<arg>id:salestarget</arg>
<arg>timeout=5</arg>
<doc>Waits until the element ``locator`` is visible.</doc>
<status status="PASS" starttime="20241202 18:24:22.867" endtime="20241202 18:24:22.906"/>
</kw>
<kw name="Select From List By Value" library="RPA.Browser.Selenium">
<arg>id:salestarget</arg>
<arg>${row["Sales Target"]}</arg>
<doc>Selects options from selection list ``locator`` by ``values``.</doc>
<msg timestamp="20241202 18:24:22.907" level="INFO">Selecting options from selection list 'id:salestarget' by value 30000.</msg>
<status status="PASS" starttime="20241202 18:24:22.906" endtime="20241202 18:24:23.005"/>
</kw>
<kw name="Wait Until Element Is Visible" library="RPA.Browser.Selenium">
<arg>id:salesresult</arg>
<arg>timeout=5</arg>
<doc>Waits until the element ``locator`` is visible.</doc>
<status status="PASS" starttime="20241202 18:24:23.005" endtime="20241202 18:24:23.036"/>
</kw>
<kw name="Input Text" library="RPA.Browser.Selenium">
<arg>id:salesresult</arg>
<arg>${row["Sales"]}</arg>
<doc>Types the given ``text`` into the text field identified by ``locator``.</doc>
<msg timestamp="20241202 18:24:23.037" level="INFO">Typing text '80193' into text field 'id:salesresult'.</msg>
<status status="PASS" starttime="20241202 18:24:23.036" endtime="20241202 18:24:23.145"/>
</kw>
<kw name="Wait Until Element Is Visible" library="RPA.Browser.Selenium">
<arg>xpath=//button[text()='Submit']</arg>
<arg>timeout=5</arg>
<doc>Waits until the element ``locator`` is visible.</doc>
<status status="PASS" starttime="20241202 18:24:23.145" endtime="20241202 18:24:23.174"/>
</kw>
<kw name="Click Button" library="RPA.Browser.Selenium">
<arg>xpath=//button[text()='Submit']</arg>
<doc>Clicks the button identified by ``locator``.</doc>
<msg timestamp="20241202 18:24:23.174" level="INFO">Clicking button 'xpath=//button[text()='Submit']'.</msg>
<status status="PASS" starttime="20241202 18:24:23.174" endtime="20241202 18:24:23.408"/>
</kw>
<status status="PASS" starttime="20241202 18:24:21.466" endtime="20241202 18:24:23.408"/>
</kw>
<status status="PASS" starttime="20241202 18:24:21.466" endtime="20241202 18:24:23.408"/>
</iter>
<iter>
<var name="${row}">{'First Name': 'Conte', 'Last Name': 'Mascetti', 'Sales': 141182, 'Sales Target': 35000}</var>
<kw name="Fill Form" library="keywords">
<arg>${row}</arg>
<kw name="Wait Until Element Is Visible" library="RPA.Browser.Selenium">
<arg>id:firstname</arg>
<arg>timeout=5</arg>
<doc>Waits until the element ``locator`` is visible.</doc>
<status status="PASS" starttime="20241202 18:24:23.408" endtime="20241202 18:24:23.468"/>
</kw>
<kw name="Input Text" library="RPA.Browser.Selenium">
<arg>id:firstname</arg>
<arg>${row["First Name"]}</arg>
<doc>Types the given ``text`` into the text field identified by ``locator``.</doc>
<msg timestamp="20241202 18:24:23.469" level="INFO">Typing text 'Conte' into text field 'id:firstname'.</msg>
<status status="PASS" starttime="20241202 18:24:23.468" endtime="20241202 18:24:23.574"/>
</kw>
<kw name="Wait Until Element Is Visible" library="RPA.Browser.Selenium">
<arg>id:lastname</arg>
<arg>timeout=5</arg>
<doc>Waits until the element ``locator`` is visible.</doc>
<status status="PASS" starttime="20241202 18:24:23.574" endtime="20241202 18:24:23.596"/>
</kw>
<kw name="Input Text" library="RPA.Browser.Selenium">
<arg>id:lastname</arg>
<arg>${row["Last Name"]}</arg>
<doc>Types the given ``text`` into the text field identified by ``locator``.</doc>
<msg timestamp="20241202 18:24:23.597" level="INFO">Typing text 'Mascetti' into text field 'id:lastname'.</msg>
<status status="PASS" starttime="20241202 18:24:23.596" endtime="20241202 18:24:23.694"/>
</kw>
<kw name="Wait Until Element Is Visible" library="RPA.Browser.Selenium">
<arg>id:salestarget</arg>
<arg>timeout=5</arg>
<doc>Waits until the element ``locator`` is visible.</doc>
<status status="PASS" starttime="20241202 18:24:23.695" endtime="20241202 18:24:23.713"/>
</kw>
<kw name="Select From List By Value" library="RPA.Browser.Selenium">
<arg>id:salestarget</arg>
<arg>${row["Sales Target"]}</arg>
<doc>Selects options from selection list ``locator`` by ``values``.</doc>
<msg timestamp="20241202 18:24:23.714" level="INFO">Selecting options from selection list 'id:salestarget' by value 35000.</msg>
<status status="PASS" starttime="20241202 18:24:23.713" endtime="20241202 18:24:23.788"/>
</kw>
<kw name="Wait Until Element Is Visible" library="RPA.Browser.Selenium">
<arg>id:salesresult</arg>
<arg>timeout=5</arg>
<doc>Waits until the element ``locator`` is visible.</doc>
<status status="PASS" starttime="20241202 18:24:23.788" endtime="20241202 18:24:23.810"/>
</kw>
<kw name="Input Text" library="RPA.Browser.Selenium">
<arg>id:salesresult</arg>
<arg>${row["Sales"]}</arg>
<doc>Types the given ``text`` into the text field identified by ``locator``.</doc>
<msg timestamp="20241202 18:24:23.811" level="INFO">Typing text '141182' into text field 'id:salesresult'.</msg>
<status status="PASS" starttime="20241202 18:24:23.810" endtime="20241202 18:24:23.896"/>
</kw>
<kw name="Wait Until Element Is Visible" library="RPA.Browser.Selenium">
<arg>xpath=//button[text()='Submit']</arg>
<arg>timeout=5</arg>
<doc>Waits until the element ``locator`` is visible.</doc>
<status status="PASS" starttime="20241202 18:24:23.896" endtime="20241202 18:24:23.918"/>
</kw>
<kw name="Click Button" library="RPA.Browser.Selenium">
<arg>xpath=//button[text()='Submit']</arg>
<doc>Clicks the button identified by ``locator``.</doc>
<msg timestamp="20241202 18:24:23.919" level="INFO">Clicking button 'xpath=//button[text()='Submit']'.</msg>
<status status="PASS" starttime="20241202 18:24:23.918" endtime="20241202 18:24:24.146"/>
</kw>
<status status="PASS" starttime="20241202 18:24:23.408" endtime="20241202 18:24:24.146"/>
</kw>
<status status="PASS" starttime="20241202 18:24:23.408" endtime="20241202 18:24:24.147"/>
</iter>
<iter>
<var name="${row}">{'First Name': 'Dallon', 'Last Name': 'Seals', 'Sales': 61456, 'Sales Target': 15000}</var>
<kw name="Fill Form" library="keywords">
<arg>${row}</arg>
<kw name="Wait Until Element Is Visible" library="RPA.Browser.Selenium">
<arg>id:firstname</arg>
<arg>timeout=5</arg>
<doc>Waits until the element ``locator`` is visible.</doc>
<status status="PASS" starttime="20241202 18:24:24.147" endtime="20241202 18:24:24.179"/>
</kw>
<kw name="Input Text" library="RPA.Browser.Selenium">
<arg>id:firstname</arg>
<arg>${row["First Name"]}</arg>
<doc>Types the given ``text`` into the text field identified by ``locator``.</doc>
<msg timestamp="20241202 18:24:24.180" level="INFO">Typing text 'Dallon' into text field 'id:firstname'.</msg>
<status status="PASS" starttime="20241202 18:24:24.179" endtime="20241202 18:24:24.296"/>
</kw>
<kw name="Wait Until Element Is Visible" library="RPA.Browser.Selenium">
<arg>id:lastname</arg>
<arg>timeout=5</arg>
<doc>Waits until the element ``locator`` is visible.</doc>
<status status="PASS" starttime="20241202 18:24:24.296" endtime="20241202 18:24:24.329"/>
</kw>
<kw name="Input Text" library="RPA.Browser.Selenium">
<arg>id:lastname</arg>
<arg>${row["Last Name"]}</arg>
<doc>Types the given ``text`` into the text field identified by ``locator``.</doc>
<msg timestamp="20241202 18:24:24.330" level="INFO">Typing text 'Seals' into text field 'id:lastname'.</msg>
<status status="PASS" starttime="20241202 18:24:24.329" endtime="20241202 18:24:24.434"/>
</kw>
<kw name="Wait Until Element Is Visible" library="RPA.Browser.Selenium">
<arg>id:salestarget</arg>
<arg>timeout=5</arg>
<doc>Waits until the element ``locator`` is visible.</doc>
<status status="PASS" starttime="20241202 18:24:24.435" endtime="20241202 18:24:24.461"/>
</kw>
<kw name="Select From List By Value" library="RPA.Browser.Selenium">
<arg>id:salestarget</arg>
<arg>${row["Sales Target"]}</arg>
<doc>Selects options from selection list ``locator`` by ``values``.</doc>
<msg timestamp="20241202 18:24:24.462" level="INFO">Selecting options from selection list 'id:salestarget' by value 15000.</msg>
<status status="PASS" starttime="20241202 18:24:24.461" endtime="20241202 18:24:24.546"/>
</kw>
<kw name="Wait Until Element Is Visible" library="RPA.Browser.Selenium">
<arg>id:salesresult</arg>
<arg>timeout=5</arg>
<doc>Waits until the element ``locator`` is visible.</doc>
<status status="PASS" starttime="20241202 18:24:24.546" endtime="20241202 18:24:24.575"/>
</kw>
<kw name="Input Text" library="RPA.Browser.Selenium">
<arg>id:salesresult</arg>
<arg>${row["Sales"]}</arg>
<doc>Types the given ``text`` into the text field identified by ``locator``.</doc>
<msg timestamp="20241202 18:24:24.577" level="INFO">Typing text '61456' into text field 'id:salesresult'.</msg>
<status status="PASS" starttime="20241202 18:24:24.575" endtime="20241202 18:24:24.684"/>
</kw>
<kw name="Wait Until Element Is Visible" library="RPA.Browser.Selenium">
<arg>xpath=//button[text()='Submit']</arg>
<arg>timeout=5</arg>
<doc>Waits until the element ``locator`` is visible.</doc>
<status status="PASS" starttime="20241202 18:24:24.685" endtime="20241202 18:24:24.713"/>
</kw>
<kw name="Click Button" library="RPA.Browser.Selenium">
<arg>xpath=//button[text()='Submit']</arg>
<doc>Clicks the button identified by ``locator``.</doc>
<msg timestamp="20241202 18:24:24.714" level="INFO">Clicking button 'xpath=//button[text()='Submit']'.</msg>
<status status="PASS" starttime="20241202 18:24:24.713" endtime="20241202 18:24:24.946"/>
</kw>
<status status="PASS" starttime="20241202 18:24:24.147" endtime="20241202 18:24:24.946"/>
</kw>
<status status="PASS" starttime="20241202 18:24:24.147" endtime="20241202 18:24:24.946"/>
</iter>
<iter>
<var name="${row}">{'First Name': 'Jocelyn', 'Last Name': 'Thomsson', 'Sales': 99354, 'Sales Target': 95000}</var>
<kw name="Fill Form" library="keywords">
<arg>${row}</arg>
<kw name="Wait Until Element Is Visible" library="RPA.Browser.Selenium">
<arg>id:firstname</arg>
<arg>timeout=5</arg>
<doc>Waits until the element ``locator`` is visible.</doc>
<status status="PASS" starttime="20241202 18:24:24.950" endtime="20241202 18:24:25.015"/>
</kw>
<kw name="Input Text" library="RPA.Browser.Selenium">
<arg>id:firstname</arg>
<arg>${row["First Name"]}</arg>
<doc>Types the given ``text`` into the text field identified by ``locator``.</doc>
<msg timestamp="20241202 18:24:25.018" level="INFO">Typing text 'Jocelyn' into text field 'id:firstname'.</msg>
<status status="PASS" starttime="20241202 18:24:25.016" endtime="20241202 18:24:25.146"/>
</kw>
<kw name="Wait Until Element Is Visible" library="RPA.Browser.Selenium">
<arg>id:lastname</arg>
<arg>timeout=5</arg>
<doc>Waits until the element ``locator`` is visible.</doc>
<status status="PASS" starttime="20241202 18:24:25.146" endtime="20241202 18:24:25.171"/>
</kw>
<kw name="Input Text" library="RPA.Browser.Selenium">
<arg>id:lastname</arg>
<arg>${row["Last Name"]}</arg>
<doc>Types the given ``text`` into the text field identified by ``locator``.</doc>
<msg timestamp="20241202 18:24:25.172" level="INFO">Typing text 'Thomsson' into text field 'id:lastname'.</msg>
<status status="PASS" starttime="20241202 18:24:25.171" endtime="20241202 18:24:25.286"/>
</kw>
<kw name="Wait Until Element Is Visible" library="RPA.Browser.Selenium">
<arg>id:salestarget</arg>
<arg>timeout=5</arg>
<doc>Waits until the element ``locator`` is visible.</doc>
<status status="PASS" starttime="20241202 18:24:25.286" endtime="20241202 18:24:25.315"/>
</kw>
<kw name="Select From List By Value" library="RPA.Browser.Selenium">
<arg>id:salestarget</arg>
<arg>${row["Sales Target"]}</arg>
<doc>Selects options from selection list ``locator`` by ``values``.</doc>
<msg timestamp="20241202 18:24:25.316" level="INFO">Selecting options from selection list 'id:salestarget' by value 95000.</msg>
<status status="PASS" starttime="20241202 18:24:25.315" endtime="20241202 18:24:25.413"/>
</kw>
<kw name="Wait Until Element Is Visible" library="RPA.Browser.Selenium">
<arg>id:salesresult</arg>
<arg>timeout=5</arg>
<doc>Waits until the element ``locator`` is visible.</doc>
<status status="PASS" starttime="20241202 18:24:25.413" endtime="20241202 18:24:25.440"/>
</kw>
<kw name="Input Text" library="RPA.Browser.Selenium">
<arg>id:salesresult</arg>
<arg>${row["Sales"]}</arg>
<doc>Types the given ``text`` into the text field identified by ``locator``.</doc>
<msg timestamp="20241202 18:24:25.441" level="INFO">Typing text '99354' into text field 'id:salesresult'.</msg>
<status status="PASS" starttime="20241202 18:24:25.440" endtime="20241202 18:24:25.554"/>
</kw>
<kw name="Wait Until Element Is Visible" library="RPA.Browser.Selenium">
<arg>xpath=//button[text()='Submit']</arg>
<arg>timeout=5</arg>
<doc>Waits until the element ``locator`` is visible.</doc>
<status status="PASS" starttime="20241202 18:24:25.554" endtime="20241202 18:24:25.581"/>
</kw>
<kw name="Click Button" library="RPA.Browser.Selenium">
<arg>xpath=//button[text()='Submit']</arg>
<doc>Clicks the button identified by ``locator``.</doc>
<msg timestamp="20241202 18:24:25.581" level="INFO">Clicking button 'xpath=//button[text()='Submit']'.</msg>
<status status="PASS" starttime="20241202 18:24:25.581" endtime="20241202 18:24:25.826"/>
</kw>
<status status="PASS" starttime="20241202 18:24:24.950" endtime="20241202 18:24:25.826"/>
</kw>
<status status="PASS" starttime="20241202 18:24:24.946" endtime="20241202 18:24:25.826"/>
</iter>
<iter>
<var name="${row}">{'First Name': 'Yoko', 'Last Name': 'Flecknell', 'Sales': 139701, 'Sales Target': 50000}</var>
<kw name="Fill Form" library="keywords">
<arg>${row}</arg>
<kw name="Wait Until Element Is Visible" library="RPA.Browser.Selenium">
<arg>id:firstname</arg>
<arg>timeout=5</arg>
<doc>Waits until the element ``locator`` is visible.</doc>
<status status="PASS" starttime="20241202 18:24:25.827" endtime="20241202 18:24:25.902"/>
</kw>
<kw name="Input Text" library="RPA.Browser.Selenium">
<arg>id:firstname</arg>
<arg>${row["First Name"]}</arg>
<doc>Types the given ``text`` into the text field identified by ``locator``.</doc>
<msg timestamp="20241202 18:24:25.903" level="INFO">Typing text 'Yoko' into text field 'id:firstname'.</msg>
<status status="PASS" starttime="20241202 18:24:25.902" endtime="20241202 18:24:26.020"/>
</kw>
<kw name="Wait Until Element Is Visible" library="RPA.Browser.Selenium">
<arg>id:lastname</arg>
<arg>timeout=5</arg>
<doc>Waits until the element ``locator`` is visible.</doc>
<status status="PASS" starttime="20241202 18:24:26.020" endtime="20241202 18:24:26.049"/>
</kw>
<kw name="Input Text" library="RPA.Browser.Selenium">
<arg>id:lastname</arg>
<arg>${row["Last Name"]}</arg>
<doc>Types the given ``text`` into the text field identified by ``locator``.</doc>
<msg timestamp="20241202 18:24:26.050" level="INFO">Typing text 'Flecknell' into text field 'id:lastname'.</msg>
<status status="PASS" starttime="20241202 18:24:26.049" endtime="20241202 18:24:26.166"/>
</kw>
<kw name="Wait Until Element Is Visible" library="RPA.Browser.Selenium">
<arg>id:salestarget</arg>
<arg>timeout=5</arg>
<doc>Waits until the element ``locator`` is visible.</doc>
<status status="PASS" starttime="20241202 18:24:26.166" endtime="20241202 18:24:26.199"/>
</kw>
<kw name="Select From List By Value" library="RPA.Browser.Selenium">
<arg>id:salestarget</arg>
<arg>${row["Sales Target"]}</arg>
<doc>Selects options from selection list ``locator`` by ``values``.</doc>
<msg timestamp="20241202 18:24:26.201" level="INFO">Selecting options from selection list 'id:salestarget' by value 50000.</msg>
<status status="PASS" starttime="20241202 18:24:26.199" endtime="20241202 18:24:26.295"/>
</kw>
<kw name="Wait Until Element Is Visible" library="RPA.Browser.Selenium">
<arg>id:salesresult</arg>
<arg>timeout=5</arg>
<doc>Waits until the element ``locator`` is visible.</doc>
<status status="PASS" starttime="20241202 18:24:26.295" endtime="20241202 18:24:26.332"/>
</kw>
<kw name="Input Text" library="RPA.Browser.Selenium">
<arg>id:salesresult</arg>
<arg>${row["Sales"]}</arg>
<doc>Types the given ``text`` into the text field identified by ``locator``.</doc>
<msg timestamp="20241202 18:24:26.334" level="INFO">Typing text '139701' into text field 'id:salesresult'.</msg>
<status status="PASS" starttime="20241202 18:24:26.333" endtime="20241202 18:24:26.434"/>
</kw>
<kw name="Wait Until Element Is Visible" library="RPA.Browser.Selenium">
<arg>xpath=//button[text()='Submit']</arg>
<arg>timeout=5</arg>
<doc>Waits until the element ``locator`` is visible.</doc>
<status status="PASS" starttime="20241202 18:24:26.434" endtime="20241202 18:24:26.458"/>
</kw>
<kw name="Click Button" library="RPA.Browser.Selenium">
<arg>xpath=//button[text()='Submit']</arg>
<doc>Clicks the button identified by ``locator``.</doc>
<msg timestamp="20241202 18:24:26.459" level="INFO">Clicking button 'xpath=//button[text()='Submit']'.</msg>
<status status="PASS" starttime="20241202 18:24:26.459" endtime="20241202 18:24:26.677"/>
</kw>
<status status="PASS" starttime="20241202 18:24:25.826" endtime="20241202 18:24:26.677"/>
</kw>
<status status="PASS" starttime="20241202 18:24:25.826" endtime="20241202 18:24:26.678"/>
</iter>
<iter>
<var name="${row}">{'First Name': 'Ninnette', 'Last Name': 'Heinssen', 'Sales': 63808, 'Sales Target': 25000}</var>
<kw name="Fill Form" library="keywords">
<arg>${row}</arg>
<kw name="Wait Until Element Is Visible" library="RPA.Browser.Selenium">
<arg>id:firstname</arg>
<arg>timeout=5</arg>
<doc>Waits until the element ``locator`` is visible.</doc>
<status status="PASS" starttime="20241202 18:24:26.678" endtime="20241202 18:24:26.744"/>
</kw>
<kw name="Input Text" library="RPA.Browser.Selenium">
<arg>id:firstname</arg>
<arg>${row["First Name"]}</arg>
<doc>Types the given ``text`` into the text field identified by ``locator``.</doc>
<msg timestamp="20241202 18:24:26.745" level="INFO">Typing text 'Ninnette' into text field 'id:firstname'.</msg>
<status status="PASS" starttime="20241202 18:24:26.744" endtime="20241202 18:24:26.891"/>
</kw>
<kw name="Wait Until Element Is Visible" library="RPA.Browser.Selenium">
<arg>id:lastname</arg>
<arg>timeout=5</arg>
<doc>Waits until the element ``locator`` is visible.</doc>
<status status="PASS" starttime="20241202 18:24:26.891" endtime="20241202 18:24:26.933"/>
</kw>
<kw name="Input Text" library="RPA.Browser.Selenium">
<arg>id:lastname</arg>
<arg>${row["Last Name"]}</arg>
<doc>Types the given ``text`` into the text field identified by ``locator``.</doc>
<msg timestamp="20241202 18:24:26.934" level="INFO">Typing text 'Heinssen' into text field 'id:lastname'.</msg>
<status status="PASS" starttime="20241202 18:24:26.933" endtime="20241202 18:24:27.052"/>
</kw>
<kw name="Wait Until Element Is Visible" library="RPA.Browser.Selenium">
<arg>id:salestarget</arg>
<arg>timeout=5</arg>
<doc>Waits until the element ``locator`` is visible.</doc>
<status status="PASS" starttime="20241202 18:24:27.052" endtime="20241202 18:24:27.078"/>
</kw>
<kw name="Select From List By Value" library="RPA.Browser.Selenium">
<arg>id:salestarget</arg>
<arg>${row["Sales Target"]}</arg>
<doc>Selects options from selection list ``locator`` by ``values``.</doc>
<msg timestamp="20241202 18:24:27.080" level="INFO">Selecting options from selection list 'id:salestarget' by value 25000.</msg>
<status status="PASS" starttime="20241202 18:24:27.079" endtime="20241202 18:24:27.175"/>
</kw>
<kw name="Wait Until Element Is Visible" library="RPA.Browser.Selenium">
<arg>id:salesresult</arg>
<arg>timeout=5</arg>
<doc>Waits until the element ``locator`` is visible.</doc>
<status status="PASS" starttime="20241202 18:24:27.175" endtime="20241202 18:24:27.199"/>
</kw>
<kw name="Input Text" library="RPA.Browser.Selenium">
<arg>id:salesresult</arg>
<arg>${row["Sales"]}</arg>
<doc>Types the given ``text`` into the text field identified by ``locator``.</doc>
<msg timestamp="20241202 18:24:27.200" level="INFO">Typing text '63808' into text field 'id:salesresult'.</msg>
<status status="PASS" starttime="20241202 18:24:27.199" endtime="20241202 18:24:27.304"/>
</kw>
<kw name="Wait Until Element Is Visible" library="RPA.Browser.Selenium">
<arg>xpath=//button[text()='Submit']</arg>
<arg>timeout=5</arg>
<doc>Waits until the element ``locator`` is visible.</doc>
<status status="PASS" starttime="20241202 18:24:27.304" endtime="20241202 18:24:27.335"/>
</kw>
<kw name="Click Button" library="RPA.Browser.Selenium">
<arg>xpath=//button[text()='Submit']</arg>
<doc>Clicks the button identified by ``locator``.</doc>
<msg timestamp="20241202 18:24:27.336" level="INFO">Clicking button 'xpath=//button[text()='Submit']'.</msg>
<status status="PASS" starttime="20241202 18:24:27.335" endtime="20241202 18:24:27.572"/>
</kw>
<status status="PASS" starttime="20241202 18:24:26.678" endtime="20241202 18:24:27.572"/>
</kw>
<status status="PASS" starttime="20241202 18:24:26.678" endtime="20241202 18:24:27.572"/>
</iter>
<iter>
<var name="${row}">{'First Name': 'Ahmed', 'Last Name': 'Vasnetsov', 'Sales': 50211, 'Sales Target': 60000}</var>
<kw name="Fill Form" library="keywords">
<arg>${row}</arg>
<kw name="Wait Until Element Is Visible" library="RPA.Browser.Selenium">
<arg>id:firstname</arg>
<arg>timeout=5</arg>
<doc>Waits until the element ``locator`` is visible.</doc>
<status status="PASS" starttime="20241202 18:24:27.573" endtime="20241202 18:24:27.636"/>
</kw>
<kw name="Input Text" library="RPA.Browser.Selenium">
<arg>id:firstname</arg>
<arg>${row["First Name"]}</arg>
<doc>Types the given ``text`` into the text field identified by ``locator``.</doc>
<msg timestamp="20241202 18:24:27.637" level="INFO">Typing text 'Ahmed' into text field 'id:firstname'.</msg>
<status status="PASS" starttime="20241202 18:24:27.636" endtime="20241202 18:24:27.767"/>
</kw>
<kw name="Wait Until Element Is Visible" library="RPA.Browser.Selenium">
<arg>id:lastname</arg>
<arg>timeout=5</arg>
<doc>Waits until the element ``locator`` is visible.</doc>
<status status="PASS" starttime="20241202 18:24:27.767" endtime="20241202 18:24:27.796"/>
</kw>
<kw name="Input Text" library="RPA.Browser.Selenium">
<arg>id:lastname</arg>
<arg>${row["Last Name"]}</arg>
<doc>Types the given ``text`` into the text field identified by ``locator``.</doc>
<msg timestamp="20241202 18:24:27.797" level="INFO">Typing text 'Vasnetsov' into text field 'id:lastname'.</msg>
<status status="PASS" starttime="20241202 18:24:27.796" endtime="20241202 18:24:27.929"/>
</kw>
<kw name="Wait Until Element Is Visible" library="RPA.Browser.Selenium">
<arg>id:salestarget</arg>
<arg>timeout=5</arg>
<doc>Waits until the element ``locator`` is visible.</doc>
<status status="PASS" starttime="20241202 18:24:27.929" endtime="20241202 18:24:27.968"/>
</kw>
<kw name="Select From List By Value" library="RPA.Browser.Selenium">
<arg>id:salestarget</arg>
<arg>${row["Sales Target"]}</arg>
<doc>Selects options from selection list ``locator`` by ``values``.</doc>
<msg timestamp="20241202 18:24:27.969" level="INFO">Selecting options from selection list 'id:salestarget' by value 60000.</msg>
<status status="PASS" starttime="20241202 18:24:27.968" endtime="20241202 18:24:28.093"/>
</kw>
<kw name="Wait Until Element Is Visible" library="RPA.Browser.Selenium">
<arg>id:salesresult</arg>
<arg>timeout=5</arg>
<doc>Waits until the element ``locator`` is visible.</doc>
<status status="PASS" starttime="20241202 18:24:28.093" endtime="20241202 18:24:28.134"/>
</kw>
<kw name="Input Text" library="RPA.Browser.Selenium">
<arg>id:salesresult</arg>
<arg>${row["Sales"]}</arg>
<doc>Types the given ``text`` into the text field identified by ``locator``.</doc>
<msg timestamp="20241202 18:24:28.135" level="INFO">Typing text '50211' into text field 'id:salesresult'.</msg>
<status status="PASS" starttime="20241202 18:24:28.134" endtime="20241202 18:24:28.309"/>
</kw>
<kw name="Wait Until Element Is Visible" library="RPA.Browser.Selenium">
<arg>xpath=//button[text()='Submit']</arg>
<arg>timeout=5</arg>
<doc>Waits until the element ``locator`` is visible.</doc>
<status status="PASS" starttime="20241202 18:24:28.309" endtime="20241202 18:24:28.335"/>
</kw>
<kw name="Click Button" library="RPA.Browser.Selenium">
<arg>xpath=//button[text()='Submit']</arg>
<doc>Clicks the button identified by ``locator``.</doc>
<msg timestamp="20241202 18:24:28.336" level="INFO">Clicking button 'xpath=//button[text()='Submit']'.</msg>
<status status="PASS" starttime="20241202 18:24:28.335" endtime="20241202 18:24:28.557"/>
</kw>
<status status="PASS" starttime="20241202 18:24:27.572" endtime="20241202 18:24:28.557"/>
</kw>
<status status="PASS" starttime="20241202 18:24:27.572" endtime="20241202 18:24:28.557"/>
</iter>
<iter>
<var name="${row}">{'First Name': 'Pearline', 'Last Name': 'Fenton', 'Sales': 78556, 'Sales Target': 35000}</var>
<kw name="Fill Form" library="keywords">
<arg>${row}</arg>
<kw name="Wait Until Element Is Visible" library="RPA.Browser.Selenium">
<arg>id:firstname</arg>
<arg>timeout=5</arg>
<doc>Waits until the element ``locator`` is visible.</doc>
<status status="PASS" starttime="20241202 18:24:28.558" endtime="20241202 18:24:28.648"/>
</kw>
<kw name="Input Text" library="RPA.Browser.Selenium">
<arg>id:firstname</arg>
<arg>${row["First Name"]}</arg>
<doc>Types the given ``text`` into the text field identified by ``locator``.</doc>
<msg timestamp="20241202 18:24:28.650" level="INFO">Typing text 'Pearline' into text field 'id:firstname'.</msg>
<status status="PASS" starttime="20241202 18:24:28.648" endtime="20241202 18:24:28.796"/>
</kw>
<kw name="Wait Until Element Is Visible" library="RPA.Browser.Selenium">
<arg>id:lastname</arg>
<arg>timeout=5</arg>
<doc>Waits until the element ``locator`` is visible.</doc>
<status status="PASS" starttime="20241202 18:24:28.796" endtime="20241202 18:24:28.821"/>
</kw>
<kw name="Input Text" library="RPA.Browser.Selenium">
<arg>id:lastname</arg>
<arg>${row["Last Name"]}</arg>
<doc>Types the given ``text`` into the text field identified by ``locator``.</doc>
<msg timestamp="20241202 18:24:28.823" level="INFO">Typing text 'Fenton' into text field 'id:lastname'.</msg>
<status status="PASS" starttime="20241202 18:24:28.821" endtime="20241202 18:24:28.939"/>
</kw>
<kw name="Wait Until Element Is Visible" library="RPA.Browser.Selenium">
<arg>id:salestarget</arg>
<arg>timeout=5</arg>
<doc>Waits until the element ``locator`` is visible.</doc>
<status status="PASS" starttime="20241202 18:24:28.939" endtime="20241202 18:24:28.967"/>
</kw>
<kw name="Select From List By Value" library="RPA.Browser.Selenium">
<arg>id:salestarget</arg>
<arg>${row["Sales Target"]}</arg>
<doc>Selects options from selection list ``locator`` by ``values``.</doc>
<msg timestamp="20241202 18:24:28.968" level="INFO">Selecting options from selection list 'id:salestarget' by value 35000.</msg>
<status status="PASS" starttime="20241202 18:24:28.967" endtime="20241202 18:24:29.060"/>
</kw>
<kw name="Wait Until Element Is Visible" library="RPA.Browser.Selenium">
<arg>id:salesresult</arg>
<arg>timeout=5</arg>
<doc>Waits until the element ``locator`` is visible.</doc>
<status status="PASS" starttime="20241202 18:24:29.060" endtime="20241202 18:24:29.101"/>
</kw>
<kw name="Input Text" library="RPA.Browser.Selenium">
<arg>id:salesresult</arg>
<arg>${row["Sales"]}</arg>
<doc>Types the given ``text`` into the text field identified by ``locator``.</doc>
<msg timestamp="20241202 18:24:29.104" level="INFO">Typing text '78556' into text field 'id:salesresult'.</msg>
<status status="PASS" starttime="20241202 18:24:29.101" endtime="20241202 18:24:29.214"/>
</kw>
<kw name="Wait Until Element Is Visible" library="RPA.Browser.Selenium">
<arg>xpath=//button[text()='Submit']</arg>
<arg>timeout=5</arg>
<doc>Waits until the element ``locator`` is visible.</doc>
<status status="PASS" starttime="20241202 18:24:29.214" endtime="20241202 18:24:29.237"/>
</kw>
<kw name="Click Button" library="RPA.Browser.Selenium">
<arg>xpath=//button[text()='Submit']</arg>
<doc>Clicks the button identified by ``locator``.</doc>
<msg timestamp="20241202 18:24:29.237" level="INFO">Clicking button 'xpath=//button[text()='Submit']'.</msg>
<status status="PASS" starttime="20241202 18:24:29.237" endtime="20241202 18:24:29.476"/>
</kw>
<status status="PASS" starttime="20241202 18:24:28.557" endtime="20241202 18:24:29.476"/>
</kw>
<status status="PASS" starttime="20241202 18:24:28.557" endtime="20241202 18:24:29.476"/>
</iter>
<iter>
<var name="${row}">{'First Name': 'Lelah', 'Last Name': 'Yewdale', 'Sales': 122695, 'Sales Target': 100000}</var>
<kw name="Fill Form" library="keywords">
<arg>${row}</arg>
<kw name="Wait Until Element Is Visible" library="RPA.Browser.Selenium">
<arg>id:firstname</arg>
<arg>timeout=5</arg>
<doc>Waits until the element ``locator`` is visible.</doc>
<status status="PASS" starttime="20241202 18:24:29.477" endtime="20241202 18:24:29.555"/>
</kw>
<kw name="Input Text" library="RPA.Browser.Selenium">
<arg>id:firstname</arg>
<arg>${row["First Name"]}</arg>
<doc>Types the given ``text`` into the text field identified by ``locator``.</doc>
<msg timestamp="20241202 18:24:29.556" level="INFO">Typing text 'Lelah' into text field 'id:firstname'.</msg>
<status status="PASS" starttime="20241202 18:24:29.555" endtime="20241202 18:24:29.690"/>
</kw>
<kw name="Wait Until Element Is Visible" library="RPA.Browser.Selenium">
<arg>id:lastname</arg>
<arg>timeout=5</arg>
<doc>Waits until the element ``locator`` is visible.</doc>
<status status="PASS" starttime="20241202 18:24:29.693" endtime="20241202 18:24:29.728"/>
</kw>
<kw name="Input Text" library="RPA.Browser.Selenium">
<arg>id:lastname</arg>
<arg>${row["Last Name"]}</arg>
<doc>Types the given ``text`` into the text field identified by ``locator``.</doc>
<msg timestamp="20241202 18:24:29.729" level="INFO">Typing text 'Yewdale' into text field 'id:lastname'.</msg>
<status status="PASS" starttime="20241202 18:24:29.729" endtime="20241202 18:24:29.825"/>
</kw>
<kw name="Wait Until Element Is Visible" library="RPA.Browser.Selenium">
<arg>id:salestarget</arg>
<arg>timeout=5</arg>
<doc>Waits until the element ``locator`` is visible.</doc>
<status status="PASS" starttime="20241202 18:24:29.825" endtime="20241202 18:24:29.847"/>
</kw>
<kw name="Select From List By Value" library="RPA.Browser.Selenium">
<arg>id:salestarget</arg>
<arg>${row["Sales Target"]}</arg>
<doc>Selects options from selection list ``locator`` by ``values``.</doc>
<msg timestamp="20241202 18:24:29.849" level="INFO">Selecting options from selection list 'id:salestarget' by value 100000.</msg>
<status status="PASS" starttime="20241202 18:24:29.847" endtime="20241202 18:24:29.963"/>
</kw>
<kw name="Wait Until Element Is Visible" library="RPA.Browser.Selenium">
<arg>id:salesresult</arg>
<arg>timeout=5</arg>
<doc>Waits until the element ``locator`` is visible.</doc>
<status status="PASS" starttime="20241202 18:24:29.964" endtime="20241202 18:24:29.986"/>
</kw>
<kw name="Input Text" library="RPA.Browser.Selenium">
<arg>id:salesresult</arg>
<arg>${row["Sales"]}</arg>
<doc>Types the given ``text`` into the text field identified by ``locator``.</doc>
<msg timestamp="20241202 18:24:29.987" level="INFO">Typing text '122695' into text field 'id:salesresult'.</msg>
<status status="PASS" starttime="20241202 18:24:29.986" endtime="20241202 18:24:30.099"/>
</kw>
<kw name="Wait Until Element Is Visible" library="RPA.Browser.Selenium">
<arg>xpath=//button[text()='Submit']</arg>
<arg>timeout=5</arg>
<doc>Waits until the element ``locator`` is visible.</doc>
<status status="PASS" starttime="20241202 18:24:30.099" endtime="20241202 18:24:30.132"/>
</kw>
<kw name="Click Button" library="RPA.Browser.Selenium">
<arg>xpath=//button[text()='Submit']</arg>
<doc>Clicks the button identified by ``locator``.</doc>
<msg timestamp="20241202 18:24:30.132" level="INFO">Clicking button 'xpath=//button[text()='Submit']'.</msg>
<status status="PASS" starttime="20241202 18:24:30.132" endtime="20241202 18:24:30.408"/>
</kw>
<status status="PASS" starttime="20241202 18:24:29.476" endtime="20241202 18:24:30.408"/>
</kw>
<status status="PASS" starttime="20241202 18:24:29.476" endtime="20241202 18:24:30.408"/>
</iter>
<iter>
<var name="${row}">{'First Name': 'Belinda', 'Last Name': 'Blumenthal', 'Sales': 115410, 'Sales Target': 70000}</var>
<kw name="Fill Form" library="keywords">
<arg>${row}</arg>
<kw name="Wait Until Element Is Visible" library="RPA.Browser.Selenium">
<arg>id:firstname</arg>
<arg>timeout=5</arg>
<doc>Waits until the element ``locator`` is visible.</doc>
<status status="PASS" starttime="20241202 18:24:30.409" endtime="20241202 18:24:30.442"/>
</kw>
<kw name="Input Text" library="RPA.Browser.Selenium">
<arg>id:firstname</arg>
<arg>${row["First Name"]}</arg>
<doc>Types the given ``text`` into the text field identified by ``locator``.</doc>
<msg timestamp="20241202 18:24:30.443" level="INFO">Typing text 'Belinda' into text field 'id:firstname'.</msg>
<status status="PASS" starttime="20241202 18:24:30.442" endtime="20241202 18:24:30.582"/>
</kw>
<kw name="Wait Until Element Is Visible" library="RPA.Browser.Selenium">
<arg>id:lastname</arg>
<arg>timeout=5</arg>
<doc>Waits until the element ``locator`` is visible.</doc>
<status status="PASS" starttime="20241202 18:24:30.582" endtime="20241202 18:24:30.619"/>
</kw>
<kw name="Input Text" library="RPA.Browser.Selenium">
<arg>id:lastname</arg>
<arg>${row["Last Name"]}</arg>
<doc>Types the given ``text`` into the text field identified by ``locator``.</doc>
<msg timestamp="20241202 18:24:30.620" level="INFO">Typing text 'Blumenthal' into text field 'id:lastname'.</msg>
<status status="PASS" starttime="20241202 18:24:30.619" endtime="20241202 18:24:30.751"/>
</kw>
<kw name="Wait Until Element Is Visible" library="RPA.Browser.Selenium">
<arg>id:salestarget</arg>
<arg>timeout=5</arg>
<doc>Waits until the element ``locator`` is visible.</doc>
<status status="PASS" starttime="20241202 18:24:30.751" endtime="20241202 18:24:30.774"/>
</kw>
<kw name="Select From List By Value" library="RPA.Browser.Selenium">
<arg>id:salestarget</arg>
<arg>${row["Sales Target"]}</arg>
<doc>Selects options from selection list ``locator`` by ``values``.</doc>
<msg timestamp="20241202 18:24:30.775" level="INFO">Selecting options from selection list 'id:salestarget' by value 70000.</msg>
<status status="PASS" starttime="20241202 18:24:30.774" endtime="20241202 18:24:30.864"/>
</kw>
<kw name="Wait Until Element Is Visible" library="RPA.Browser.Selenium">
<arg>id:salesresult</arg>
<arg>timeout=5</arg>
<doc>Waits until the element ``locator`` is visible.</doc>
<status status="PASS" starttime="20241202 18:24:30.864" endtime="20241202 18:24:30.890"/>
</kw>
<kw name="Input Text" library="RPA.Browser.Selenium">
<arg>id:salesresult</arg>
<arg>${row["Sales"]}</arg>
<doc>Types the given ``text`` into the text field identified by ``locator``.</doc>
<msg timestamp="20241202 18:24:30.894" level="INFO">Typing text '115410' into text field 'id:salesresult'.</msg>
<status status="PASS" starttime="20241202 18:24:30.890" endtime="20241202 18:24:31.010"/>
</kw>
<kw name="Wait Until Element Is Visible" library="RPA.Browser.Selenium">
<arg>xpath=//button[text()='Submit']</arg>
<arg>timeout=5</arg>
<doc>Waits until the element ``locator`` is visible.</doc>
<status status="PASS" starttime="20241202 18:24:31.010" endtime="20241202 18:24:31.040"/>
</kw>
<kw name="Click Button" library="RPA.Browser.Selenium">
<arg>xpath=//button[text()='Submit']</arg>
<doc>Clicks the button identified by ``locator``.</doc>
<msg timestamp="20241202 18:24:31.041" level="INFO">Clicking button 'xpath=//button[text()='Submit']'.</msg>
<status status="PASS" starttime="20241202 18:24:31.040" endtime="20241202 18:24:31.279"/>
</kw>
<status status="PASS" starttime="20241202 18:24:30.409" endtime="20241202 18:24:31.279"/>
</kw>
<status status="PASS" starttime="20241202 18:24:30.409" endtime="20241202 18:24:31.279"/>
</iter>
<iter>
<var name="${row}">{'First Name': 'Antoni', 'Last Name': 'Degoe', 'Sales': 106991, 'Sales Target': 75000}</var>
<kw name="Fill Form" library="keywords">
<arg>${row}</arg>
<kw name="Wait Until Element Is Visible" library="RPA.Browser.Selenium">
<arg>id:firstname</arg>
<arg>timeout=5</arg>
<doc>Waits until the element ``locator`` is visible.</doc>
<status status="PASS" starttime="20241202 18:24:31.280" endtime="20241202 18:24:31.384"/>
</kw>
<kw name="Input Text" library="RPA.Browser.Selenium">
<arg>id:firstname</arg>
<arg>${row["First Name"]}</arg>
<doc>Types the given ``text`` into the text field identified by ``locator``.</doc>
<msg timestamp="20241202 18:24:31.385" level="INFO">Typing text 'Antoni' into text field 'id:firstname'.</msg>
<status status="PASS" starttime="20241202 18:24:31.384" endtime="20241202 18:24:31.550"/>
</kw>
<kw name="Wait Until Element Is Visible" library="RPA.Browser.Selenium">
<arg>id:lastname</arg>
<arg>timeout=5</arg>
<doc>Waits until the element ``locator`` is visible.</doc>
<status status="PASS" starttime="20241202 18:24:31.551" endtime="20241202 18:24:31.577"/>
</kw>
<kw name="Input Text" library="RPA.Browser.Selenium">
<arg>id:lastname</arg>
<arg>${row["Last Name"]}</arg>
<doc>Types the given ``text`` into the text field identified by ``locator``.</doc>
<msg timestamp="20241202 18:24:31.578" level="INFO">Typing text 'Degoe' into text field 'id:lastname'.</msg>
<status status="PASS" starttime="20241202 18:24:31.577" endtime="20241202 18:24:31.699"/>
</kw>
<kw name="Wait Until Element Is Visible" library="RPA.Browser.Selenium">
<arg>id:salestarget</arg>
<arg>timeout=5</arg>
<doc>Waits until the element ``locator`` is visible.</doc>
<status status="PASS" starttime="20241202 18:24:31.699" endtime="20241202 18:24:31.723"/>
</kw>
<kw name="Select From List By Value" library="RPA.Browser.Selenium">
<arg>id:salestarget</arg>
<arg>${row["Sales Target"]}</arg>
<doc>Selects options from selection list ``locator`` by ``values``.</doc>
<msg timestamp="20241202 18:24:31.724" level="INFO">Selecting options from selection list 'id:salestarget' by value 75000.</msg>
<status status="PASS" starttime="20241202 18:24:31.723" endtime="20241202 18:24:31.813"/>
</kw>
<kw name="Wait Until Element Is Visible" library="RPA.Browser.Selenium">
<arg>id:salesresult</arg>
<arg>timeout=5</arg>
<doc>Waits until the element ``locator`` is visible.</doc>
<status status="PASS" starttime="20241202 18:24:31.813" endtime="20241202 18:24:31.841"/>
</kw>
<kw name="Input Text" library="RPA.Browser.Selenium">
<arg>id:salesresult</arg>
<arg>${row["Sales"]}</arg>
<doc>Types the given ``text`` into the text field identified by ``locator``.</doc>
<msg timestamp="20241202 18:24:31.843" level="INFO">Typing text '106991' into text field 'id:salesresult'.</msg>
<status status="PASS" starttime="20241202 18:24:31.842" endtime="20241202 18:24:31.963"/>
</kw>
<kw name="Wait Until Element Is Visible" library="RPA.Browser.Selenium">
<arg>xpath=//button[text()='Submit']</arg>
<arg>timeout=5</arg>
<doc>Waits until the element ``locator`` is visible.</doc>
<status status="PASS" starttime="20241202 18:24:31.963" endtime="20241202 18:24:31.990"/>
</kw>
<kw name="Click Button" library="RPA.Browser.Selenium">
<arg>xpath=//button[text()='Submit']</arg>
<doc>Clicks the button identified by ``locator``.</doc>
<msg timestamp="20241202 18:24:31.991" level="INFO">Clicking button 'xpath=//button[text()='Submit']'.</msg>
<status status="PASS" starttime="20241202 18:24:31.991" endtime="20241202 18:24:32.218"/>
</kw>
<status status="PASS" starttime="20241202 18:24:31.279" endtime="20241202 18:24:32.218"/>
</kw>
<status status="PASS" starttime="20241202 18:24:31.279" endtime="20241202 18:24:32.218"/>
</iter>
<iter>
<var name="${row}">{'First Name': 'Donnamarie', 'Last Name': 'Watts', 'Sales': 25924, 'Sales Target': 85000}</var>
<kw name="Fill Form" library="keywords">
<arg>${row}</arg>
<kw name="Wait Until Element Is Visible" library="RPA.Browser.Selenium">
<arg>id:firstname</arg>
<arg>timeout=5</arg>
<doc>Waits until the element ``locator`` is visible.</doc>
<status status="PASS" starttime="20241202 18:24:32.223" endtime="20241202 18:24:32.304"/>
</kw>
<kw name="Input Text" library="RPA.Browser.Selenium">
<arg>id:firstname</arg>
<arg>${row["First Name"]}</arg>
<doc>Types the given ``text`` into the text field identified by ``locator``.</doc>
<msg timestamp="20241202 18:24:32.305" level="INFO">Typing text 'Donnamarie' into text field 'id:firstname'.</msg>
<status status="PASS" starttime="20241202 18:24:32.304" endtime="20241202 18:24:32.425"/>
</kw>
<kw name="Wait Until Element Is Visible" library="RPA.Browser.Selenium">
<arg>id:lastname</arg>
<arg>timeout=5</arg>
<doc>Waits until the element ``locator`` is visible.</doc>
<status status="PASS" starttime="20241202 18:24:32.425" endtime="20241202 18:24:32.453"/>
</kw>
<kw name="Input Text" library="RPA.Browser.Selenium">
<arg>id:lastname</arg>
<arg>${row["Last Name"]}</arg>
<doc>Types the given ``text`` into the text field identified by ``locator``.</doc>
<msg timestamp="20241202 18:24:32.454" level="INFO">Typing text 'Watts' into text field 'id:lastname'.</msg>
<status status="PASS" starttime="20241202 18:24:32.453" endtime="20241202 18:24:32.570"/>
</kw>
<kw name="Wait Until Element Is Visible" library="RPA.Browser.Selenium">
<arg>id:salestarget</arg>
<arg>timeout=5</arg>
<doc>Waits until the element ``locator`` is visible.</doc>
<status status="PASS" starttime="20241202 18:24:32.571" endtime="20241202 18:24:32.599"/>
</kw>
<kw name="Select From List By Value" library="RPA.Browser.Selenium">
<arg>id:salestarget</arg>
<arg>${row["Sales Target"]}</arg>
<doc>Selects options from selection list ``locator`` by ``values``.</doc>
<msg timestamp="20241202 18:24:32.600" level="INFO">Selecting options from selection list 'id:salestarget' by value 85000.</msg>
<status status="PASS" starttime="20241202 18:24:32.599" endtime="20241202 18:24:32.742"/>
</kw>
<kw name="Wait Until Element Is Visible" library="RPA.Browser.Selenium">
<arg>id:salesresult</arg>
<arg>timeout=5</arg>
<doc>Waits until the element ``locator`` is visible.</doc>
<status status="PASS" starttime="20241202 18:24:32.742" endtime="20241202 18:24:32.783"/>
</kw>
<kw name="Input Text" library="RPA.Browser.Selenium">
<arg>id:salesresult</arg>
<arg>${row["Sales"]}</arg>
<doc>Types the given ``text`` into the text field identified by ``locator``.</doc>
<msg timestamp="20241202 18:24:32.784" level="INFO">Typing text '25924' into text field 'id:salesresult'.</msg>
<status status="PASS" starttime="20241202 18:24:32.783" endtime="20241202 18:24:32.978"/>
</kw>
<kw name="Wait Until Element Is Visible" library="RPA.Browser.Selenium">
<arg>xpath=//button[text()='Submit']</arg>
<arg>timeout=5</arg>
<doc>Waits until the element ``locator`` is visible.</doc>
<status status="PASS" starttime="20241202 18:24:32.978" endtime="20241202 18:24:33.008"/>
</kw>
<kw name="Click Button" library="RPA.Browser.Selenium">
<arg>xpath=//button[text()='Submit']</arg>
<doc>Clicks the button identified by ``locator``.</doc>
<msg timestamp="20241202 18:24:33.009" level="INFO">Clicking button 'xpath=//button[text()='Submit']'.</msg>
<status status="PASS" starttime="20241202 18:24:33.008" endtime="20241202 18:24:33.236"/>
</kw>
<status status="PASS" starttime="20241202 18:24:32.220" endtime="20241202 18:24:33.237"/>
</kw>
<status status="PASS" starttime="20241202 18:24:32.218" endtime="20241202 18:24:33.237"/>
</iter>
<iter>
<var name="${row}">{'First Name': 'Anabella', 'Last Name': 'Blindermann', 'Sales': 43564, 'Sales Target': 85000}</var>
<kw name="Fill Form" library="keywords">
<arg>${row}</arg>
<kw name="Wait Until Element Is Visible" library="RPA.Browser.Selenium">
<arg>id:firstname</arg>
<arg>timeout=5</arg>
<doc>Waits until the element ``locator`` is visible.</doc>
<status status="PASS" starttime="20241202 18:24:33.237" endtime="20241202 18:24:33.340"/>
</kw>
<kw name="Input Text" library="RPA.Browser.Selenium">
<arg>id:firstname</arg>
<arg>${row["First Name"]}</arg>
<doc>Types the given ``text`` into the text field identified by ``locator``.</doc>
<msg timestamp="20241202 18:24:33.341" level="INFO">Typing text 'Anabella' into text field 'id:firstname'.</msg>
<status status="PASS" starttime="20241202 18:24:33.340" endtime="20241202 18:24:33.481"/>
</kw>
<kw name="Wait Until Element Is Visible" library="RPA.Browser.Selenium">
<arg>id:lastname</arg>
<arg>timeout=5</arg>
<doc>Waits until the element ``locator`` is visible.</doc>
<status status="PASS" starttime="20241202 18:24:33.482" endtime="20241202 18:24:33.513"/>
</kw>
<kw name="Input Text" library="RPA.Browser.Selenium">
<arg>id:lastname</arg>
<arg>${row["Last Name"]}</arg>
<doc>Types the given ``text`` into the text field identified by ``locator``.</doc>
<msg timestamp="20241202 18:24:33.515" level="INFO">Typing text 'Blindermann' into text field 'id:lastname'.</msg>
<status status="PASS" starttime="20241202 18:24:33.514" endtime="20241202 18:24:33.650"/>
</kw>
<kw name="Wait Until Element Is Visible" library="RPA.Browser.Selenium">
<arg>id:salestarget</arg>
<arg>timeout=5</arg>
<doc>Waits until the element ``locator`` is visible.</doc>
<status status="PASS" starttime="20241202 18:24:33.650" endtime="20241202 18:24:33.678"/>
</kw>
<kw name="Select From List By Value" library="RPA.Browser.Selenium">
<arg>id:salestarget</arg>
<arg>${row["Sales Target"]}</arg>
<doc>Selects options from selection list ``locator`` by ``values``.</doc>
<msg timestamp="20241202 18:24:33.679" level="INFO">Selecting options from selection list 'id:salestarget' by value 85000.</msg>
<status status="PASS" starttime="20241202 18:24:33.678" endtime="20241202 18:24:33.765"/>
</kw>
<kw name="Wait Until Element Is Visible" library="RPA.Browser.Selenium">
<arg>id:salesresult</arg>
<arg>timeout=5</arg>
<doc>Waits until the element ``locator`` is visible.</doc>
<status status="PASS" starttime="20241202 18:24:33.765" endtime="20241202 18:24:33.794"/>
</kw>
<kw name="Input Text" library="RPA.Browser.Selenium">
<arg>id:salesresult</arg>
<arg>${row["Sales"]}</arg>
<doc>Types the given ``text`` into the text field identified by ``locator``.</doc>
<msg timestamp="20241202 18:24:33.795" level="INFO">Typing text '43564' into text field 'id:salesresult'.</msg>
<status status="PASS" starttime="20241202 18:24:33.794" endtime="20241202 18:24:33.913"/>
</kw>
<kw name="Wait Until Element Is Visible" library="RPA.Browser.Selenium">
<arg>xpath=//button[text()='Submit']</arg>
<arg>timeout=5</arg>
<doc>Waits until the element ``locator`` is visible.</doc>
<status status="PASS" starttime="20241202 18:24:33.913" endtime="20241202 18:24:33.939"/>
</kw>
<kw name="Click Button" library="RPA.Browser.Selenium">
<arg>xpath=//button[text()='Submit']</arg>
<doc>Clicks the button identified by ``locator``.</doc>
<msg timestamp="20241202 18:24:33.940" level="INFO">Clicking button 'xpath=//button[text()='Submit']'.</msg>
<status status="PASS" starttime="20241202 18:24:33.939" endtime="20241202 18:24:34.158"/>
</kw>
<status status="PASS" starttime="20241202 18:24:33.237" endtime="20241202 18:24:34.158"/>
</kw>
<status status="PASS" starttime="20241202 18:24:33.237" endtime="20241202 18:24:34.158"/>
</iter>
<iter>
<var name="${row}">{'First Name': 'Fred', 'Last Name': 'Mengoni', 'Sales': 131725, 'Sales Target': 5000}</var>
<kw name="Fill Form" library="keywords">
<arg>${row}</arg>
<kw name="Wait Until Element Is Visible" library="RPA.Browser.Selenium">
<arg>id:firstname</arg>
<arg>timeout=5</arg>
<doc>Waits until the element ``locator`` is visible.</doc>
<status status="PASS" starttime="20241202 18:24:34.160" endtime="20241202 18:24:34.224"/>
</kw>
<kw name="Input Text" library="RPA.Browser.Selenium">
<arg>id:firstname</arg>
<arg>${row["First Name"]}</arg>
<doc>Types the given ``text`` into the text field identified by ``locator``.</doc>
<msg timestamp="20241202 18:24:34.226" level="INFO">Typing text 'Fred' into text field 'id:firstname'.</msg>
<status status="PASS" starttime="20241202 18:24:34.225" endtime="20241202 18:24:34.359"/>
</kw>
<kw name="Wait Until Element Is Visible" library="RPA.Browser.Selenium">
<arg>id:lastname</arg>
<arg>timeout=5</arg>
<doc>Waits until the element ``locator`` is visible.</doc>
<status status="PASS" starttime="20241202 18:24:34.359" endtime="20241202 18:24:34.387"/>
</kw>
<kw name="Input Text" library="RPA.Browser.Selenium">
<arg>id:lastname</arg>
<arg>${row["Last Name"]}</arg>
<doc>Types the given ``text`` into the text field identified by ``locator``.</doc>
<msg timestamp="20241202 18:24:34.388" level="INFO">Typing text 'Mengoni' into text field 'id:lastname'.</msg>
<status status="PASS" starttime="20241202 18:24:34.387" endtime="20241202 18:24:34.511"/>
</kw>
<kw name="Wait Until Element Is Visible" library="RPA.Browser.Selenium">
<arg>id:salestarget</arg>
<arg>timeout=5</arg>
<doc>Waits until the element ``locator`` is visible.</doc>
<status status="PASS" starttime="20241202 18:24:34.511" endtime="20241202 18:24:34.536"/>
</kw>
<kw name="Select From List By Value" library="RPA.Browser.Selenium">
<arg>id:salestarget</arg>
<arg>${row["Sales Target"]}</arg>
<doc>Selects options from selection list ``locator`` by ``values``.</doc>
<msg timestamp="20241202 18:24:34.537" level="INFO">Selecting options from selection list 'id:salestarget' by value 5000.</msg>
<status status="PASS" starttime="20241202 18:24:34.536" endtime="20241202 18:24:34.595"/>
</kw>
<kw name="Wait Until Element Is Visible" library="RPA.Browser.Selenium">
<arg>id:salesresult</arg>
<arg>timeout=5</arg>
<doc>Waits until the element ``locator`` is visible.</doc>
<status status="PASS" starttime="20241202 18:24:34.595" endtime="20241202 18:24:34.620"/>
</kw>
<kw name="Input Text" library="RPA.Browser.Selenium">
<arg>id:salesresult</arg>
<arg>${row["Sales"]}</arg>
<doc>Types the given ``text`` into the text field identified by ``locator``.</doc>
<msg timestamp="20241202 18:24:34.622" level="INFO">Typing text '131725' into text field 'id:salesresult'.</msg>
<status status="PASS" starttime="20241202 18:24:34.621" endtime="20241202 18:24:34.734"/>
</kw>
<kw name="Wait Until Element Is Visible" library="RPA.Browser.Selenium">
<arg>xpath=//button[text()='Submit']</arg>
<arg>timeout=5</arg>
<doc>Waits until the element ``locator`` is visible.</doc>
<status status="PASS" starttime="20241202 18:24:34.734" endtime="20241202 18:24:34.762"/>
</kw>
<kw name="Click Button" library="RPA.Browser.Selenium">
<arg>xpath=//button[text()='Submit']</arg>
<doc>Clicks the button identified by ``locator``.</doc>
<msg timestamp="20241202 18:24:34.763" level="INFO">Clicking button 'xpath=//button[text()='Submit']'.</msg>
<status status="PASS" starttime="20241202 18:24:34.762" endtime="20241202 18:24:34.997"/>
</kw>
<status status="PASS" starttime="20241202 18:24:34.159" endtime="20241202 18:24:34.997"/>
</kw>
<status status="PASS" starttime="20241202 18:24:34.159" endtime="20241202 18:24:34.997"/>
</iter>
<iter>
<var name="${row}">{'First Name': 'Nathanil', 'Last Name': 'Bragg', 'Sales': 100336, 'Sales Target': 35000}</var>
<kw name="Fill Form" library="keywords">
<arg>${row}</arg>
<kw name="Wait Until Element Is Visible" library="RPA.Browser.Selenium">
<arg>id:firstname</arg>
<arg>timeout=5</arg>
<doc>Waits until the element ``locator`` is visible.</doc>
<status status="PASS" starttime="20241202 18:24:34.998" endtime="20241202 18:24:35.078"/>
</kw>
<kw name="Input Text" library="RPA.Browser.Selenium">
<arg>id:firstname</arg>
<arg>${row["First Name"]}</arg>
<doc>Types the given ``text`` into the text field identified by ``locator``.</doc>
<msg timestamp="20241202 18:24:35.079" level="INFO">Typing text 'Nathanil' into text field 'id:firstname'.</msg>
<status status="PASS" starttime="20241202 18:24:35.078" endtime="20241202 18:24:35.210"/>
</kw>
<kw name="Wait Until Element Is Visible" library="RPA.Browser.Selenium">
<arg>id:lastname</arg>
<arg>timeout=5</arg>
<doc>Waits until the element ``locator`` is visible.</doc>
<status status="PASS" starttime="20241202 18:24:35.211" endtime="20241202 18:24:35.238"/>
</kw>
<kw name="Input Text" library="RPA.Browser.Selenium">
<arg>id:lastname</arg>
<arg>${row["Last Name"]}</arg>
<doc>Types the given ``text`` into the text field identified by ``locator``.</doc>
<msg timestamp="20241202 18:24:35.239" level="INFO">Typing text 'Bragg' into text field 'id:lastname'.</msg>
<status status="PASS" starttime="20241202 18:24:35.238" endtime="20241202 18:24:35.362"/>
</kw>
<kw name="Wait Until Element Is Visible" library="RPA.Browser.Selenium">
<arg>id:salestarget</arg>
<arg>timeout=5</arg>
<doc>Waits until the element ``locator`` is visible.</doc>
<status status="PASS" starttime="20241202 18:24:35.362" endtime="20241202 18:24:35.388"/>
</kw>
<kw name="Select From List By Value" library="RPA.Browser.Selenium">
<arg>id:salestarget</arg>
<arg>${row["Sales Target"]}</arg>
<doc>Selects options from selection list ``locator`` by ``values``.</doc>
<msg timestamp="20241202 18:24:35.389" level="INFO">Selecting options from selection list 'id:salestarget' by value 35000.</msg>
<status status="PASS" starttime="20241202 18:24:35.388" endtime="20241202 18:24:35.479"/>
</kw>
<kw name="Wait Until Element Is Visible" library="RPA.Browser.Selenium">
<arg>id:salesresult</arg>
<arg>timeout=5</arg>
<doc>Waits until the element ``locator`` is visible.</doc>
<status status="PASS" starttime="20241202 18:24:35.479" endtime="20241202 18:24:35.508"/>
</kw>
<kw name="Input Text" library="RPA.Browser.Selenium">
<arg>id:salesresult</arg>
<arg>${row["Sales"]}</arg>
<doc>Types the given ``text`` into the text field identified by ``locator``.</doc>
<msg timestamp="20241202 18:24:35.509" level="INFO">Typing text '100336' into text field 'id:salesresult'.</msg>
<status status="PASS" starttime="20241202 18:24:35.508" endtime="20241202 18:24:35.622"/>
</kw>
<kw name="Wait Until Element Is Visible" library="RPA.Browser.Selenium">
<arg>xpath=//button[text()='Submit']</arg>
<arg>timeout=5</arg>
<doc>Waits until the element ``locator`` is visible.</doc>
<status status="PASS" starttime="20241202 18:24:35.622" endtime="20241202 18:24:35.647"/>
</kw>
<kw name="Click Button" library="RPA.Browser.Selenium">
<arg>xpath=//button[text()='Submit']</arg>
<doc>Clicks the button identified by ``locator``.</doc>
<msg timestamp="20241202 18:24:35.648" level="INFO">Clicking button 'xpath=//button[text()='Submit']'.</msg>
<status status="PASS" starttime="20241202 18:24:35.648" endtime="20241202 18:24:35.913"/>
</kw>
<status status="PASS" starttime="20241202 18:24:34.998" endtime="20241202 18:24:35.913"/>
</kw>
<status status="PASS" starttime="20241202 18:24:34.997" endtime="20241202 18:24:35.913"/>
</iter>
<iter>
<var name="${row}">{'First Name': 'Casar', 'Last Name': 'Kubek', 'Sales': 143750, 'Sales Target': 100000}</var>
<kw name="Fill Form" library="keywords">
<arg>${row}</arg>
<kw name="Wait Until Element Is Visible" library="RPA.Browser.Selenium">
<arg>id:firstname</arg>
<arg>timeout=5</arg>
<doc>Waits until the element ``locator`` is visible.</doc>
<status status="PASS" starttime="20241202 18:24:35.915" endtime="20241202 18:24:35.941"/>
</kw>
<kw name="Input Text" library="RPA.Browser.Selenium">
<arg>id:firstname</arg>
<arg>${row["First Name"]}</arg>
<doc>Types the given ``text`` into the text field identified by ``locator``.</doc>
<msg timestamp="20241202 18:24:35.944" level="INFO">Typing text 'Casar' into text field 'id:firstname'.</msg>
<status status="PASS" starttime="20241202 18:24:35.941" endtime="20241202 18:24:36.067"/>
</kw>
<kw name="Wait Until Element Is Visible" library="RPA.Browser.Selenium">
<arg>id:lastname</arg>
<arg>timeout=5</arg>
<doc>Waits until the element ``locator`` is visible.</doc>
<status status="PASS" starttime="20241202 18:24:36.067" endtime="20241202 18:24:36.091"/>
</kw>
<kw name="Input Text" library="RPA.Browser.Selenium">
<arg>id:lastname</arg>
<arg>${row["Last Name"]}</arg>
<doc>Types the given ``text`` into the text field identified by ``locator``.</doc>
<msg timestamp="20241202 18:24:36.092" level="INFO">Typing text 'Kubek' into text field 'id:lastname'.</msg>
<status status="PASS" starttime="20241202 18:24:36.091" endtime="20241202 18:24:36.198"/>
</kw>
<kw name="Wait Until Element Is Visible" library="RPA.Browser.Selenium">
<arg>id:salestarget</arg>
<arg>timeout=5</arg>
<doc>Waits until the element ``locator`` is visible.</doc>
<status status="PASS" starttime="20241202 18:24:36.199" endtime="20241202 18:24:36.230"/>
</kw>
<kw name="Select From List By Value" library="RPA.Browser.Selenium">
<arg>id:salestarget</arg>
<arg>${row["Sales Target"]}</arg>
<doc>Selects options from selection list ``locator`` by ``values``.</doc>
<msg timestamp="20241202 18:24:36.232" level="INFO">Selecting options from selection list 'id:salestarget' by value 100000.</msg>
<status status="PASS" starttime="20241202 18:24:36.230" endtime="20241202 18:24:36.321"/>
</kw>
<kw name="Wait Until Element Is Visible" library="RPA.Browser.Selenium">
<arg>id:salesresult</arg>
<arg>timeout=5</arg>
<doc>Waits until the element ``locator`` is visible.</doc>
<status status="PASS" starttime="20241202 18:24:36.322" endtime="20241202 18:24:36.348"/>
</kw>
<kw name="Input Text" library="RPA.Browser.Selenium">
<arg>id:salesresult</arg>
<arg>${row["Sales"]}</arg>
<doc>Types the given ``text`` into the text field identified by ``locator``.</doc>
<msg timestamp="20241202 18:24:36.349" level="INFO">Typing text '143750' into text field 'id:salesresult'.</msg>
<status status="PASS" starttime="20241202 18:24:36.348" endtime="20241202 18:24:36.466"/>
</kw>
<kw name="Wait Until Element Is Visible" library="RPA.Browser.Selenium">
<arg>xpath=//button[text()='Submit']</arg>
<arg>timeout=5</arg>
<doc>Waits until the element ``locator`` is visible.</doc>
<status status="PASS" starttime="20241202 18:24:36.466" endtime="20241202 18:24:36.494"/>
</kw>
<kw name="Click Button" library="RPA.Browser.Selenium">
<arg>xpath=//button[text()='Submit']</arg>
<doc>Clicks the button identified by ``locator``.</doc>
<msg timestamp="20241202 18:24:36.495" level="INFO">Clicking button 'xpath=//button[text()='Submit']'.</msg>
<status status="PASS" starttime="20241202 18:24:36.494" endtime="20241202 18:24:36.750"/>
</kw>
<status status="PASS" starttime="20241202 18:24:35.914" endtime="20241202 18:24:36.750"/>
</kw>
<status status="PASS" starttime="20241202 18:24:35.913" endtime="20241202 18:24:36.751"/>
</iter>
<iter>
<var name="${row}">{'First Name': 'Myrtle', 'Last Name': 'Puddle', 'Sales': 22729, 'Sales Target': 10000}</var>
<kw name="Fill Form" library="keywords">
<arg>${row}</arg>
<kw name="Wait Until Element Is Visible" library="RPA.Browser.Selenium">
<arg>id:firstname</arg>
<arg>timeout=5</arg>
<doc>Waits until the element ``locator`` is visible.</doc>
<status status="PASS" starttime="20241202 18:24:36.751" endtime="20241202 18:24:36.785"/>
</kw>
<kw name="Input Text" library="RPA.Browser.Selenium">
<arg>id:firstname</arg>
<arg>${row["First Name"]}</arg>
<doc>Types the given ``text`` into the text field identified by ``locator``.</doc>
<msg timestamp="20241202 18:24:36.786" level="INFO">Typing text 'Myrtle' into text field 'id:firstname'.</msg>
<status status="PASS" starttime="20241202 18:24:36.785" endtime="20241202 18:24:36.915"/>
</kw>
<kw name="Wait Until Element Is Visible" library="RPA.Browser.Selenium">
<arg>id:lastname</arg>
<arg>timeout=5</arg>
<doc>Waits until the element ``locator`` is visible.</doc>
<status status="PASS" starttime="20241202 18:24:36.917" endtime="20241202 18:24:36.944"/>
</kw>
<kw name="Input Text" library="RPA.Browser.Selenium">
<arg>id:lastname</arg>
<arg>${row["Last Name"]}</arg>
<doc>Types the given ``text`` into the text field identified by ``locator``.</doc>
<msg timestamp="20241202 18:24:36.945" level="INFO">Typing text 'Puddle' into text field 'id:lastname'.</msg>
<status status="PASS" starttime="20241202 18:24:36.944" endtime="20241202 18:24:37.067"/>
</kw>
<kw name="Wait Until Element Is Visible" library="RPA.Browser.Selenium">
<arg>id:salestarget</arg>
<arg>timeout=5</arg>
<doc>Waits until the element ``locator`` is visible.</doc>
<status status="PASS" starttime="20241202 18:24:37.067" endtime="20241202 18:24:37.090"/>
</kw>
<kw name="Select From List By Value" library="RPA.Browser.Selenium">
<arg>id:salestarget</arg>
<arg>${row["Sales Target"]}</arg>
<doc>Selects options from selection list ``locator`` by ``values``.</doc>
<msg timestamp="20241202 18:24:37.091" level="INFO">Selecting options from selection list 'id:salestarget' by value 10000.</msg>
<status status="PASS" starttime="20241202 18:24:37.090" endtime="20241202 18:24:37.188"/>
</kw>
<kw name="Wait Until Element Is Visible" library="RPA.Browser.Selenium">
<arg>id:salesresult</arg>
<arg>timeout=5</arg>
<doc>Waits until the element ``locator`` is visible.</doc>
<status status="PASS" starttime="20241202 18:24:37.188" endtime="20241202 18:24:37.217"/>
</kw>
<kw name="Input Text" library="RPA.Browser.Selenium">
<arg>id:salesresult</arg>
<arg>${row["Sales"]}</arg>
<doc>Types the given ``text`` into the text field identified by ``locator``.</doc>
<msg timestamp="20241202 18:24:37.218" level="INFO">Typing text '22729' into text field 'id:salesresult'.</msg>
<status status="PASS" starttime="20241202 18:24:37.217" endtime="20241202 18:24:37.330"/>
</kw>
<kw name="Wait Until Element Is Visible" library="RPA.Browser.Selenium">
<arg>xpath=//button[text()='Submit']</arg>
<arg>timeout=5</arg>
<doc>Waits until the element ``locator`` is visible.</doc>
<status status="PASS" starttime="20241202 18:24:37.330" endtime="20241202 18:24:37.351"/>
</kw>
<kw name="Click Button" library="RPA.Browser.Selenium">
<arg>xpath=//button[text()='Submit']</arg>
<doc>Clicks the button identified by ``locator``.</doc>
<msg timestamp="20241202 18:24:37.352" level="INFO">Clicking button 'xpath=//button[text()='Submit']'.</msg>
<status status="PASS" starttime="20241202 18:24:37.352" endtime="20241202 18:24:37.578"/>
</kw>
<status status="PASS" starttime="20241202 18:24:36.751" endtime="20241202 18:24:37.578"/>
</kw>
<status status="PASS" starttime="20241202 18:24:36.751" endtime="20241202 18:24:37.578"/>
</iter>
<iter>
<var name="${row}">{'First Name': 'Devi', 'Last Name': 'Oag', 'Sales': 140919, 'Sales Target': 10000}</var>
<kw name="Fill Form" library="keywords">
<arg>${row}</arg>
<kw name="Wait Until Element Is Visible" library="RPA.Browser.Selenium">
<arg>id:firstname</arg>
<arg>timeout=5</arg>
<doc>Waits until the element ``locator`` is visible.</doc>
<status status="PASS" starttime="20241202 18:24:37.579" endtime="20241202 18:24:37.664"/>
</kw>
<kw name="Input Text" library="RPA.Browser.Selenium">
<arg>id:firstname</arg>
<arg>${row["First Name"]}</arg>
<doc>Types the given ``text`` into the text field identified by ``locator``.</doc>
<msg timestamp="20241202 18:24:37.665" level="INFO">Typing text 'Devi' into text field 'id:firstname'.</msg>
<status status="PASS" starttime="20241202 18:24:37.664" endtime="20241202 18:24:37.777"/>
</kw>
<kw name="Wait Until Element Is Visible" library="RPA.Browser.Selenium">
<arg>id:lastname</arg>
<arg>timeout=5</arg>
<doc>Waits until the element ``locator`` is visible.</doc>
<status status="PASS" starttime="20241202 18:24:37.777" endtime="20241202 18:24:37.813"/>
</kw>
<kw name="Input Text" library="RPA.Browser.Selenium">
<arg>id:lastname</arg>
<arg>${row["Last Name"]}</arg>
<doc>Types the given ``text`` into the text field identified by ``locator``.</doc>
<msg timestamp="20241202 18:24:37.815" level="INFO">Typing text 'Oag' into text field 'id:lastname'.</msg>
<status status="PASS" starttime="20241202 18:24:37.813" endtime="20241202 18:24:37.914"/>
</kw>
<kw name="Wait Until Element Is Visible" library="RPA.Browser.Selenium">
<arg>id:salestarget</arg>
<arg>timeout=5</arg>
<doc>Waits until the element ``locator`` is visible.</doc>
<status status="PASS" starttime="20241202 18:24:37.914" endtime="20241202 18:24:37.936"/>
</kw>
<kw name="Select From List By Value" library="RPA.Browser.Selenium">
<arg>id:salestarget</arg>
<arg>${row["Sales Target"]}</arg>
<doc>Selects options from selection list ``locator`` by ``values``.</doc>
<msg timestamp="20241202 18:24:37.938" level="INFO">Selecting options from selection list 'id:salestarget' by value 10000.</msg>
<status status="PASS" starttime="20241202 18:24:37.936" endtime="20241202 18:24:38.021"/>
</kw>
<kw name="Wait Until Element Is Visible" library="RPA.Browser.Selenium">
<arg>id:salesresult</arg>
<arg>timeout=5</arg>
<doc>Waits until the element ``locator`` is visible.</doc>
<status status="PASS" starttime="20241202 18:24:38.021" endtime="20241202 18:24:38.046"/>
</kw>
<kw name="Input Text" library="RPA.Browser.Selenium">
<arg>id:salesresult</arg>
<arg>${row["Sales"]}</arg>
<doc>Types the given ``text`` into the text field identified by ``locator``.</doc>
<msg timestamp="20241202 18:24:38.048" level="INFO">Typing text '140919' into text field 'id:salesresult'.</msg>
<status status="PASS" starttime="20241202 18:24:38.047" endtime="20241202 18:24:38.155"/>
</kw>
<kw name="Wait Until Element Is Visible" library="RPA.Browser.Selenium">
<arg>xpath=//button[text()='Submit']</arg>
<arg>timeout=5</arg>
<doc>Waits until the element ``locator`` is visible.</doc>
<status status="PASS" starttime="20241202 18:24:38.155" endtime="20241202 18:24:38.180"/>
</kw>
<kw name="Click Button" library="RPA.Browser.Selenium">
<arg>xpath=//button[text()='Submit']</arg>
<doc>Clicks the button identified by ``locator``.</doc>
<msg timestamp="20241202 18:24:38.181" level="INFO">Clicking button 'xpath=//button[text()='Submit']'.</msg>
<status status="PASS" starttime="20241202 18:24:38.180" endtime="20241202 18:24:38.402"/>
</kw>
<status status="PASS" starttime="20241202 18:24:37.578" endtime="20241202 18:24:38.402"/>
</kw>
<status status="PASS" starttime="20241202 18:24:37.578" endtime="20241202 18:24:38.402"/>
</iter>
<iter>
<var name="${row}">{'First Name': 'Emyle', 'Last Name': "O'Driscole", 'Sales': 70981, 'Sales Target': 10000}</var>
<kw name="Fill Form" library="keywords">
<arg>${row}</arg>
<kw name="Wait Until Element Is Visible" library="RPA.Browser.Selenium">
<arg>id:firstname</arg>
<arg>timeout=5</arg>
<doc>Waits until the element ``locator`` is visible.</doc>
<status status="PASS" starttime="20241202 18:24:38.402" endtime="20241202 18:24:38.477"/>
</kw>
<kw name="Input Text" library="RPA.Browser.Selenium">
<arg>id:firstname</arg>
<arg>${row["First Name"]}</arg>
<doc>Types the given ``text`` into the text field identified by ``locator``.</doc>
<msg timestamp="20241202 18:24:38.478" level="INFO">Typing text 'Emyle' into text field 'id:firstname'.</msg>
<status status="PASS" starttime="20241202 18:24:38.477" endtime="20241202 18:24:38.597"/>
</kw>
<kw name="Wait Until Element Is Visible" library="RPA.Browser.Selenium">
<arg>id:lastname</arg>
<arg>timeout=5</arg>
<doc>Waits until the element ``locator`` is visible.</doc>
<status status="PASS" starttime="20241202 18:24:38.598" endtime="20241202 18:24:38.619"/>
</kw>
<kw name="Input Text" library="RPA.Browser.Selenium">
<arg>id:lastname</arg>
<arg>${row["Last Name"]}</arg>
<doc>Types the given ``text`` into the text field identified by ``locator``.</doc>
<msg timestamp="20241202 18:24:38.622" level="INFO">Typing text 'O'Driscole' into text field 'id:lastname'.</msg>
<status status="PASS" starttime="20241202 18:24:38.620" endtime="20241202 18:24:38.736"/>
</kw>
<kw name="Wait Until Element Is Visible" library="RPA.Browser.Selenium">
<arg>id:salestarget</arg>
<arg>timeout=5</arg>
<doc>Waits until the element ``locator`` is visible.</doc>
<status status="PASS" starttime="20241202 18:24:38.736" endtime="20241202 18:24:38.757"/>
</kw>
<kw name="Select From List By Value" library="RPA.Browser.Selenium">
<arg>id:salestarget</arg>
<arg>${row["Sales Target"]}</arg>
<doc>Selects options from selection list ``locator`` by ``values``.</doc>
<msg timestamp="20241202 18:24:38.759" level="INFO">Selecting options from selection list 'id:salestarget' by value 10000.</msg>
<status status="PASS" starttime="20241202 18:24:38.757" endtime="20241202 18:24:38.839"/>
</kw>
<kw name="Wait Until Element Is Visible" library="RPA.Browser.Selenium">
<arg>id:salesresult</arg>
<arg>timeout=5</arg>
<doc>Waits until the element ``locator`` is visible.</doc>
<status status="PASS" starttime="20241202 18:24:38.839" endtime="20241202 18:24:38.861"/>
</kw>
<kw name="Input Text" library="RPA.Browser.Selenium">
<arg>id:salesresult</arg>
<arg>${row["Sales"]}</arg>
<doc>Types the given ``text`` into the text field identified by ``locator``.</doc>
<msg timestamp="20241202 18:24:38.863" level="INFO">Typing text '70981' into text field 'id:salesresult'.</msg>
<status status="PASS" starttime="20241202 18:24:38.861" endtime="20241202 18:24:38.955"/>
</kw>
<kw name="Wait Until Element Is Visible" library="RPA.Browser.Selenium">
<arg>xpath=//button[text()='Submit']</arg>
<arg>timeout=5</arg>
<doc>Waits until the element ``locator`` is visible.</doc>
<status status="PASS" starttime="20241202 18:24:38.955" endtime="20241202 18:24:38.987"/>
</kw>
<kw name="Click Button" library="RPA.Browser.Selenium">
<arg>xpath=//button[text()='Submit']</arg>
<doc>Clicks the button identified by ``locator``.</doc>
<msg timestamp="20241202 18:24:38.987" level="INFO">Clicking button 'xpath=//button[text()='Submit']'.</msg>
<status status="PASS" starttime="20241202 18:24:38.987" endtime="20241202 18:24:39.223"/>
</kw>
<status status="PASS" starttime="20241202 18:24:38.402" endtime="20241202 18:24:39.224"/>
</kw>
<status status="PASS" starttime="20241202 18:24:38.402" endtime="20241202 18:24:39.224"/>
</iter>
<iter>
<var name="${row}">{'First Name': 'Mickie', 'Last Name': 'Linbohm', 'Sales': 80516, 'Sales Target': 10000}</var>
<kw name="Fill Form" library="keywords">
<arg>${row}</arg>
<kw name="Wait Until Element Is Visible" library="RPA.Browser.Selenium">
<arg>id:firstname</arg>
<arg>timeout=5</arg>
<doc>Waits until the element ``locator`` is visible.</doc>
<status status="PASS" starttime="20241202 18:24:39.225" endtime="20241202 18:24:39.296"/>
</kw>
<kw name="Input Text" library="RPA.Browser.Selenium">
<arg>id:firstname</arg>
<arg>${row["First Name"]}</arg>
<doc>Types the given ``text`` into the text field identified by ``locator``.</doc>
<msg timestamp="20241202 18:24:39.301" level="INFO">Typing text 'Mickie' into text field 'id:firstname'.</msg>
<status status="PASS" starttime="20241202 18:24:39.296" endtime="20241202 18:24:39.420"/>
</kw>
<kw name="Wait Until Element Is Visible" library="RPA.Browser.Selenium">
<arg>id:lastname</arg>
<arg>timeout=5</arg>
<doc>Waits until the element ``locator`` is visible.</doc>
<status status="PASS" starttime="20241202 18:24:39.420" endtime="20241202 18:24:39.448"/>
</kw>
<kw name="Input Text" library="RPA.Browser.Selenium">
<arg>id:lastname</arg>
<arg>${row["Last Name"]}</arg>
<doc>Types the given ``text`` into the text field identified by ``locator``.</doc>
<msg timestamp="20241202 18:24:39.449" level="INFO">Typing text 'Linbohm' into text field 'id:lastname'.</msg>
<status status="PASS" starttime="20241202 18:24:39.448" endtime="20241202 18:24:39.562"/>
</kw>
<kw name="Wait Until Element Is Visible" library="RPA.Browser.Selenium">
<arg>id:salestarget</arg>
<arg>timeout=5</arg>
<doc>Waits until the element ``locator`` is visible.</doc>
<status status="PASS" starttime="20241202 18:24:39.562" endtime="20241202 18:24:39.584"/>
</kw>
<kw name="Select From List By Value" library="RPA.Browser.Selenium">
<arg>id:salestarget</arg>
<arg>${row["Sales Target"]}</arg>
<doc>Selects options from selection list ``locator`` by ``values``.</doc>
<msg timestamp="20241202 18:24:39.585" level="INFO">Selecting options from selection list 'id:salestarget' by value 10000.</msg>
<status status="PASS" starttime="20241202 18:24:39.584" endtime="20241202 18:24:39.674"/>
</kw>
<kw name="Wait Until Element Is Visible" library="RPA.Browser.Selenium">
<arg>id:salesresult</arg>
<arg>timeout=5</arg>
<doc>Waits until the element ``locator`` is visible.</doc>
<status status="PASS" starttime="20241202 18:24:39.674" endtime="20241202 18:24:39.697"/>
</kw>
<kw name="Input Text" library="RPA.Browser.Selenium">
<arg>id:salesresult</arg>
<arg>${row["Sales"]}</arg>
<doc>Types the given ``text`` into the text field identified by ``locator``.</doc>
<msg timestamp="20241202 18:24:39.698" level="INFO">Typing text '80516' into text field 'id:salesresult'.</msg>
<status status="PASS" starttime="20241202 18:24:39.698" endtime="20241202 18:24:39.805"/>
</kw>
[...]
<status status="PASS" starttime="20241202 18:25:07.562" endtime="20241202 18:25:07.703"/>
</kw>
<kw name="Wait Until Element Is Visible" library="RPA.Browser.Selenium">
<arg>id:salestarget</arg>
<arg>timeout=5</arg>
<doc>Waits until the element ``locator`` is visible.</doc>
<status status="PASS" starttime="20241202 18:25:07.703" endtime="20241202 18:25:07.730"/>
</kw>
<kw name="Select From List By Value" library="RPA.Browser.Selenium">
<arg>id:salestarget</arg>
<arg>${row["Sales Target"]}</arg>
<doc>Selects options from selection list ``locator`` by ``values``.</doc>
<msg timestamp="20241202 18:25:07.731" level="INFO">Selecting options from selection list 'id:salestarget' by value 30000.</msg>
<status status="PASS" starttime="20241202 18:25:07.730" endtime="20241202 18:25:07.821"/>
</kw>
<kw name="Wait Until Element Is Visible" library="RPA.Browser.Selenium">
<arg>id:salesresult</arg>
<arg>timeout=5</arg>
<doc>Waits until the element ``locator`` is visible.</doc>
<status status="PASS" starttime="20241202 18:25:07.821" endtime="20241202 18:25:07.853"/>
</kw>
<kw name="Input Text" library="RPA.Browser.Selenium">
<arg>id:salesresult</arg>
<arg>${row["Sales"]}</arg>
<doc>Types the given ``text`` into the text field identified by ``locator``.</doc>
<msg timestamp="20241202 18:25:07.855" level="INFO">Typing text '109884' into text field 'id:salesresult'.</msg>
<status status="PASS" starttime="20241202 18:25:07.853" endtime="20241202 18:25:07.964"/>
</kw>
<kw name="Wait Until Element Is Visible" library="RPA.Browser.Selenium">
<arg>xpath=//button[text()='Submit']</arg>
<arg>timeout=5</arg>
<doc>Waits until the element ``locator`` is visible.</doc>
<status status="PASS" starttime="20241202 18:25:07.964" endtime="20241202 18:25:07.995"/>
</kw>
<kw name="Click Button" library="RPA.Browser.Selenium">
<arg>xpath=//button[text()='Submit']</arg>
<doc>Clicks the button identified by ``locator``.</doc>
<msg timestamp="20241202 18:25:07.996" level="INFO">Clicking button 'xpath=//button[text()='Submit']'.</msg>
<status status="PASS" starttime="20241202 18:25:07.995" endtime="20241202 18:25:08.222"/>
</kw>
<status status="PASS" starttime="20241202 18:25:07.296" endtime="20241202 18:25:08.222"/>
</kw>
<status status="PASS" starttime="20241202 18:25:07.296" endtime="20241202 18:25:08.223"/>
</iter>
<status status="PASS" starttime="20241202 18:24:21.465" endtime="20241202 18:25:08.223"/>
</for>
<status status="PASS" starttime="20241202 18:24:21.445" endtime="20241202 18:25:08.223"/>
</kw>
<kw name="Finisher Workflow" library="finisher">
<kw name="Capture Screenshot" library="keywords">
<arg>${SCREENSHOT_FILE}</arg>
<kw name="Capture Page Screenshot" library="RPA.Browser.Selenium">
<arg>${file_path}</arg>
<doc>Takes a screenshot of the current page and embeds it into a log file.</doc>
<msg timestamp="20241202 18:25:08.398" level="INFO" html="true">&lt;/td&gt;&lt;/tr&gt;&lt;tr&gt;&lt;td colspan="3"&gt;&lt;a href="output/sales_summary.png"&gt;&lt;img src="output/sales_summary.png" width="800px"&gt;&lt;/a&gt;</msg>
<status status="PASS" starttime="20241202 18:25:08.225" endtime="20241202 18:25:08.398"/>
</kw>
<status status="PASS" starttime="20241202 18:25:08.224" endtime="20241202 18:25:08.398"/>
</kw>
<kw name="Generate PDF Report" library="keywords">
<arg>${PDF_FILE}</arg>
<kw name="Get Element Attribute" library="RPA.Browser.Selenium">
<var>${html}</var>
<arg>css:#sales-results</arg>
<arg>outerHTML</arg>
<doc>Returns the value of ``attribute`` from the element ``locator``.</doc>
<msg timestamp="20241202 18:25:08.433" level="INFO">${html} = &lt;div id="sales-results"&gt;&lt;table class="table table-dark table-striped"&gt;&lt;thead&gt;&lt;tr&gt;&lt;th width="24%" scope="col"&gt;Name&lt;/th&gt;&lt;th width="24%" scope="col"&gt;Target&lt;/th&gt;&lt;th width="24%" scope="col"&gt;Result&lt;/th&gt;&lt;th ...</msg>
<status status="PASS" starttime="20241202 18:25:08.399" endtime="20241202 18:25:08.433"/>
</kw>
<kw name="Html To Pdf" library="RPA.PDF">
<arg>${html}</arg>
<arg>${file_path}</arg>
<doc>Generate a PDF file from HTML content.</doc>
<msg timestamp="20241202 18:25:08.434" level="INFO">Writing output to file /app/output/sales_results.pdf</msg>
<msg timestamp="20241202 18:25:08.629" level="INFO">maxp pruned</msg>
<msg timestamp="20241202 18:25:08.629" level="INFO">cmap pruned</msg>
<msg timestamp="20241202 18:25:08.630" level="INFO">post pruned</msg>
<msg timestamp="20241202 18:25:08.631" level="INFO">GDEF dropped</msg>
<msg timestamp="20241202 18:25:08.631" level="INFO">GPOS dropped</msg>
<msg timestamp="20241202 18:25:08.631" level="INFO">GSUB dropped</msg>
<msg timestamp="20241202 18:25:08.634" level="INFO">glyf pruned</msg>
<msg timestamp="20241202 18:25:08.635" level="INFO">Added gid0 to subset</msg>
<msg timestamp="20241202 18:25:08.635" level="INFO">Added first four glyphs to subset</msg>
<msg timestamp="20241202 18:25:08.635" level="INFO">Closing glyph list over 'glyf': 66 glyphs before</msg>
<msg timestamp="20241202 18:25:08.635" level="INFO">Glyph names: ['.notdef', '.null', 'uni0020', 'uni0024', 'uni0027', 'uni002C', 'uni002D', 'uni0030', 'uni0031', 'uni0032', 'uni0033', 'uni0034', 'uni0035', 'uni0036', 'uni0037', 'uni0038', 'uni0039', 'uni0041', 'uni0042', 'uni0043', 'uni0044', 'uni0045', 'uni0046', 'uni0047', 'uni0048', 'uni0049', 'uni004A', 'uni004B', 'uni004C', 'uni004D', 'uni004E', 'uni004F', 'uni0050', 'uni0052', 'uni0053', 'uni0054', 'uni0055', 'uni0056', 'uni0057', 'uni0059', 'uni0061', 'uni0062', 'uni0063', 'uni0064', 'uni0065', 'uni0066', 'uni0067', 'uni0068', 'uni0069', 'uni006B', 'uni006C', 'uni006D', 'uni006E', 'uni006F', 'uni0070', 'uni0072', 'uni0073', 'uni0074', 'uni0075', 'uni0076', 'uni0077', 'uni0079', 'uni007A', 'uni007B', 'uni007D', 'uni00C4']</msg>
<msg timestamp="20241202 18:25:08.636" level="INFO">Glyph IDs:   [0, 1, 2, 3, 65, 73, 84, 95, 137, 141, 161, 197, 265, 270, 280, 291, 299, 320, 374, 382, 395, 409, 421, 453, 456, 469, 504, 575, 582, 594, 612, 645, 650, 660, 679, 715, 723, 752, 759, 775, 827, 837, 867, 884, 899, 932, 936, 950, 973, 1262, 1294, 1295, 1296, 1298, 1299, 1300, 1302, 1303, 1304, 1305, 1345, 1346, 1361, 1388, 1403, 1681]</msg>
<msg timestamp="20241202 18:25:08.636" level="INFO">Closed glyph list over 'glyf': 66 glyphs after</msg>
<msg timestamp="20241202 18:25:08.636" level="INFO">Glyph names: ['.notdef', '.null', 'uni0020', 'uni0024', 'uni0027', 'uni002C', 'uni002D', 'uni0030', 'uni0031', 'uni0032', 'uni0033', 'uni0034', 'uni0035', 'uni0036', 'uni0037', 'uni0038', 'uni0039', 'uni0041', 'uni0042', 'uni0043', 'uni0044', 'uni0045', 'uni0046', 'uni0047', 'uni0048', 'uni0049', 'uni004A', 'uni004B', 'uni004C', 'uni004D', 'uni004E', 'uni004F', 'uni0050', 'uni0052', 'uni0053', 'uni0054', 'uni0055', 'uni0056', 'uni0057', 'uni0059', 'uni0061', 'uni0062', 'uni0063', 'uni0064', 'uni0065', 'uni0066', 'uni0067', 'uni0068', 'uni0069', 'uni006B', 'uni006C', 'uni006D', 'uni006E', 'uni006F', 'uni0070', 'uni0072', 'uni0073', 'uni0074', 'uni0075', 'uni0076', 'uni0077', 'uni0079', 'uni007A', 'uni007B', 'uni007D', 'uni00C4']</msg>
<msg timestamp="20241202 18:25:08.636" level="INFO">Glyph IDs:   [0, 1, 2, 3, 65, 73, 84, 95, 137, 141, 161, 197, 265, 270, 280, 291, 299, 320, 374, 382, 395, 409, 421, 453, 456, 469, 504, 575, 582, 594, 612, 645, 650, 660, 679, 715, 723, 752, 759, 775, 827, 837, 867, 884, 899, 932, 936, 950, 973, 1262, 1294, 1295, 1296, 1298, 1299, 1300, 1302, 1303, 1304, 1305, 1345, 1346, 1361, 1388, 1403, 1681]</msg>
<msg timestamp="20241202 18:25:08.636" level="INFO">Retaining 66 glyphs</msg>
<msg timestamp="20241202 18:25:08.637" level="INFO">head subsetting not needed</msg>
<msg timestamp="20241202 18:25:08.637" level="INFO">hhea subsetting not needed</msg>
<msg timestamp="20241202 18:25:08.637" level="INFO">maxp subsetting not needed</msg>
<msg timestamp="20241202 18:25:08.637" level="INFO">OS/2 subsetting not needed</msg>
<msg timestamp="20241202 18:25:08.637" level="INFO">hmtx subsetted</msg>
<msg timestamp="20241202 18:25:08.639" level="INFO">cmap subsetted</msg>
<msg timestamp="20241202 18:25:08.639" level="INFO">prep subsetting not needed</msg>
<msg timestamp="20241202 18:25:08.639" level="INFO">loca subsetting not needed</msg>
<msg timestamp="20241202 18:25:08.639" level="INFO">post subsetted</msg>
<msg timestamp="20241202 18:25:08.639" level="INFO">gasp subsetting not needed</msg>
<msg timestamp="20241202 18:25:08.639" level="INFO">STAT subsetting not needed</msg>
<msg timestamp="20241202 18:25:08.639" level="INFO">name subsetting not needed</msg>
<msg timestamp="20241202 18:25:08.640" level="INFO">glyf subsetted</msg>
<msg timestamp="20241202 18:25:08.641" level="INFO">head pruned</msg>
<msg timestamp="20241202 18:25:08.641" level="INFO">OS/2 Unicode ranges pruned: [0]</msg>
<msg timestamp="20241202 18:25:08.641" level="INFO">OS/2 CodePage ranges pruned: [0]</msg>
<msg timestamp="20241202 18:25:08.642" level="INFO">glyf pruned</msg>
<msg timestamp="20241202 18:25:08.643" level="INFO">name pruned</msg>
<msg timestamp="20241202 18:25:08.662" level="INFO">maxp pruned</msg>
<msg timestamp="20241202 18:25:08.663" level="INFO">cmap pruned</msg>
<msg timestamp="20241202 18:25:08.663" level="INFO">post pruned</msg>
<msg timestamp="20241202 18:25:08.663" level="INFO">GDEF dropped</msg>
<msg timestamp="20241202 18:25:08.663" level="INFO">GPOS dropped</msg>
<msg timestamp="20241202 18:25:08.663" level="INFO">GSUB dropped</msg>
<msg timestamp="20241202 18:25:08.666" level="INFO">glyf pruned</msg>
<msg timestamp="20241202 18:25:08.667" level="INFO">Added gid0 to subset</msg>
<msg timestamp="20241202 18:25:08.667" level="INFO">Added first four glyphs to subset</msg>
<msg timestamp="20241202 18:25:08.667" level="INFO">Closing glyph list over 'glyf': 35 glyphs before</msg>
<msg timestamp="20241202 18:25:08.667" level="INFO">Glyph names: ['.notdef', '.null', 'uni0020', 'uni0030', 'uni0031', 'uni0032', 'uni0033', 'uni0034', 'uni0035', 'uni0036', 'uni0037', 'uni0038', 'uni0039', 'uni0041', 'uni0044', 'uni004E', 'uni0052', 'uni0054', 'uni0061', 'uni0062', 'uni0063', 'uni0065', 'uni0066', 'uni0067', 'uni0069', 'uni006C', 'uni006D', 'uni006E', 'uni0072', 'uni0073', 'uni0074', 'uni0075', 'uni007B', 'uni007D', 'uni00C4']</msg>
<msg timestamp="20241202 18:25:08.668" level="INFO">Glyph IDs:   [0, 1, 2, 3, 84, 299, 382, 409, 504, 575, 582, 612, 645, 650, 679, 723, 752, 759, 837, 867, 884, 899, 1294, 1295, 1296, 1298, 1299, 1300, 1302, 1303, 1304, 1305, 1345, 1346, 1681]</msg>
<msg timestamp="20241202 18:25:08.668" level="INFO">Closed glyph list over 'glyf': 35 glyphs after</msg>
<msg timestamp="20241202 18:25:08.668" level="INFO">Glyph names: ['.notdef', '.null', 'uni0020', 'uni0030', 'uni0031', 'uni0032', 'uni0033', 'uni0034', 'uni0035', 'uni0036', 'uni0037', 'uni0038', 'uni0039', 'uni0041', 'uni0044', 'uni004E', 'uni0052', 'uni0054', 'uni0061', 'uni0062', 'uni0063', 'uni0065', 'uni0066', 'uni0067', 'uni0069', 'uni006C', 'uni006D', 'uni006E', 'uni0072', 'uni0073', 'uni0074', 'uni0075', 'uni007B', 'uni007D', 'uni00C4']</msg>
<msg timestamp="20241202 18:25:08.668" level="INFO">Glyph IDs:   [0, 1, 2, 3, 84, 299, 382, 409, 504, 575, 582, 612, 645, 650, 679, 723, 752, 759, 837, 867, 884, 899, 1294, 1295, 1296, 1298, 1299, 1300, 1302, 1303, 1304, 1305, 1345, 1346, 1681]</msg>
<msg timestamp="20241202 18:25:08.668" level="INFO">Retaining 35 glyphs</msg>
<msg timestamp="20241202 18:25:08.669" level="INFO">head subsetting not needed</msg>
<msg timestamp="20241202 18:25:08.669" level="INFO">hhea subsetting not needed</msg>
<msg timestamp="20241202 18:25:08.669" level="INFO">maxp subsetting not needed</msg>
<msg timestamp="20241202 18:25:08.669" level="INFO">OS/2 subsetting not needed</msg>
<msg timestamp="20241202 18:25:08.669" level="INFO">hmtx subsetted</msg>
<msg timestamp="20241202 18:25:08.671" level="INFO">cmap subsetted</msg>
<msg timestamp="20241202 18:25:08.671" level="INFO">prep subsetting not needed</msg>
<msg timestamp="20241202 18:25:08.671" level="INFO">loca subsetting not needed</msg>
<msg timestamp="20241202 18:25:08.671" level="INFO">post subsetted</msg>
<msg timestamp="20241202 18:25:08.671" level="INFO">gasp subsetting not needed</msg>
<msg timestamp="20241202 18:25:08.671" level="INFO">STAT subsetting not needed</msg>
<msg timestamp="20241202 18:25:08.671" level="INFO">name subsetting not needed</msg>
<msg timestamp="20241202 18:25:08.672" level="INFO">glyf subsetted</msg>
<msg timestamp="20241202 18:25:08.673" level="INFO">head pruned</msg>
<msg timestamp="20241202 18:25:08.673" level="INFO">OS/2 Unicode ranges pruned: [0]</msg>
<msg timestamp="20241202 18:25:08.673" level="INFO">OS/2 CodePage ranges pruned: [0]</msg>
<msg timestamp="20241202 18:25:08.674" level="INFO">glyf pruned</msg>
<msg timestamp="20241202 18:25:08.675" level="INFO">name pruned</msg>
<msg timestamp="20241202 18:25:08.686" level="INFO">maxp pruned</msg>
<msg timestamp="20241202 18:25:08.686" level="INFO">cmap pruned</msg>
<msg timestamp="20241202 18:25:08.687" level="INFO">post pruned</msg>
<msg timestamp="20241202 18:25:08.687" level="INFO">GDEF dropped</msg>
<msg timestamp="20241202 18:25:08.687" level="INFO">GPOS dropped</msg>
<msg timestamp="20241202 18:25:08.687" level="INFO">GSUB dropped</msg>
<msg timestamp="20241202 18:25:08.690" level="INFO">glyf pruned</msg>
<msg timestamp="20241202 18:25:08.692" level="INFO">Added gid0 to subset</msg>
<msg timestamp="20241202 18:25:08.692" level="INFO">Added first four glyphs to subset</msg>
<msg timestamp="20241202 18:25:08.692" level="INFO">Closing glyph list over 'glyf': 18 glyphs before</msg>
<msg timestamp="20241202 18:25:08.692" level="INFO">Glyph names: ['.notdef', '.null', 'uni0020', 'uni0030', 'uni0031', 'uni0032', 'uni0033', 'uni0034', 'uni0035', 'uni0036', 'uni0037', 'uni0038', 'uni0039', 'uni0062', 'uni006E', 'uni007B', 'uni007D', 'uni00A0']</msg>
<msg timestamp="20241202 18:25:08.693" level="INFO">Glyph IDs:   [0, 1, 2, 3, 544, 727, 1256, 1257, 1258, 1260, 1261, 1262, 1264, 1265, 1266, 1267, 1307, 1308]</msg>
<msg timestamp="20241202 18:25:08.693" level="INFO">Closed glyph list over 'glyf': 18 glyphs after</msg>
<msg timestamp="20241202 18:25:08.693" level="INFO">Glyph names: ['.notdef', '.null', 'uni0020', 'uni0030', 'uni0031', 'uni0032', 'uni0033', 'uni0034', 'uni0035', 'uni0036', 'uni0037', 'uni0038', 'uni0039', 'uni0062', 'uni006E', 'uni007B', 'uni007D', 'uni00A0']</msg>
<msg timestamp="20241202 18:25:08.693" level="INFO">Glyph IDs:   [0, 1, 2, 3, 544, 727, 1256, 1257, 1258, 1260, 1261, 1262, 1264, 1265, 1266, 1267, 1307, 1308]</msg>
<msg timestamp="20241202 18:25:08.693" level="INFO">Retaining 18 glyphs</msg>
<msg timestamp="20241202 18:25:08.693" level="INFO">head subsetting not needed</msg>
<msg timestamp="20241202 18:25:08.693" level="INFO">hhea subsetting not needed</msg>
<msg timestamp="20241202 18:25:08.693" level="INFO">maxp subsetting not needed</msg>
<msg timestamp="20241202 18:25:08.693" level="INFO">OS/2 subsetting not needed</msg>
<msg timestamp="20241202 18:25:08.694" level="INFO">hmtx subsetted</msg>
<msg timestamp="20241202 18:25:08.694" level="INFO">cmap subsetted</msg>
<msg timestamp="20241202 18:25:08.694" level="INFO">loca subsetting not needed</msg>
<msg timestamp="20241202 18:25:08.695" level="INFO">post subsetted</msg>
<msg timestamp="20241202 18:25:08.695" level="INFO">name subsetting not needed</msg>
<msg timestamp="20241202 18:25:08.695" level="INFO">glyf subsetted</msg>
<msg timestamp="20241202 18:25:08.696" level="INFO">head pruned</msg>
<msg timestamp="20241202 18:25:08.696" level="INFO">OS/2 Unicode ranges pruned: [0]</msg>
<msg timestamp="20241202 18:25:08.696" level="INFO">OS/2 CodePage ranges pruned: [0]</msg>
<msg timestamp="20241202 18:25:08.696" level="INFO">glyf pruned</msg>
<msg timestamp="20241202 18:25:08.696" level="INFO">name pruned</msg>
<msg timestamp="20241202 18:25:08.705" level="INFO">maxp pruned</msg>
<msg timestamp="20241202 18:25:08.705" level="INFO">cmap pruned</msg>
<msg timestamp="20241202 18:25:08.705" level="INFO">post pruned</msg>
<msg timestamp="20241202 18:25:08.705" level="INFO">GDEF dropped</msg>
<msg timestamp="20241202 18:25:08.705" level="INFO">GPOS dropped</msg>
<msg timestamp="20241202 18:25:08.705" level="INFO">GSUB dropped</msg>
<msg timestamp="20241202 18:25:08.708" level="INFO">glyf pruned</msg>
<msg timestamp="20241202 18:25:08.711" level="INFO">Added gid0 to subset</msg>
<msg timestamp="20241202 18:25:08.711" level="INFO">Added first four glyphs to subset</msg>
<msg timestamp="20241202 18:25:08.711" level="INFO">Closing glyph list over 'glyf': 18 glyphs before</msg>
<msg timestamp="20241202 18:25:08.711" level="INFO">Glyph names: ['.notdef', '.null', 'uni0020', 'uni0030', 'uni0031', 'uni0032', 'uni0033', 'uni0034', 'uni0035', 'uni0036', 'uni0037', 'uni0038', 'uni0039', 'uni0062', 'uni006E', 'uni007B', 'uni007D', 'uni00A0']</msg>
<msg timestamp="20241202 18:25:08.711" level="INFO">Glyph IDs:   [0, 1, 2, 3, 544, 727, 1256, 1257, 1258, 1260, 1261, 1262, 1264, 1265, 1266, 1267, 1307, 1308]</msg>
<msg timestamp="20241202 18:25:08.712" level="INFO">Closed glyph list over 'glyf': 18 glyphs after</msg>
<msg timestamp="20241202 18:25:08.712" level="INFO">Glyph names: ['.notdef', '.null', 'uni0020', 'uni0030', 'uni0031', 'uni0032', 'uni0033', 'uni0034', 'uni0035', 'uni0036', 'uni0037', 'uni0038', 'uni0039', 'uni0062', 'uni006E', 'uni007B', 'uni007D', 'uni00A0']</msg>
<msg timestamp="20241202 18:25:08.712" level="INFO">Glyph IDs:   [0, 1, 2, 3, 544, 727, 1256, 1257, 1258, 1260, 1261, 1262, 1264, 1265, 1266, 1267, 1307, 1308]</msg>
<msg timestamp="20241202 18:25:08.712" level="INFO">Retaining 18 glyphs</msg>
<msg timestamp="20241202 18:25:08.712" level="INFO">head subsetting not needed</msg>
<msg timestamp="20241202 18:25:08.712" level="INFO">hhea subsetting not needed</msg>
<msg timestamp="20241202 18:25:08.712" level="INFO">maxp subsetting not needed</msg>
<msg timestamp="20241202 18:25:08.712" level="INFO">OS/2 subsetting not needed</msg>
<msg timestamp="20241202 18:25:08.713" level="INFO">hmtx subsetted</msg>
<msg timestamp="20241202 18:25:08.714" level="INFO">cmap subsetted</msg>
<msg timestamp="20241202 18:25:08.714" level="INFO">loca subsetting not needed</msg>
<msg timestamp="20241202 18:25:08.714" level="INFO">post subsetted</msg>
<msg timestamp="20241202 18:25:08.714" level="INFO">name subsetting not needed</msg>
<msg timestamp="20241202 18:25:08.715" level="INFO">glyf subsetted</msg>
<msg timestamp="20241202 18:25:08.715" level="INFO">head pruned</msg>
<msg timestamp="20241202 18:25:08.715" level="INFO">OS/2 Unicode ranges pruned: [0]</msg>
<msg timestamp="20241202 18:25:08.715" level="INFO">OS/2 CodePage ranges pruned: [0]</msg>
<msg timestamp="20241202 18:25:08.715" level="INFO">glyf pruned</msg>
<msg timestamp="20241202 18:25:08.716" level="INFO">name pruned</msg>
<status status="PASS" starttime="20241202 18:25:08.433" endtime="20241202 18:25:08.725"/>
</kw>
<status status="PASS" starttime="20241202 18:25:08.398" endtime="20241202 18:25:08.725"/>
</kw>
<kw name="Close Browser" library="keywords">
<kw name="Close All Browsers" library="RPA.Browser.Selenium">
<doc>Closes all open browsers and resets the browser cache.</doc>
<status status="PASS" starttime="20241202 18:25:08.726" endtime="20241202 18:25:08.807"/>
</kw>
<status status="PASS" starttime="20241202 18:25:08.725" endtime="20241202 18:25:08.807"/>
</kw>
<status status="PASS" starttime="20241202 18:25:08.223" endtime="20241202 18:25:08.808"/>
</kw>
<status status="PASS" starttime="20241202 18:24:18.357" endtime="20241202 18:25:08.808"/>
</test>
<status status="PASS" starttime="20241202 18:24:17.522" endtime="20241202 18:25:08.808"/>
</suite>
<statistics>
<total>
<stat pass="1" fail="0" skip="0">All Tasks</stat>
</total>
<tag>
</tag>
<suite>
<stat pass="1" fail="0" skip="0" id="s1" name="Test">Test</stat>
</suite>
</statistics>
<errors>
</errors>
</robot>
