<?xml version="1.0" encoding="UTF-8"?>
<robot generator="Robot 6.1.1 (Python 3.10.15 on linux)" generated="20241129 17:26:36.689" rpa="true" schemaversion="4">
<suite id="s1" name="Test" source="/app/test.robot">
<test id="s1-t1" name="Test Full Workflow" line="7">
<kw name="Producer Workflow" library="producer">
<kw name="Open Browser" library="keywords">
<arg>${URL}</arg>
<kw name="Open Available Browser" library="RPA.Browser.Selenium">
<arg>${url}</arg>
<arg>browser_selection=Chrome</arg>
<doc>Attempts to open a browser on the user's device from a set of
supported browsers. Automatically downloads a corresponding webdriver
if none is already installed.</doc>
<msg timestamp="20241129 17:26:37.448" level="INFO">Webdriver version taken into use: ChromeDriver 131.0.6778.85 (3d81e41b6f3ac8bcae63b32e8145c9eb0cd60a2d-refs/branch-heads/6778@{#2285})
</msg>
<msg timestamp="20241129 17:26:37.448" level="INFO">Creating an instance of the Chrome WebDriver.</msg>
<msg timestamp="20241129 17:26:38.301" level="INFO">Created Chrome browser (version 131.0.6778) with arguments: --disable-dev-shm-usage --disable-web-security --allow-running-insecure-content --no-sandbox</msg>
<msg timestamp="20241129 17:26:38.301" level="INFO" html="true">&lt;p&gt;Attempted combinations:&lt;/p&gt;&lt;div class="doc"&gt;&lt;table&gt;&lt;tr&gt;&lt;th&gt;Browser&lt;/th&gt;&lt;th&gt;Download&lt;/th&gt;&lt;th&gt;Error&lt;/th&gt;&lt;/tr&gt;&lt;tr&gt;&lt;td&gt;Chrome&lt;/td&gt;&lt;td&gt;False&lt;/td&gt;&lt;td&gt;&lt;/td&gt;&lt;/tr&gt;&lt;/table&gt;&lt;/div&gt;</msg>
<msg timestamp="20241129 17:26:38.301" level="INFO">Opening url 'https://robotsparebinindustries.com/'</msg>
<status status="PASS" starttime="20241129 17:26:37.365" endtime="20241129 17:26:39.218"/>
</kw>
<status status="PASS" starttime="20241129 17:26:37.365" endtime="20241129 17:26:39.218"/>
</kw>
<kw name="Login" library="keywords">
<arg>${USERNAME}</arg>
<arg>${PASSWORD}</arg>
<kw name="Input Text" library="RPA.Browser.Selenium">
<arg>id:username</arg>
<arg>${username}</arg>
<doc>Types the given ``text`` into the text field identified by ``locator``.</doc>
<msg timestamp="20241129 17:26:39.220" level="INFO">Typing text 'maria' into text field 'id:username'.</msg>
<status status="PASS" starttime="20241129 17:26:39.219" endtime="20241129 17:26:39.364"/>
</kw>
<kw name="Input Text" library="RPA.Browser.Selenium">
<arg>id:password</arg>
<arg>${password}</arg>
<doc>Types the given ``text`` into the text field identified by ``locator``.</doc>
<msg timestamp="20241129 17:26:39.365" level="INFO">Typing text 'thoushallnotpass' into text field 'id:password'.</msg>
<status status="PASS" starttime="20241129 17:26:39.364" endtime="20241129 17:26:39.468"/>
</kw>
<kw name="Click Element" library="RPA.Browser.Selenium">
<arg>xpath=//button[contains(text(), 'Log in')]</arg>
<doc>Click the element identified by ``locator``.</doc>
<msg timestamp="20241129 17:26:39.468" level="INFO">Clicking element 'xpath=//button[contains(text(), 'Log in')]'.</msg>
<status status="PASS" starttime="20241129 17:26:39.468" endtime="20241129 17:26:39.561"/>
</kw>
<status status="PASS" starttime="20241129 17:26:39.218" endtime="20241129 17:26:39.561"/>
</kw>
<kw name="Download Excel File" library="keywords">
<arg>${EXCEL_URL}</arg>
<arg>${EXCEL_FILE}</arg>
<kw name="Download" library="RPA.HTTP">
<arg>${url}</arg>
<arg>overwrite=True</arg>
<arg>target_file=${output_path}</arg>
<doc>An alias for the ``HTTP Get`` keyword.</doc>
<msg timestamp="20241129 17:26:39.564" level="INFO">Creating a new HTTP session</msg>
<msg timestamp="20241129 17:26:39.564" level="INFO">Creating Session using : alias=rpasession_alias.httpsrobotsparebinindustries.com, url=https://robotsparebinindustries.com, headers={},                     cookies={}, auth=None, timeout=None, proxies=None, verify=True,                     debug=0 </msg>
<status status="PASS" starttime="20241129 17:26:39.561" endtime="20241129 17:26:39.826"/>
</kw>
<status status="PASS" starttime="20241129 17:26:39.561" endtime="20241129 17:26:39.826"/>
</kw>
<status status="PASS" starttime="20241129 17:26:37.365" endtime="20241129 17:26:39.826"/>
</kw>
<kw name="Consumer Workflow" library="consumer">
<kw name="Process Excel File" library="keywords">
<var>${data}</var>
<arg>${EXCEL_FILE}</arg>
<kw name="Open Workbook" library="RPA.Excel.Files">
<arg>${file_path}</arg>
<doc>Open an existing Excel workbook.</doc>
<msg timestamp="20241129 17:26:39.841" level="INFO">Opened workbook: &lt;RPA.Excel.Files.XlsxWorkbook object at 0x77f28785f9d0&gt;</msg>
<status status="PASS" starttime="20241129 17:26:39.827" endtime="20241129 17:26:39.841"/>
</kw>
<kw name="Read Worksheet As Table" library="RPA.Excel.Files">
<var>${data}</var>
<arg>header=True</arg>
<doc>Read the contents of a worksheet into a Table container. Allows
sorting/filtering/manipulating using the ``RPA.Tables`` library.</doc>
<msg timestamp="20241129 17:26:39.842" level="INFO">Created table: Table(columns=['First Name', 'Last Name', 'Sales', 'Sales Target'], rows=50)</msg>
<msg timestamp="20241129 17:26:39.842" level="INFO">${data} = Table(columns=['First Name', 'Last Name', 'Sales', 'Sales Target'], rows=50)</msg>
<status status="PASS" starttime="20241129 17:26:39.841" endtime="20241129 17:26:39.842"/>
</kw>
<kw name="Close Workbook" library="RPA.Excel.Files">
<doc>Close the active workbook.</doc>
<msg timestamp="20241129 17:26:39.843" level="INFO">Closing workbook: &lt;RPA.Excel.Files.XlsxWorkbook object at 0x77f28785f9d0&gt;</msg>
<status status="PASS" starttime="20241129 17:26:39.842" endtime="20241129 17:26:39.843"/>
</kw>
<msg timestamp="20241129 17:26:39.843" level="INFO">${data} = Table(columns=['First Name', 'Last Name', 'Sales', 'Sales Target'], rows=50)</msg>
<status status="PASS" starttime="20241129 17:26:39.827" endtime="20241129 17:26:39.843"/>
</kw>
<for flavor="IN">
<var>${row}</var>
<value>@{data}</value>
<iter>
<var name="${row}">{'First Name': 'David', 'Last Name': 'Heazel', 'Sales': 80193, 'Sales Target': 30000}</var>
<kw name="Fill Form" library="keywords">
<arg>${row}</arg>
<kw name="Wait Until Element Is Visible" library="RPA.Browser.Selenium">
<arg>id:firstname</arg>
<arg>timeout=5</arg>
<doc>Waits until the element ``locator`` is visible.</doc>
<status status="PASS" starttime="20241129 17:26:39.844" endtime="20241129 17:26:42.568"/>
</kw>
<kw name="Input Text" library="RPA.Browser.Selenium">
<arg>id:firstname</arg>
<arg>${row["First Name"]}</arg>
<doc>Types the given ``text`` into the text field identified by ``locator``.</doc>
<msg timestamp="20241129 17:26:42.569" level="INFO">Typing text 'David' into text field 'id:firstname'.</msg>
<status status="PASS" starttime="20241129 17:26:42.568" endtime="20241129 17:26:42.632"/>
</kw>
<kw name="Wait Until Element Is Visible" library="RPA.Browser.Selenium">
<arg>id:lastname</arg>
<arg>timeout=5</arg>
<doc>Waits until the element ``locator`` is visible.</doc>
<status status="PASS" starttime="20241129 17:26:42.632" endtime="20241129 17:26:42.654"/>
</kw>
<kw name="Input Text" library="RPA.Browser.Selenium">
<arg>id:lastname</arg>
<arg>${row["Last Name"]}</arg>
<doc>Types the given ``text`` into the text field identified by ``locator``.</doc>
<msg timestamp="20241129 17:26:42.655" level="INFO">Typing text 'Heazel' into text field 'id:lastname'.</msg>
<status status="PASS" starttime="20241129 17:26:42.654" endtime="20241129 17:26:42.722"/>
</kw>
<kw name="Wait Until Element Is Visible" library="RPA.Browser.Selenium">
<arg>id:salestarget</arg>
<arg>timeout=5</arg>
<doc>Waits until the element ``locator`` is visible.</doc>
<status status="PASS" starttime="20241129 17:26:42.722" endtime="20241129 17:26:42.742"/>
</kw>
<kw name="Select From List By Value" library="RPA.Browser.Selenium">
<arg>id:salestarget</arg>
<arg>${row["Sales Target"]}</arg>
<doc>Selects options from selection list ``locator`` by ``values``.</doc>
<msg timestamp="20241129 17:26:42.743" level="INFO">Selecting options from selection list 'id:salestarget' by value 30000.</msg>
<status status="PASS" starttime="20241129 17:26:42.743" endtime="20241129 17:26:42.813"/>
</kw>
<kw name="Wait Until Element Is Visible" library="RPA.Browser.Selenium">
<arg>id:salesresult</arg>
<arg>timeout=5</arg>
<doc>Waits until the element ``locator`` is visible.</doc>
<status status="PASS" starttime="20241129 17:26:42.814" endtime="20241129 17:26:42.833"/>
</kw>
<kw name="Input Text" library="RPA.Browser.Selenium">
<arg>id:salesresult</arg>
<arg>${row["Sales"]}</arg>
<doc>Types the given ``text`` into the text field identified by ``locator``.</doc>
<msg timestamp="20241129 17:26:42.834" level="INFO">Typing text '80193' into text field 'id:salesresult'.</msg>
<status status="PASS" starttime="20241129 17:26:42.833" endtime="20241129 17:26:42.900"/>
</kw>
<kw name="Wait Until Element Is Visible" library="RPA.Browser.Selenium">
<arg>xpath=//button[text()='Submit']</arg>
<arg>timeout=5</arg>
<doc>Waits until the element ``locator`` is visible.</doc>
<status status="PASS" starttime="20241129 17:26:42.900" endtime="20241129 17:26:42.920"/>
</kw>
<kw name="Click Button" library="RPA.Browser.Selenium">
<arg>xpath=//button[text()='Submit']</arg>
<doc>Clicks the button identified by ``locator``.</doc>
<msg timestamp="20241129 17:26:42.921" level="INFO">Clicking button 'xpath=//button[text()='Submit']'.</msg>
<status status="PASS" starttime="20241129 17:26:42.920" endtime="20241129 17:26:43.172"/>
</kw>
<status status="PASS" starttime="20241129 17:26:39.843" endtime="20241129 17:26:43.172"/>
</kw>
<status status="PASS" starttime="20241129 17:26:39.843" endtime="20241129 17:26:43.172"/>
</iter>
<iter>
<var name="${row}">{'First Name': 'Conte', 'Last Name': 'Mascetti', 'Sales': 141182, 'Sales Target': 35000}</var>
<kw name="Fill Form" library="keywords">
<arg>${row}</arg>
<kw name="Wait Until Element Is Visible" library="RPA.Browser.Selenium">
<arg>id:firstname</arg>
<arg>timeout=5</arg>
<doc>Waits until the element ``locator`` is visible.</doc>
<status status="PASS" starttime="20241129 17:26:43.173" endtime="20241129 17:26:43.189"/>
</kw>
<kw name="Input Text" library="RPA.Browser.Selenium">
<arg>id:firstname</arg>
<arg>${row["First Name"]}</arg>
<doc>Types the given ``text`` into the text field identified by ``locator``.</doc>
<msg timestamp="20241129 17:26:43.190" level="INFO">Typing text 'Conte' into text field 'id:firstname'.</msg>
<status status="PASS" starttime="20241129 17:26:43.189" endtime="20241129 17:26:43.259"/>
</kw>
<kw name="Wait Until Element Is Visible" library="RPA.Browser.Selenium">
<arg>id:lastname</arg>
<arg>timeout=5</arg>
<doc>Waits until the element ``locator`` is visible.</doc>
<status status="PASS" starttime="20241129 17:26:43.259" endtime="20241129 17:26:43.277"/>
</kw>
<kw name="Input Text" library="RPA.Browser.Selenium">
<arg>id:lastname</arg>
<arg>${row["Last Name"]}</arg>
<doc>Types the given ``text`` into the text field identified by ``locator``.</doc>
<msg timestamp="20241129 17:26:43.278" level="INFO">Typing text 'Mascetti' into text field 'id:lastname'.</msg>
<status status="PASS" starttime="20241129 17:26:43.277" endtime="20241129 17:26:43.345"/>
</kw>
<kw name="Wait Until Element Is Visible" library="RPA.Browser.Selenium">
<arg>id:salestarget</arg>
<arg>timeout=5</arg>
<doc>Waits until the element ``locator`` is visible.</doc>
<status status="PASS" starttime="20241129 17:26:43.346" endtime="20241129 17:26:43.364"/>
</kw>
<kw name="Select From List By Value" library="RPA.Browser.Selenium">
<arg>id:salestarget</arg>
<arg>${row["Sales Target"]}</arg>
<doc>Selects options from selection list ``locator`` by ``values``.</doc>
<msg timestamp="20241129 17:26:43.365" level="INFO">Selecting options from selection list 'id:salestarget' by value 35000.</msg>
<status status="PASS" starttime="20241129 17:26:43.364" endtime="20241129 17:26:43.425"/>
</kw>
<kw name="Wait Until Element Is Visible" library="RPA.Browser.Selenium">
<arg>id:salesresult</arg>
<arg>timeout=5</arg>
<doc>Waits until the element ``locator`` is visible.</doc>
<status status="PASS" starttime="20241129 17:26:43.425" endtime="20241129 17:26:43.443"/>
</kw>
<kw name="Input Text" library="RPA.Browser.Selenium">
<arg>id:salesresult</arg>
<arg>${row["Sales"]}</arg>
<doc>Types the given ``text`` into the text field identified by ``locator``.</doc>
<msg timestamp="20241129 17:26:43.444" level="INFO">Typing text '141182' into text field 'id:salesresult'.</msg>
<status status="PASS" starttime="20241129 17:26:43.443" endtime="20241129 17:26:43.573"/>
</kw>
<kw name="Wait Until Element Is Visible" library="RPA.Browser.Selenium">
<arg>xpath=//button[text()='Submit']</arg>
<arg>timeout=5</arg>
<doc>Waits until the element ``locator`` is visible.</doc>
<status status="PASS" starttime="20241129 17:26:43.574" endtime="20241129 17:26:43.589"/>
</kw>
<kw name="Click Button" library="RPA.Browser.Selenium">
<arg>xpath=//button[text()='Submit']</arg>
<doc>Clicks the button identified by ``locator``.</doc>
<msg timestamp="20241129 17:26:43.590" level="INFO">Clicking button 'xpath=//button[text()='Submit']'.</msg>
<status status="PASS" starttime="20241129 17:26:43.589" endtime="20241129 17:26:43.793"/>
</kw>
<status status="PASS" starttime="20241129 17:26:43.172" endtime="20241129 17:26:43.793"/>
</kw>
<status status="PASS" starttime="20241129 17:26:43.172" endtime="20241129 17:26:43.793"/>
</iter>
<iter>
<var name="${row}">{'First Name': 'Dallon', 'Last Name': 'Seals', 'Sales': 61456, 'Sales Target': 15000}</var>
<kw name="Fill Form" library="keywords">
<arg>${row}</arg>
<kw name="Wait Until Element Is Visible" library="RPA.Browser.Selenium">
<arg>id:firstname</arg>
<arg>timeout=5</arg>
<doc>Waits until the element ``locator`` is visible.</doc>
<status status="PASS" starttime="20241129 17:26:43.794" endtime="20241129 17:26:43.816"/>
</kw>
<kw name="Input Text" library="RPA.Browser.Selenium">
<arg>id:firstname</arg>
<arg>${row["First Name"]}</arg>
<doc>Types the given ``text`` into the text field identified by ``locator``.</doc>
<msg timestamp="20241129 17:26:43.817" level="INFO">Typing text 'Dallon' into text field 'id:firstname'.</msg>
<status status="PASS" starttime="20241129 17:26:43.816" endtime="20241129 17:26:43.900"/>
</kw>
<kw name="Wait Until Element Is Visible" library="RPA.Browser.Selenium">
<arg>id:lastname</arg>
<arg>timeout=5</arg>
<doc>Waits until the element ``locator`` is visible.</doc>
<status status="PASS" starttime="20241129 17:26:43.900" endtime="20241129 17:26:43.916"/>
</kw>
<kw name="Input Text" library="RPA.Browser.Selenium">
<arg>id:lastname</arg>
<arg>${row["Last Name"]}</arg>
<doc>Types the given ``text`` into the text field identified by ``locator``.</doc>
<msg timestamp="20241129 17:26:43.917" level="INFO">Typing text 'Seals' into text field 'id:lastname'.</msg>
<status status="PASS" starttime="20241129 17:26:43.916" endtime="20241129 17:26:43.988"/>
</kw>
<kw name="Wait Until Element Is Visible" library="RPA.Browser.Selenium">
<arg>id:salestarget</arg>
<arg>timeout=5</arg>
<doc>Waits until the element ``locator`` is visible.</doc>
<status status="PASS" starttime="20241129 17:26:43.988" endtime="20241129 17:26:44.012"/>
</kw>
<kw name="Select From List By Value" library="RPA.Browser.Selenium">
<arg>id:salestarget</arg>
<arg>${row["Sales Target"]}</arg>
<doc>Selects options from selection list ``locator`` by ``values``.</doc>
<msg timestamp="20241129 17:26:44.013" level="INFO">Selecting options from selection list 'id:salestarget' by value 15000.</msg>
<status status="PASS" starttime="20241129 17:26:44.012" endtime="20241129 17:26:44.067"/>
</kw>
<kw name="Wait Until Element Is Visible" library="RPA.Browser.Selenium">
<arg>id:salesresult</arg>
<arg>timeout=5</arg>
<doc>Waits until the element ``locator`` is visible.</doc>
<status status="PASS" starttime="20241129 17:26:44.067" endtime="20241129 17:26:44.082"/>
</kw>
<kw name="Input Text" library="RPA.Browser.Selenium">
<arg>id:salesresult</arg>
<arg>${row["Sales"]}</arg>
<doc>Types the given ``text`` into the text field identified by ``locator``.</doc>
<msg timestamp="20241129 17:26:44.083" level="INFO">Typing text '61456' into text field 'id:salesresult'.</msg>
<status status="PASS" starttime="20241129 17:26:44.082" endtime="20241129 17:26:44.149"/>
</kw>
<kw name="Wait Until Element Is Visible" library="RPA.Browser.Selenium">
<arg>xpath=//button[text()='Submit']</arg>
<arg>timeout=5</arg>
<doc>Waits until the element ``locator`` is visible.</doc>
<status status="PASS" starttime="20241129 17:26:44.149" endtime="20241129 17:26:44.168"/>
</kw>
<kw name="Click Button" library="RPA.Browser.Selenium">
<arg>xpath=//button[text()='Submit']</arg>
<doc>Clicks the button identified by ``locator``.</doc>
<msg timestamp="20241129 17:26:44.168" level="INFO">Clicking button 'xpath=//button[text()='Submit']'.</msg>
<status status="PASS" starttime="20241129 17:26:44.168" endtime="20241129 17:26:44.348"/>
</kw>
<status status="PASS" starttime="20241129 17:26:43.793" endtime="20241129 17:26:44.348"/>
</kw>
<status status="PASS" starttime="20241129 17:26:43.793" endtime="20241129 17:26:44.348"/>
</iter>
<iter>
<var name="${row}">{'First Name': 'Jocelyn', 'Last Name': 'Thomsson', 'Sales': 99354, 'Sales Target': 95000}</var>
<kw name="Fill Form" library="keywords">
<arg>${row}</arg>
<kw name="Wait Until Element Is Visible" library="RPA.Browser.Selenium">
<arg>id:firstname</arg>
<arg>timeout=5</arg>
<doc>Waits until the element ``locator`` is visible.</doc>
<status status="PASS" starttime="20241129 17:26:44.348" endtime="20241129 17:26:44.389"/>
</kw>
<kw name="Input Text" library="RPA.Browser.Selenium">
<arg>id:firstname</arg>
<arg>${row["First Name"]}</arg>
<doc>Types the given ``text`` into the text field identified by ``locator``.</doc>
<msg timestamp="20241129 17:26:44.390" level="INFO">Typing text 'Jocelyn' into text field 'id:firstname'.</msg>
<status status="PASS" starttime="20241129 17:26:44.389" endtime="20241129 17:26:44.462"/>
</kw>
<kw name="Wait Until Element Is Visible" library="RPA.Browser.Selenium">
<arg>id:lastname</arg>
<arg>timeout=5</arg>
<doc>Waits until the element ``locator`` is visible.</doc>
<status status="PASS" starttime="20241129 17:26:44.463" endtime="20241129 17:26:44.482"/>
</kw>
<kw name="Input Text" library="RPA.Browser.Selenium">
<arg>id:lastname</arg>
<arg>${row["Last Name"]}</arg>
<doc>Types the given ``text`` into the text field identified by ``locator``.</doc>
<msg timestamp="20241129 17:26:44.483" level="INFO">Typing text 'Thomsson' into text field 'id:lastname'.</msg>
<status status="PASS" starttime="20241129 17:26:44.482" endtime="20241129 17:26:44.554"/>
</kw>
<kw name="Wait Until Element Is Visible" library="RPA.Browser.Selenium">
<arg>id:salestarget</arg>
<arg>timeout=5</arg>
<doc>Waits until the element ``locator`` is visible.</doc>
<status status="PASS" starttime="20241129 17:26:44.554" endtime="20241129 17:26:44.572"/>
</kw>
<kw name="Select From List By Value" library="RPA.Browser.Selenium">
<arg>id:salestarget</arg>
<arg>${row["Sales Target"]}</arg>
<doc>Selects options from selection list ``locator`` by ``values``.</doc>
<msg timestamp="20241129 17:26:44.573" level="INFO">Selecting options from selection list 'id:salestarget' by value 95000.</msg>
<status status="PASS" starttime="20241129 17:26:44.572" endtime="20241129 17:26:44.630"/>
</kw>
<kw name="Wait Until Element Is Visible" library="RPA.Browser.Selenium">
<arg>id:salesresult</arg>
<arg>timeout=5</arg>
<doc>Waits until the element ``locator`` is visible.</doc>
<status status="PASS" starttime="20241129 17:26:44.630" endtime="20241129 17:26:44.648"/>
</kw>
<kw name="Input Text" library="RPA.Browser.Selenium">
<arg>id:salesresult</arg>
<arg>${row["Sales"]}</arg>
<doc>Types the given ``text`` into the text field identified by ``locator``.</doc>
<msg timestamp="20241129 17:26:44.649" level="INFO">Typing text '99354' into text field 'id:salesresult'.</msg>
<status status="PASS" starttime="20241129 17:26:44.648" endtime="20241129 17:26:44.715"/>
</kw>
<kw name="Wait Until Element Is Visible" library="RPA.Browser.Selenium">
<arg>xpath=//button[text()='Submit']</arg>
<arg>timeout=5</arg>
<doc>Waits until the element ``locator`` is visible.</doc>
<status status="PASS" starttime="20241129 17:26:44.715" endtime="20241129 17:26:44.732"/>
</kw>
<kw name="Click Button" library="RPA.Browser.Selenium">
<arg>xpath=//button[text()='Submit']</arg>
<doc>Clicks the button identified by ``locator``.</doc>
<msg timestamp="20241129 17:26:44.733" level="INFO">Clicking button 'xpath=//button[text()='Submit']'.</msg>
<status status="PASS" starttime="20241129 17:26:44.732" endtime="20241129 17:26:44.912"/>
</kw>
<status status="PASS" starttime="20241129 17:26:44.348" endtime="20241129 17:26:44.912"/>
</kw>
<status status="PASS" starttime="20241129 17:26:44.348" endtime="20241129 17:26:44.912"/>
</iter>
<iter>
<var name="${row}">{'First Name': 'Yoko', 'Last Name': 'Flecknell', 'Sales': 139701, 'Sales Target': 50000}</var>
<kw name="Fill Form" library="keywords">
<arg>${row}</arg>
<kw name="Wait Until Element Is Visible" library="RPA.Browser.Selenium">
<arg>id:firstname</arg>
<arg>timeout=5</arg>
<doc>Waits until the element ``locator`` is visible.</doc>
<status status="PASS" starttime="20241129 17:26:44.913" endtime="20241129 17:26:44.950"/>
</kw>
<kw name="Input Text" library="RPA.Browser.Selenium">
<arg>id:firstname</arg>
<arg>${row["First Name"]}</arg>
<doc>Types the given ``text`` into the text field identified by ``locator``.</doc>
<msg timestamp="20241129 17:26:44.951" level="INFO">Typing text 'Yoko' into text field 'id:firstname'.</msg>
<status status="PASS" starttime="20241129 17:26:44.951" endtime="20241129 17:26:45.022"/>
</kw>
<kw name="Wait Until Element Is Visible" library="RPA.Browser.Selenium">
<arg>id:lastname</arg>
<arg>timeout=5</arg>
<doc>Waits until the element ``locator`` is visible.</doc>
<status status="PASS" starttime="20241129 17:26:45.023" endtime="20241129 17:26:45.041"/>
</kw>
<kw name="Input Text" library="RPA.Browser.Selenium">
<arg>id:lastname</arg>
<arg>${row["Last Name"]}</arg>
<doc>Types the given ``text`` into the text field identified by ``locator``.</doc>
<msg timestamp="20241129 17:26:45.042" level="INFO">Typing text 'Flecknell' into text field 'id:lastname'.</msg>
<status status="PASS" starttime="20241129 17:26:45.042" endtime="20241129 17:26:45.117"/>
</kw>
<kw name="Wait Until Element Is Visible" library="RPA.Browser.Selenium">
<arg>id:salestarget</arg>
<arg>timeout=5</arg>
<doc>Waits until the element ``locator`` is visible.</doc>
<status status="PASS" starttime="20241129 17:26:45.117" endtime="20241129 17:26:45.136"/>
</kw>
<kw name="Select From List By Value" library="RPA.Browser.Selenium">
<arg>id:salestarget</arg>
<arg>${row["Sales Target"]}</arg>
<doc>Selects options from selection list ``locator`` by ``values``.</doc>
<msg timestamp="20241129 17:26:45.137" level="INFO">Selecting options from selection list 'id:salestarget' by value 50000.</msg>
<status status="PASS" starttime="20241129 17:26:45.136" endtime="20241129 17:26:45.193"/>
</kw>
<kw name="Wait Until Element Is Visible" library="RPA.Browser.Selenium">
<arg>id:salesresult</arg>
<arg>timeout=5</arg>
<doc>Waits until the element ``locator`` is visible.</doc>
<status status="PASS" starttime="20241129 17:26:45.193" endtime="20241129 17:26:45.209"/>
</kw>
<kw name="Input Text" library="RPA.Browser.Selenium">
<arg>id:salesresult</arg>
<arg>${row["Sales"]}</arg>
<doc>Types the given ``text`` into the text field identified by ``locator``.</doc>
<msg timestamp="20241129 17:26:45.210" level="INFO">Typing text '139701' into text field 'id:salesresult'.</msg>
<status status="PASS" starttime="20241129 17:26:45.209" endtime="20241129 17:26:45.281"/>
</kw>
<kw name="Wait Until Element Is Visible" library="RPA.Browser.Selenium">
<arg>xpath=//button[text()='Submit']</arg>
<arg>timeout=5</arg>
<doc>Waits until the element ``locator`` is visible.</doc>
<status status="PASS" starttime="20241129 17:26:45.281" endtime="20241129 17:26:45.297"/>
</kw>
<kw name="Click Button" library="RPA.Browser.Selenium">
<arg>xpath=//button[text()='Submit']</arg>
<doc>Clicks the button identified by ``locator``.</doc>
<msg timestamp="20241129 17:26:45.298" level="INFO">Clicking button 'xpath=//button[text()='Submit']'.</msg>
<status status="PASS" starttime="20241129 17:26:45.297" endtime="20241129 17:26:45.521"/>
</kw>
<status status="PASS" starttime="20241129 17:26:44.913" endtime="20241129 17:26:45.522"/>
</kw>
<status status="PASS" starttime="20241129 17:26:44.913" endtime="20241129 17:26:45.522"/>
</iter>
<iter>
<var name="${row}">{'First Name': 'Ninnette', 'Last Name': 'Heinssen', 'Sales': 63808, 'Sales Target': 25000}</var>
<kw name="Fill Form" library="keywords">
<arg>${row}</arg>
<kw name="Wait Until Element Is Visible" library="RPA.Browser.Selenium">
<arg>id:firstname</arg>
<arg>timeout=5</arg>
<doc>Waits until the element ``locator`` is visible.</doc>
<status status="PASS" starttime="20241129 17:26:45.523" endtime="20241129 17:26:45.546"/>
</kw>
<kw name="Input Text" library="RPA.Browser.Selenium">
<arg>id:firstname</arg>
<arg>${row["First Name"]}</arg>
<doc>Types the given ``text`` into the text field identified by ``locator``.</doc>
<msg timestamp="20241129 17:26:45.547" level="INFO">Typing text 'Ninnette' into text field 'id:firstname'.</msg>
<status status="PASS" starttime="20241129 17:26:45.546" endtime="20241129 17:26:45.628"/>
</kw>
<kw name="Wait Until Element Is Visible" library="RPA.Browser.Selenium">
<arg>id:lastname</arg>
<arg>timeout=5</arg>
<doc>Waits until the element ``locator`` is visible.</doc>
<status status="PASS" starttime="20241129 17:26:45.628" endtime="20241129 17:26:45.644"/>
</kw>
<kw name="Input Text" library="RPA.Browser.Selenium">
<arg>id:lastname</arg>
<arg>${row["Last Name"]}</arg>
<doc>Types the given ``text`` into the text field identified by ``locator``.</doc>
<msg timestamp="20241129 17:26:45.645" level="INFO">Typing text 'Heinssen' into text field 'id:lastname'.</msg>
<status status="PASS" starttime="20241129 17:26:45.644" endtime="20241129 17:26:45.713"/>
</kw>
<kw name="Wait Until Element Is Visible" library="RPA.Browser.Selenium">
<arg>id:salestarget</arg>
<arg>timeout=5</arg>
<doc>Waits until the element ``locator`` is visible.</doc>
<status status="PASS" starttime="20241129 17:26:45.714" endtime="20241129 17:26:45.730"/>
</kw>
<kw name="Select From List By Value" library="RPA.Browser.Selenium">
<arg>id:salestarget</arg>
<arg>${row["Sales Target"]}</arg>
<doc>Selects options from selection list ``locator`` by ``values``.</doc>
<msg timestamp="20241129 17:26:45.731" level="INFO">Selecting options from selection list 'id:salestarget' by value 25000.</msg>
<status status="PASS" starttime="20241129 17:26:45.730" endtime="20241129 17:26:45.789"/>
</kw>
<kw name="Wait Until Element Is Visible" library="RPA.Browser.Selenium">
<arg>id:salesresult</arg>
<arg>timeout=5</arg>
<doc>Waits until the element ``locator`` is visible.</doc>
<status status="PASS" starttime="20241129 17:26:45.790" endtime="20241129 17:26:45.808"/>
</kw>
<kw name="Input Text" library="RPA.Browser.Selenium">
<arg>id:salesresult</arg>
<arg>${row["Sales"]}</arg>
<doc>Types the given ``text`` into the text field identified by ``locator``.</doc>
<msg timestamp="20241129 17:26:45.809" level="INFO">Typing text '63808' into text field 'id:salesresult'.</msg>
<status status="PASS" starttime="20241129 17:26:45.809" endtime="20241129 17:26:45.877"/>
</kw>
<kw name="Wait Until Element Is Visible" library="RPA.Browser.Selenium">
<arg>xpath=//button[text()='Submit']</arg>
<arg>timeout=5</arg>
<doc>Waits until the element ``locator`` is visible.</doc>
<status status="PASS" starttime="20241129 17:26:45.878" endtime="20241129 17:26:45.896"/>
</kw>
<kw name="Click Button" library="RPA.Browser.Selenium">
<arg>xpath=//button[text()='Submit']</arg>
<doc>Clicks the button identified by ``locator``.</doc>
<msg timestamp="20241129 17:26:45.897" level="INFO">Clicking button 'xpath=//button[text()='Submit']'.</msg>
<status status="PASS" starttime="20241129 17:26:45.896" endtime="20241129 17:26:46.090"/>
</kw>
<status status="PASS" starttime="20241129 17:26:45.522" endtime="20241129 17:26:46.090"/>
</kw>
<status status="PASS" starttime="20241129 17:26:45.522" endtime="20241129 17:26:46.090"/>
</iter>
<iter>
<var name="${row}">{'First Name': 'Ahmed', 'Last Name': 'Vasnetsov', 'Sales': 50211, 'Sales Target': 60000}</var>
<kw name="Fill Form" library="keywords">
<arg>${row}</arg>
<kw name="Wait Until Element Is Visible" library="RPA.Browser.Selenium">
<arg>id:firstname</arg>
<arg>timeout=5</arg>
<doc>Waits until the element ``locator`` is visible.</doc>
<status status="PASS" starttime="20241129 17:26:46.090" endtime="20241129 17:26:46.109"/>
</kw>
<kw name="Input Text" library="RPA.Browser.Selenium">
<arg>id:firstname</arg>
<arg>${row["First Name"]}</arg>
<doc>Types the given ``text`` into the text field identified by ``locator``.</doc>
<msg timestamp="20241129 17:26:46.110" level="INFO">Typing text 'Ahmed' into text field 'id:firstname'.</msg>
<status status="PASS" starttime="20241129 17:26:46.109" endtime="20241129 17:26:46.188"/>
</kw>
<kw name="Wait Until Element Is Visible" library="RPA.Browser.Selenium">
<arg>id:lastname</arg>
<arg>timeout=5</arg>
<doc>Waits until the element ``locator`` is visible.</doc>
<status status="PASS" starttime="20241129 17:26:46.188" endtime="20241129 17:26:46.209"/>
</kw>
<kw name="Input Text" library="RPA.Browser.Selenium">
<arg>id:lastname</arg>
<arg>${row["Last Name"]}</arg>
<doc>Types the given ``text`` into the text field identified by ``locator``.</doc>
<msg timestamp="20241129 17:26:46.210" level="INFO">Typing text 'Vasnetsov' into text field 'id:lastname'.</msg>
<status status="PASS" starttime="20241129 17:26:46.209" endtime="20241129 17:26:46.280"/>
</kw>
<kw name="Wait Until Element Is Visible" library="RPA.Browser.Selenium">
<arg>id:salestarget</arg>
<arg>timeout=5</arg>
<doc>Waits until the element ``locator`` is visible.</doc>
<status status="PASS" starttime="20241129 17:26:46.280" endtime="20241129 17:26:46.297"/>
</kw>
<kw name="Select From List By Value" library="RPA.Browser.Selenium">
<arg>id:salestarget</arg>
<arg>${row["Sales Target"]}</arg>
<doc>Selects options from selection list ``locator`` by ``values``.</doc>
<msg timestamp="20241129 17:26:46.298" level="INFO">Selecting options from selection list 'id:salestarget' by value 60000.</msg>
<status status="PASS" starttime="20241129 17:26:46.297" endtime="20241129 17:26:46.355"/>
</kw>
<kw name="Wait Until Element Is Visible" library="RPA.Browser.Selenium">
<arg>id:salesresult</arg>
<arg>timeout=5</arg>
<doc>Waits until the element ``locator`` is visible.</doc>
<status status="PASS" starttime="20241129 17:26:46.355" endtime="20241129 17:26:46.371"/>
</kw>
<kw name="Input Text" library="RPA.Browser.Selenium">
<arg>id:salesresult</arg>
<arg>${row["Sales"]}</arg>
<doc>Types the given ``text`` into the text field identified by ``locator``.</doc>
<msg timestamp="20241129 17:26:46.372" level="INFO">Typing text '50211' into text field 'id:salesresult'.</msg>
<status status="PASS" starttime="20241129 17:26:46.371" endtime="20241129 17:26:46.438"/>
</kw>
<kw name="Wait Until Element Is Visible" library="RPA.Browser.Selenium">
<arg>xpath=//button[text()='Submit']</arg>
<arg>timeout=5</arg>
<doc>Waits until the element ``locator`` is visible.</doc>
<status status="PASS" starttime="20241129 17:26:46.438" endtime="20241129 17:26:46.455"/>
</kw>
<kw name="Click Button" library="RPA.Browser.Selenium">
<arg>xpath=//button[text()='Submit']</arg>
<doc>Clicks the button identified by ``locator``.</doc>
<msg timestamp="20241129 17:26:46.455" level="INFO">Clicking button 'xpath=//button[text()='Submit']'.</msg>
<status status="PASS" starttime="20241129 17:26:46.455" endtime="20241129 17:26:46.652"/>
</kw>
<status status="PASS" starttime="20241129 17:26:46.090" endtime="20241129 17:26:46.652"/>
</kw>
<status status="PASS" starttime="20241129 17:26:46.090" endtime="20241129 17:26:46.652"/>
</iter>
<iter>
<var name="${row}">{'First Name': 'Pearline', 'Last Name': 'Fenton', 'Sales': 78556, 'Sales Target': 35000}</var>
<kw name="Fill Form" library="keywords">
<arg>${row}</arg>
<kw name="Wait Until Element Is Visible" library="RPA.Browser.Selenium">
<arg>id:firstname</arg>
<arg>timeout=5</arg>
<doc>Waits until the element ``locator`` is visible.</doc>
<status status="PASS" starttime="20241129 17:26:46.653" endtime="20241129 17:26:46.672"/>
</kw>
<kw name="Input Text" library="RPA.Browser.Selenium">
<arg>id:firstname</arg>
<arg>${row["First Name"]}</arg>
<doc>Types the given ``text`` into the text field identified by ``locator``.</doc>
<msg timestamp="20241129 17:26:46.673" level="INFO">Typing text 'Pearline' into text field 'id:firstname'.</msg>
<status status="PASS" starttime="20241129 17:26:46.672" endtime="20241129 17:26:46.758"/>
</kw>
<kw name="Wait Until Element Is Visible" library="RPA.Browser.Selenium">
<arg>id:lastname</arg>
<arg>timeout=5</arg>
<doc>Waits until the element ``locator`` is visible.</doc>
<status status="PASS" starttime="20241129 17:26:46.758" endtime="20241129 17:26:46.775"/>
</kw>
<kw name="Input Text" library="RPA.Browser.Selenium">
<arg>id:lastname</arg>
<arg>${row["Last Name"]}</arg>
<doc>Types the given ``text`` into the text field identified by ``locator``.</doc>
<msg timestamp="20241129 17:26:46.776" level="INFO">Typing text 'Fenton' into text field 'id:lastname'.</msg>
<status status="PASS" starttime="20241129 17:26:46.775" endtime="20241129 17:26:46.918"/>
</kw>
<kw name="Wait Until Element Is Visible" library="RPA.Browser.Selenium">
<arg>id:salestarget</arg>
<arg>timeout=5</arg>
<doc>Waits until the element ``locator`` is visible.</doc>
<status status="PASS" starttime="20241129 17:26:46.918" endtime="20241129 17:26:46.936"/>
</kw>
<kw name="Select From List By Value" library="RPA.Browser.Selenium">
<arg>id:salestarget</arg>
<arg>${row["Sales Target"]}</arg>
<doc>Selects options from selection list ``locator`` by ``values``.</doc>
<msg timestamp="20241129 17:26:46.937" level="INFO">Selecting options from selection list 'id:salestarget' by value 35000.</msg>
<status status="PASS" starttime="20241129 17:26:46.936" endtime="20241129 17:26:46.991"/>
</kw>
<kw name="Wait Until Element Is Visible" library="RPA.Browser.Selenium">
<arg>id:salesresult</arg>
<arg>timeout=5</arg>
<doc>Waits until the element ``locator`` is visible.</doc>
<status status="PASS" starttime="20241129 17:26:46.991" endtime="20241129 17:26:47.008"/>
</kw>
<kw name="Input Text" library="RPA.Browser.Selenium">
<arg>id:salesresult</arg>
<arg>${row["Sales"]}</arg>
<doc>Types the given ``text`` into the text field identified by ``locator``.</doc>
<msg timestamp="20241129 17:26:47.009" level="INFO">Typing text '78556' into text field 'id:salesresult'.</msg>
<status status="PASS" starttime="20241129 17:26:47.008" endtime="20241129 17:26:47.074"/>
</kw>
<kw name="Wait Until Element Is Visible" library="RPA.Browser.Selenium">
<arg>xpath=//button[text()='Submit']</arg>
<arg>timeout=5</arg>
<doc>Waits until the element ``locator`` is visible.</doc>
<status status="PASS" starttime="20241129 17:26:47.074" endtime="20241129 17:26:47.091"/>
</kw>
<kw name="Click Button" library="RPA.Browser.Selenium">
<arg>xpath=//button[text()='Submit']</arg>
<doc>Clicks the button identified by ``locator``.</doc>
<msg timestamp="20241129 17:26:47.091" level="INFO">Clicking button 'xpath=//button[text()='Submit']'.</msg>
<status status="PASS" starttime="20241129 17:26:47.091" endtime="20241129 17:26:47.314"/>
</kw>
<status status="PASS" starttime="20241129 17:26:46.652" endtime="20241129 17:26:47.314"/>
</kw>
<status status="PASS" starttime="20241129 17:26:46.652" endtime="20241129 17:26:47.314"/>
</iter>
<iter>
<var name="${row}">{'First Name': 'Lelah', 'Last Name': 'Yewdale', 'Sales': 122695, 'Sales Target': 100000}</var>
<kw name="Fill Form" library="keywords">
<arg>${row}</arg>
<kw name="Wait Until Element Is Visible" library="RPA.Browser.Selenium">
<arg>id:firstname</arg>
<arg>timeout=5</arg>
<doc>Waits until the element ``locator`` is visible.</doc>
<status status="PASS" starttime="20241129 17:26:47.315" endtime="20241129 17:26:47.363"/>
</kw>
<kw name="Input Text" library="RPA.Browser.Selenium">
<arg>id:firstname</arg>
<arg>${row["First Name"]}</arg>
<doc>Types the given ``text`` into the text field identified by ``locator``.</doc>
<msg timestamp="20241129 17:26:47.364" level="INFO">Typing text 'Lelah' into text field 'id:firstname'.</msg>
<status status="PASS" starttime="20241129 17:26:47.363" endtime="20241129 17:26:47.446"/>
</kw>
<kw name="Wait Until Element Is Visible" library="RPA.Browser.Selenium">
<arg>id:lastname</arg>
<arg>timeout=5</arg>
<doc>Waits until the element ``locator`` is visible.</doc>
<status status="PASS" starttime="20241129 17:26:47.446" endtime="20241129 17:26:47.464"/>
</kw>
<kw name="Input Text" library="RPA.Browser.Selenium">
<arg>id:lastname</arg>
<arg>${row["Last Name"]}</arg>
<doc>Types the given ``text`` into the text field identified by ``locator``.</doc>
<msg timestamp="20241129 17:26:47.466" level="INFO">Typing text 'Yewdale' into text field 'id:lastname'.</msg>
<status status="PASS" starttime="20241129 17:26:47.465" endtime="20241129 17:26:47.536"/>
</kw>
<kw name="Wait Until Element Is Visible" library="RPA.Browser.Selenium">
<arg>id:salestarget</arg>
<arg>timeout=5</arg>
<doc>Waits until the element ``locator`` is visible.</doc>
<status status="PASS" starttime="20241129 17:26:47.536" endtime="20241129 17:26:47.552"/>
</kw>
<kw name="Select From List By Value" library="RPA.Browser.Selenium">
<arg>id:salestarget</arg>
<arg>${row["Sales Target"]}</arg>
<doc>Selects options from selection list ``locator`` by ``values``.</doc>
<msg timestamp="20241129 17:26:47.553" level="INFO">Selecting options from selection list 'id:salestarget' by value 100000.</msg>
<status status="PASS" starttime="20241129 17:26:47.552" endtime="20241129 17:26:47.608"/>
</kw>
<kw name="Wait Until Element Is Visible" library="RPA.Browser.Selenium">
<arg>id:salesresult</arg>
<arg>timeout=5</arg>
<doc>Waits until the element ``locator`` is visible.</doc>
<status status="PASS" starttime="20241129 17:26:47.608" endtime="20241129 17:26:47.623"/>
</kw>
<kw name="Input Text" library="RPA.Browser.Selenium">
<arg>id:salesresult</arg>
<arg>${row["Sales"]}</arg>
<doc>Types the given ``text`` into the text field identified by ``locator``.</doc>
<msg timestamp="20241129 17:26:47.624" level="INFO">Typing text '122695' into text field 'id:salesresult'.</msg>
<status status="PASS" starttime="20241129 17:26:47.623" endtime="20241129 17:26:47.689"/>
</kw>
<kw name="Wait Until Element Is Visible" library="RPA.Browser.Selenium">
<arg>xpath=//button[text()='Submit']</arg>
<arg>timeout=5</arg>
<doc>Waits until the element ``locator`` is visible.</doc>
<status status="PASS" starttime="20241129 17:26:47.689" endtime="20241129 17:26:47.706"/>
</kw>
<kw name="Click Button" library="RPA.Browser.Selenium">
<arg>xpath=//button[text()='Submit']</arg>
<doc>Clicks the button identified by ``locator``.</doc>
<msg timestamp="20241129 17:26:47.707" level="INFO">Clicking button 'xpath=//button[text()='Submit']'.</msg>
<status status="PASS" starttime="20241129 17:26:47.706" endtime="20241129 17:26:47.929"/>
</kw>
<status status="PASS" starttime="20241129 17:26:47.315" endtime="20241129 17:26:47.930"/>
</kw>
<status status="PASS" starttime="20241129 17:26:47.315" endtime="20241129 17:26:47.930"/>
</iter>
<iter>
<var name="${row}">{'First Name': 'Belinda', 'Last Name': 'Blumenthal', 'Sales': 115410, 'Sales Target': 70000}</var>
<kw name="Fill Form" library="keywords">
<arg>${row}</arg>
<kw name="Wait Until Element Is Visible" library="RPA.Browser.Selenium">
<arg>id:firstname</arg>
<arg>timeout=5</arg>
<doc>Waits until the element ``locator`` is visible.</doc>
<status status="PASS" starttime="20241129 17:26:47.930" endtime="20241129 17:26:47.952"/>
</kw>
<kw name="Input Text" library="RPA.Browser.Selenium">
<arg>id:firstname</arg>
<arg>${row["First Name"]}</arg>
<doc>Types the given ``text`` into the text field identified by ``locator``.</doc>
<msg timestamp="20241129 17:26:47.953" level="INFO">Typing text 'Belinda' into text field 'id:firstname'.</msg>
<status status="PASS" starttime="20241129 17:26:47.952" endtime="20241129 17:26:48.032"/>
</kw>
<kw name="Wait Until Element Is Visible" library="RPA.Browser.Selenium">
<arg>id:lastname</arg>
<arg>timeout=5</arg>
<doc>Waits until the element ``locator`` is visible.</doc>
<status status="PASS" starttime="20241129 17:26:48.032" endtime="20241129 17:26:48.048"/>
</kw>
<kw name="Input Text" library="RPA.Browser.Selenium">
<arg>id:lastname</arg>
<arg>${row["Last Name"]}</arg>
<doc>Types the given ``text`` into the text field identified by ``locator``.</doc>
<msg timestamp="20241129 17:26:48.050" level="INFO">Typing text 'Blumenthal' into text field 'id:lastname'.</msg>
<status status="PASS" starttime="20241129 17:26:48.048" endtime="20241129 17:26:48.121"/>
</kw>
<kw name="Wait Until Element Is Visible" library="RPA.Browser.Selenium">
<arg>id:salestarget</arg>
<arg>timeout=5</arg>
<doc>Waits until the element ``locator`` is visible.</doc>
<status status="PASS" starttime="20241129 17:26:48.121" endtime="20241129 17:26:48.140"/>
</kw>
<kw name="Select From List By Value" library="RPA.Browser.Selenium">
<arg>id:salestarget</arg>
<arg>${row["Sales Target"]}</arg>
<doc>Selects options from selection list ``locator`` by ``values``.</doc>
<msg timestamp="20241129 17:26:48.141" level="INFO">Selecting options from selection list 'id:salestarget' by value 70000.</msg>
<status status="PASS" starttime="20241129 17:26:48.140" endtime="20241129 17:26:48.193"/>
</kw>
<kw name="Wait Until Element Is Visible" library="RPA.Browser.Selenium">
<arg>id:salesresult</arg>
<arg>timeout=5</arg>
<doc>Waits until the element ``locator`` is visible.</doc>
<status status="PASS" starttime="20241129 17:26:48.193" endtime="20241129 17:26:48.210"/>
</kw>
<kw name="Input Text" library="RPA.Browser.Selenium">
<arg>id:salesresult</arg>
<arg>${row["Sales"]}</arg>
<doc>Types the given ``text`` into the text field identified by ``locator``.</doc>
<msg timestamp="20241129 17:26:48.211" level="INFO">Typing text '115410' into text field 'id:salesresult'.</msg>
<status status="PASS" starttime="20241129 17:26:48.210" endtime="20241129 17:26:48.294"/>
</kw>
<kw name="Wait Until Element Is Visible" library="RPA.Browser.Selenium">
<arg>xpath=//button[text()='Submit']</arg>
<arg>timeout=5</arg>
<doc>Waits until the element ``locator`` is visible.</doc>
<status status="PASS" starttime="20241129 17:26:48.294" endtime="20241129 17:26:48.314"/>
</kw>
<kw name="Click Button" library="RPA.Browser.Selenium">
<arg>xpath=//button[text()='Submit']</arg>
<doc>Clicks the button identified by ``locator``.</doc>
<msg timestamp="20241129 17:26:48.315" level="INFO">Clicking button 'xpath=//button[text()='Submit']'.</msg>
<status status="PASS" starttime="20241129 17:26:48.314" endtime="20241129 17:26:48.529"/>
</kw>
<status status="PASS" starttime="20241129 17:26:47.930" endtime="20241129 17:26:48.529"/>
</kw>
<status status="PASS" starttime="20241129 17:26:47.930" endtime="20241129 17:26:48.529"/>
</iter>
<iter>
<var name="${row}">{'First Name': 'Antoni', 'Last Name': 'Degoe', 'Sales': 106991, 'Sales Target': 75000}</var>
<kw name="Fill Form" library="keywords">
<arg>${row}</arg>
<kw name="Wait Until Element Is Visible" library="RPA.Browser.Selenium">
<arg>id:firstname</arg>
<arg>timeout=5</arg>
<doc>Waits until the element ``locator`` is visible.</doc>
<status status="PASS" starttime="20241129 17:26:48.530" endtime="20241129 17:26:48.550"/>
</kw>
<kw name="Input Text" library="RPA.Browser.Selenium">
<arg>id:firstname</arg>
<arg>${row["First Name"]}</arg>
<doc>Types the given ``text`` into the text field identified by ``locator``.</doc>
<msg timestamp="20241129 17:26:48.551" level="INFO">Typing text 'Antoni' into text field 'id:firstname'.</msg>
<status status="PASS" starttime="20241129 17:26:48.550" endtime="20241129 17:26:48.628"/>
</kw>
<kw name="Wait Until Element Is Visible" library="RPA.Browser.Selenium">
<arg>id:lastname</arg>
<arg>timeout=5</arg>
<doc>Waits until the element ``locator`` is visible.</doc>
<status status="PASS" starttime="20241129 17:26:48.628" endtime="20241129 17:26:48.646"/>
</kw>
<kw name="Input Text" library="RPA.Browser.Selenium">
<arg>id:lastname</arg>
<arg>${row["Last Name"]}</arg>
<doc>Types the given ``text`` into the text field identified by ``locator``.</doc>
<msg timestamp="20241129 17:26:48.647" level="INFO">Typing text 'Degoe' into text field 'id:lastname'.</msg>
<status status="PASS" starttime="20241129 17:26:48.646" endtime="20241129 17:26:48.715"/>
</kw>
<kw name="Wait Until Element Is Visible" library="RPA.Browser.Selenium">
<arg>id:salestarget</arg>
<arg>timeout=5</arg>
<doc>Waits until the element ``locator`` is visible.</doc>
<status status="PASS" starttime="20241129 17:26:48.715" endtime="20241129 17:26:48.731"/>
</kw>
<kw name="Select From List By Value" library="RPA.Browser.Selenium">
<arg>id:salestarget</arg>
<arg>${row["Sales Target"]}</arg>
<doc>Selects options from selection list ``locator`` by ``values``.</doc>
<msg timestamp="20241129 17:26:48.732" level="INFO">Selecting options from selection list 'id:salestarget' by value 75000.</msg>
<status status="PASS" starttime="20241129 17:26:48.732" endtime="20241129 17:26:48.789"/>
</kw>
<kw name="Wait Until Element Is Visible" library="RPA.Browser.Selenium">
<arg>id:salesresult</arg>
<arg>timeout=5</arg>
<doc>Waits until the element ``locator`` is visible.</doc>
<status status="PASS" starttime="20241129 17:26:48.790" endtime="20241129 17:26:48.806"/>
</kw>
<kw name="Input Text" library="RPA.Browser.Selenium">
<arg>id:salesresult</arg>
<arg>${row["Sales"]}</arg>
<doc>Types the given ``text`` into the text field identified by ``locator``.</doc>
<msg timestamp="20241129 17:26:48.807" level="INFO">Typing text '106991' into text field 'id:salesresult'.</msg>
<status status="PASS" starttime="20241129 17:26:48.806" endtime="20241129 17:26:48.929"/>
</kw>
<kw name="Wait Until Element Is Visible" library="RPA.Browser.Selenium">
<arg>xpath=//button[text()='Submit']</arg>
<arg>timeout=5</arg>
<doc>Waits until the element ``locator`` is visible.</doc>
<status status="PASS" starttime="20241129 17:26:48.929" endtime="20241129 17:26:48.944"/>
</kw>
<kw name="Click Button" library="RPA.Browser.Selenium">
<arg>xpath=//button[text()='Submit']</arg>
<doc>Clicks the button identified by ``locator``.</doc>
<msg timestamp="20241129 17:26:48.945" level="INFO">Clicking button 'xpath=//button[text()='Submit']'.</msg>
<status status="PASS" starttime="20241129 17:26:48.944" endtime="20241129 17:26:49.116"/>
</kw>
<status status="PASS" starttime="20241129 17:26:48.529" endtime="20241129 17:26:49.116"/>
</kw>
<status status="PASS" starttime="20241129 17:26:48.529" endtime="20241129 17:26:49.116"/>
</iter>
<iter>
<var name="${row}">{'First Name': 'Donnamarie', 'Last Name': 'Watts', 'Sales': 25924, 'Sales Target': 85000}</var>
<kw name="Fill Form" library="keywords">
<arg>${row}</arg>
<kw name="Wait Until Element Is Visible" library="RPA.Browser.Selenium">
<arg>id:firstname</arg>
<arg>timeout=5</arg>
<doc>Waits until the element ``locator`` is visible.</doc>
<status status="PASS" starttime="20241129 17:26:49.117" endtime="20241129 17:26:49.159"/>
</kw>
<kw name="Input Text" library="RPA.Browser.Selenium">
<arg>id:firstname</arg>
<arg>${row["First Name"]}</arg>
<doc>Types the given ``text`` into the text field identified by ``locator``.</doc>
<msg timestamp="20241129 17:26:49.161" level="INFO">Typing text 'Donnamarie' into text field 'id:firstname'.</msg>
<status status="PASS" starttime="20241129 17:26:49.160" endtime="20241129 17:26:49.241"/>
</kw>
<kw name="Wait Until Element Is Visible" library="RPA.Browser.Selenium">
<arg>id:lastname</arg>
<arg>timeout=5</arg>
<doc>Waits until the element ``locator`` is visible.</doc>
<status status="PASS" starttime="20241129 17:26:49.241" endtime="20241129 17:26:49.258"/>
</kw>
<kw name="Input Text" library="RPA.Browser.Selenium">
<arg>id:lastname</arg>
<arg>${row["Last Name"]}</arg>
<doc>Types the given ``text`` into the text field identified by ``locator``.</doc>
<msg timestamp="20241129 17:26:49.259" level="INFO">Typing text 'Watts' into text field 'id:lastname'.</msg>
<status status="PASS" starttime="20241129 17:26:49.258" endtime="20241129 17:26:49.342"/>
</kw>
<kw name="Wait Until Element Is Visible" library="RPA.Browser.Selenium">
<arg>id:salestarget</arg>
<arg>timeout=5</arg>
<doc>Waits until the element ``locator`` is visible.</doc>
<status status="PASS" starttime="20241129 17:26:49.342" endtime="20241129 17:26:49.359"/>
</kw>
<kw name="Select From List By Value" library="RPA.Browser.Selenium">
<arg>id:salestarget</arg>
<arg>${row["Sales Target"]}</arg>
<doc>Selects options from selection list ``locator`` by ``values``.</doc>
<msg timestamp="20241129 17:26:49.360" level="INFO">Selecting options from selection list 'id:salestarget' by value 85000.</msg>
<status status="PASS" starttime="20241129 17:26:49.359" endtime="20241129 17:26:49.431"/>
</kw>
<kw name="Wait Until Element Is Visible" library="RPA.Browser.Selenium">
<arg>id:salesresult</arg>
<arg>timeout=5</arg>
<doc>Waits until the element ``locator`` is visible.</doc>
<status status="PASS" starttime="20241129 17:26:49.432" endtime="20241129 17:26:49.447"/>
</kw>
<kw name="Input Text" library="RPA.Browser.Selenium">
<arg>id:salesresult</arg>
<arg>${row["Sales"]}</arg>
<doc>Types the given ``text`` into the text field identified by ``locator``.</doc>
<msg timestamp="20241129 17:26:49.448" level="INFO">Typing text '25924' into text field 'id:salesresult'.</msg>
<status status="PASS" starttime="20241129 17:26:49.447" endtime="20241129 17:26:49.520"/>
</kw>
<kw name="Wait Until Element Is Visible" library="RPA.Browser.Selenium">
<arg>xpath=//button[text()='Submit']</arg>
<arg>timeout=5</arg>
<doc>Waits until the element ``locator`` is visible.</doc>
<status status="PASS" starttime="20241129 17:26:49.520" endtime="20241129 17:26:49.539"/>
</kw>
<kw name="Click Button" library="RPA.Browser.Selenium">
<arg>xpath=//button[text()='Submit']</arg>
<doc>Clicks the button identified by ``locator``.</doc>
<msg timestamp="20241129 17:26:49.539" level="INFO">Clicking button 'xpath=//button[text()='Submit']'.</msg>
<status status="PASS" starttime="20241129 17:26:49.539" endtime="20241129 17:26:49.756"/>
</kw>
<status status="PASS" starttime="20241129 17:26:49.116" endtime="20241129 17:26:49.756"/>
</kw>
<status status="PASS" starttime="20241129 17:26:49.116" endtime="20241129 17:26:49.756"/>
</iter>
<iter>
<var name="${row}">{'First Name': 'Anabella', 'Last Name': 'Blindermann', 'Sales': 43564, 'Sales Target': 85000}</var>
<kw name="Fill Form" library="keywords">
<arg>${row}</arg>
<kw name="Wait Until Element Is Visible" library="RPA.Browser.Selenium">
<arg>id:firstname</arg>
<arg>timeout=5</arg>
<doc>Waits until the element ``locator`` is visible.</doc>
<status status="PASS" starttime="20241129 17:26:49.756" endtime="20241129 17:26:49.781"/>
</kw>
<kw name="Input Text" library="RPA.Browser.Selenium">
<arg>id:firstname</arg>
<arg>${row["First Name"]}</arg>
<doc>Types the given ``text`` into the text field identified by ``locator``.</doc>
<msg timestamp="20241129 17:26:49.783" level="INFO">Typing text 'Anabella' into text field 'id:firstname'.</msg>
<status status="PASS" starttime="20241129 17:26:49.782" endtime="20241129 17:26:49.941"/>
</kw>
<kw name="Wait Until Element Is Visible" library="RPA.Browser.Selenium">
<arg>id:lastname</arg>
<arg>timeout=5</arg>
<doc>Waits until the element ``locator`` is visible.</doc>
<status status="PASS" starttime="20241129 17:26:49.941" endtime="20241129 17:26:49.960"/>
</kw>
<kw name="Input Text" library="RPA.Browser.Selenium">
<arg>id:lastname</arg>
<arg>${row["Last Name"]}</arg>
<doc>Types the given ``text`` into the text field identified by ``locator``.</doc>
<msg timestamp="20241129 17:26:49.961" level="INFO">Typing text 'Blindermann' into text field 'id:lastname'.</msg>
<status status="PASS" starttime="20241129 17:26:49.960" endtime="20241129 17:26:50.031"/>
</kw>
<kw name="Wait Until Element Is Visible" library="RPA.Browser.Selenium">
<arg>id:salestarget</arg>
<arg>timeout=5</arg>
<doc>Waits until the element ``locator`` is visible.</doc>
<status status="PASS" starttime="20241129 17:26:50.031" endtime="20241129 17:26:50.048"/>
</kw>
<kw name="Select From List By Value" library="RPA.Browser.Selenium">
<arg>id:salestarget</arg>
<arg>${row["Sales Target"]}</arg>
<doc>Selects options from selection list ``locator`` by ``values``.</doc>
<msg timestamp="20241129 17:26:50.049" level="INFO">Selecting options from selection list 'id:salestarget' by value 85000.</msg>
<status status="PASS" starttime="20241129 17:26:50.048" endtime="20241129 17:26:50.104"/>
</kw>
<kw name="Wait Until Element Is Visible" library="RPA.Browser.Selenium">
<arg>id:salesresult</arg>
<arg>timeout=5</arg>
<doc>Waits until the element ``locator`` is visible.</doc>
<status status="PASS" starttime="20241129 17:26:50.104" endtime="20241129 17:26:50.121"/>
</kw>
<kw name="Input Text" library="RPA.Browser.Selenium">
<arg>id:salesresult</arg>
<arg>${row["Sales"]}</arg>
<doc>Types the given ``text`` into the text field identified by ``locator``.</doc>
<msg timestamp="20241129 17:26:50.122" level="INFO">Typing text '43564' into text field 'id:salesresult'.</msg>
<status status="PASS" starttime="20241129 17:26:50.121" endtime="20241129 17:26:50.187"/>
</kw>
<kw name="Wait Until Element Is Visible" library="RPA.Browser.Selenium">
<arg>xpath=//button[text()='Submit']</arg>
<arg>timeout=5</arg>
<doc>Waits until the element ``locator`` is visible.</doc>
<status status="PASS" starttime="20241129 17:26:50.188" endtime="20241129 17:26:50.205"/>
</kw>
<kw name="Click Button" library="RPA.Browser.Selenium">
<arg>xpath=//button[text()='Submit']</arg>
<doc>Clicks the button identified by ``locator``.</doc>
<msg timestamp="20241129 17:26:50.206" level="INFO">Clicking button 'xpath=//button[text()='Submit']'.</msg>
<status status="PASS" starttime="20241129 17:26:50.205" endtime="20241129 17:26:50.471"/>
</kw>
<status status="PASS" starttime="20241129 17:26:49.756" endtime="20241129 17:26:50.471"/>
</kw>
<status status="PASS" starttime="20241129 17:26:49.756" endtime="20241129 17:26:50.471"/>
</iter>
<iter>
<var name="${row}">{'First Name': 'Fred', 'Last Name': 'Mengoni', 'Sales': 131725, 'Sales Target': 5000}</var>
<kw name="Fill Form" library="keywords">
<arg>${row}</arg>
<kw name="Wait Until Element Is Visible" library="RPA.Browser.Selenium">
<arg>id:firstname</arg>
<arg>timeout=5</arg>
<doc>Waits until the element ``locator`` is visible.</doc>
<status status="PASS" starttime="20241129 17:26:50.472" endtime="20241129 17:26:50.489"/>
</kw>
<kw name="Input Text" library="RPA.Browser.Selenium">
<arg>id:firstname</arg>
<arg>${row["First Name"]}</arg>
<doc>Types the given ``text`` into the text field identified by ``locator``.</doc>
<msg timestamp="20241129 17:26:50.490" level="INFO">Typing text 'Fred' into text field 'id:firstname'.</msg>
<status status="PASS" starttime="20241129 17:26:50.490" endtime="20241129 17:26:50.563"/>
</kw>
<kw name="Wait Until Element Is Visible" library="RPA.Browser.Selenium">
<arg>id:lastname</arg>
<arg>timeout=5</arg>
<doc>Waits until the element ``locator`` is visible.</doc>
<status status="PASS" starttime="20241129 17:26:50.564" endtime="20241129 17:26:50.581"/>
</kw>
<kw name="Input Text" library="RPA.Browser.Selenium">
<arg>id:lastname</arg>
<arg>${row["Last Name"]}</arg>
<doc>Types the given ``text`` into the text field identified by ``locator``.</doc>
<msg timestamp="20241129 17:26:50.582" level="INFO">Typing text 'Mengoni' into text field 'id:lastname'.</msg>
<status status="PASS" starttime="20241129 17:26:50.581" endtime="20241129 17:26:50.652"/>
</kw>
<kw name="Wait Until Element Is Visible" library="RPA.Browser.Selenium">
<arg>id:salestarget</arg>
<arg>timeout=5</arg>
<doc>Waits until the element ``locator`` is visible.</doc>
<status status="PASS" starttime="20241129 17:26:50.652" endtime="20241129 17:26:50.669"/>
</kw>
<kw name="Select From List By Value" library="RPA.Browser.Selenium">
<arg>id:salestarget</arg>
<arg>${row["Sales Target"]}</arg>
<doc>Selects options from selection list ``locator`` by ``values``.</doc>
<msg timestamp="20241129 17:26:50.670" level="INFO">Selecting options from selection list 'id:salestarget' by value 5000.</msg>
<status status="PASS" starttime="20241129 17:26:50.669" endtime="20241129 17:26:50.707"/>
</kw>
<kw name="Wait Until Element Is Visible" library="RPA.Browser.Selenium">
<arg>id:salesresult</arg>
<arg>timeout=5</arg>
<doc>Waits until the element ``locator`` is visible.</doc>
<status status="PASS" starttime="20241129 17:26:50.707" endtime="20241129 17:26:50.723"/>
</kw>
<kw name="Input Text" library="RPA.Browser.Selenium">
<arg>id:salesresult</arg>
<arg>${row["Sales"]}</arg>
<doc>Types the given ``text`` into the text field identified by ``locator``.</doc>
<msg timestamp="20241129 17:26:50.725" level="INFO">Typing text '131725' into text field 'id:salesresult'.</msg>
<status status="PASS" starttime="20241129 17:26:50.724" endtime="20241129 17:26:50.806"/>
</kw>
<kw name="Wait Until Element Is Visible" library="RPA.Browser.Selenium">
<arg>xpath=//button[text()='Submit']</arg>
<arg>timeout=5</arg>
<doc>Waits until the element ``locator`` is visible.</doc>
<status status="PASS" starttime="20241129 17:26:50.806" endtime="20241129 17:26:50.822"/>
</kw>
<kw name="Click Button" library="RPA.Browser.Selenium">
<arg>xpath=//button[text()='Submit']</arg>
<doc>Clicks the button identified by ``locator``.</doc>
<msg timestamp="20241129 17:26:50.822" level="INFO">Clicking button 'xpath=//button[text()='Submit']'.</msg>
<status status="PASS" starttime="20241129 17:26:50.822" endtime="20241129 17:26:51.025"/>
</kw>
<status status="PASS" starttime="20241129 17:26:50.472" endtime="20241129 17:26:51.025"/>
</kw>
<status status="PASS" starttime="20241129 17:26:50.471" endtime="20241129 17:26:51.025"/>
</iter>
<iter>
<var name="${row}">{'First Name': 'Nathanil', 'Last Name': 'Bragg', 'Sales': 100336, 'Sales Target': 35000}</var>
<kw name="Fill Form" library="keywords">
<arg>${row}</arg>
<kw name="Wait Until Element Is Visible" library="RPA.Browser.Selenium">
<arg>id:firstname</arg>
<arg>timeout=5</arg>
<doc>Waits until the element ``locator`` is visible.</doc>
<status status="PASS" starttime="20241129 17:26:51.026" endtime="20241129 17:26:51.050"/>
</kw>
<kw name="Input Text" library="RPA.Browser.Selenium">
<arg>id:firstname</arg>
<arg>${row["First Name"]}</arg>
<doc>Types the given ``text`` into the text field identified by ``locator``.</doc>
<msg timestamp="20241129 17:26:51.051" level="INFO">Typing text 'Nathanil' into text field 'id:firstname'.</msg>
<status status="PASS" starttime="20241129 17:26:51.050" endtime="20241129 17:26:51.130"/>
</kw>
<kw name="Wait Until Element Is Visible" library="RPA.Browser.Selenium">
<arg>id:lastname</arg>
<arg>timeout=5</arg>
<doc>Waits until the element ``locator`` is visible.</doc>
<status status="PASS" starttime="20241129 17:26:51.130" endtime="20241129 17:26:51.147"/>
</kw>
<kw name="Input Text" library="RPA.Browser.Selenium">
<arg>id:lastname</arg>
<arg>${row["Last Name"]}</arg>
<doc>Types the given ``text`` into the text field identified by ``locator``.</doc>
<msg timestamp="20241129 17:26:51.149" level="INFO">Typing text 'Bragg' into text field 'id:lastname'.</msg>
<status status="PASS" starttime="20241129 17:26:51.148" endtime="20241129 17:26:51.218"/>
</kw>
<kw name="Wait Until Element Is Visible" library="RPA.Browser.Selenium">
<arg>id:salestarget</arg>
<arg>timeout=5</arg>
<doc>Waits until the element ``locator`` is visible.</doc>
<status status="PASS" starttime="20241129 17:26:51.218" endtime="20241129 17:26:51.235"/>
</kw>
<kw name="Select From List By Value" library="RPA.Browser.Selenium">
<arg>id:salestarget</arg>
<arg>${row["Sales Target"]}</arg>
<doc>Selects options from selection list ``locator`` by ``values``.</doc>
<msg timestamp="20241129 17:26:51.236" level="INFO">Selecting options from selection list 'id:salestarget' by value 35000.</msg>
<status status="PASS" starttime="20241129 17:26:51.235" endtime="20241129 17:26:51.291"/>
</kw>
<kw name="Wait Until Element Is Visible" library="RPA.Browser.Selenium">
<arg>id:salesresult</arg>
<arg>timeout=5</arg>
<doc>Waits until the element ``locator`` is visible.</doc>
<status status="PASS" starttime="20241129 17:26:51.291" endtime="20241129 17:26:51.314"/>
</kw>
<kw name="Input Text" library="RPA.Browser.Selenium">
<arg>id:salesresult</arg>
<arg>${row["Sales"]}</arg>
<doc>Types the given ``text`` into the text field identified by ``locator``.</doc>
<msg timestamp="20241129 17:26:51.316" level="INFO">Typing text '100336' into text field 'id:salesresult'.</msg>
<status status="PASS" starttime="20241129 17:26:51.315" endtime="20241129 17:26:51.384"/>
</kw>
<kw name="Wait Until Element Is Visible" library="RPA.Browser.Selenium">
<arg>xpath=//button[text()='Submit']</arg>
<arg>timeout=5</arg>
<doc>Waits until the element ``locator`` is visible.</doc>
<status status="PASS" starttime="20241129 17:26:51.384" endtime="20241129 17:26:51.401"/>
</kw>
<kw name="Click Button" library="RPA.Browser.Selenium">
<arg>xpath=//button[text()='Submit']</arg>
<doc>Clicks the button identified by ``locator``.</doc>
<msg timestamp="20241129 17:26:51.402" level="INFO">Clicking button 'xpath=//button[text()='Submit']'.</msg>
<status status="PASS" starttime="20241129 17:26:51.401" endtime="20241129 17:26:51.679"/>
</kw>
<status status="PASS" starttime="20241129 17:26:51.025" endtime="20241129 17:26:51.679"/>
</kw>
<status status="PASS" starttime="20241129 17:26:51.025" endtime="20241129 17:26:51.679"/>
</iter>
<iter>
<var name="${row}">{'First Name': 'Casar', 'Last Name': 'Kubek', 'Sales': 143750, 'Sales Target': 100000}</var>
<kw name="Fill Form" library="keywords">
<arg>${row}</arg>
<kw name="Wait Until Element Is Visible" library="RPA.Browser.Selenium">
<arg>id:firstname</arg>
<arg>timeout=5</arg>
<doc>Waits until the element ``locator`` is visible.</doc>
<status status="PASS" starttime="20241129 17:26:51.681" endtime="20241129 17:26:51.700"/>
</kw>
<kw name="Input Text" library="RPA.Browser.Selenium">
<arg>id:firstname</arg>
<arg>${row["First Name"]}</arg>
<doc>Types the given ``text`` into the text field identified by ``locator``.</doc>
<msg timestamp="20241129 17:26:51.702" level="INFO">Typing text 'Casar' into text field 'id:firstname'.</msg>
<status status="PASS" starttime="20241129 17:26:51.701" endtime="20241129 17:26:51.856"/>
</kw>
<kw name="Wait Until Element Is Visible" library="RPA.Browser.Selenium">
<arg>id:lastname</arg>
<arg>timeout=5</arg>
<doc>Waits until the element ``locator`` is visible.</doc>
<status status="PASS" starttime="20241129 17:26:51.856" endtime="20241129 17:26:51.877"/>
</kw>
<kw name="Input Text" library="RPA.Browser.Selenium">
<arg>id:lastname</arg>
<arg>${row["Last Name"]}</arg>
<doc>Types the given ``text`` into the text field identified by ``locator``.</doc>
<msg timestamp="20241129 17:26:51.879" level="INFO">Typing text 'Kubek' into text field 'id:lastname'.</msg>
<status status="PASS" starttime="20241129 17:26:51.877" endtime="20241129 17:26:51.954"/>
</kw>
<kw name="Wait Until Element Is Visible" library="RPA.Browser.Selenium">
<arg>id:salestarget</arg>
<arg>timeout=5</arg>
<doc>Waits until the element ``locator`` is visible.</doc>
<status status="PASS" starttime="20241129 17:26:51.954" endtime="20241129 17:26:51.971"/>
</kw>
<kw name="Select From List By Value" library="RPA.Browser.Selenium">
<arg>id:salestarget</arg>
<arg>${row["Sales Target"]}</arg>
<doc>Selects options from selection list ``locator`` by ``values``.</doc>
<msg timestamp="20241129 17:26:51.972" level="INFO">Selecting options from selection list 'id:salestarget' by value 100000.</msg>
<status status="PASS" starttime="20241129 17:26:51.971" endtime="20241129 17:26:52.040"/>
</kw>
<kw name="Wait Until Element Is Visible" library="RPA.Browser.Selenium">
<arg>id:salesresult</arg>
<arg>timeout=5</arg>
<doc>Waits until the element ``locator`` is visible.</doc>
<status status="PASS" starttime="20241129 17:26:52.040" endtime="20241129 17:26:52.058"/>
</kw>
<kw name="Input Text" library="RPA.Browser.Selenium">
<arg>id:salesresult</arg>
<arg>${row["Sales"]}</arg>
<doc>Types the given ``text`` into the text field identified by ``locator``.</doc>
<msg timestamp="20241129 17:26:52.059" level="INFO">Typing text '143750' into text field 'id:salesresult'.</msg>
<status status="PASS" starttime="20241129 17:26:52.058" endtime="20241129 17:26:52.129"/>
</kw>
<kw name="Wait Until Element Is Visible" library="RPA.Browser.Selenium">
<arg>xpath=//button[text()='Submit']</arg>
<arg>timeout=5</arg>
<doc>Waits until the element ``locator`` is visible.</doc>
<status status="PASS" starttime="20241129 17:26:52.129" endtime="20241129 17:26:52.148"/>
</kw>
<kw name="Click Button" library="RPA.Browser.Selenium">
<arg>xpath=//button[text()='Submit']</arg>
<doc>Clicks the button identified by ``locator``.</doc>
<msg timestamp="20241129 17:26:52.149" level="INFO">Clicking button 'xpath=//button[text()='Submit']'.</msg>
<status status="PASS" starttime="20241129 17:26:52.149" endtime="20241129 17:26:52.349"/>
</kw>
<status status="PASS" starttime="20241129 17:26:51.680" endtime="20241129 17:26:52.349"/>
</kw>
<status status="PASS" starttime="20241129 17:26:51.679" endtime="20241129 17:26:52.349"/>
</iter>
<iter>
<var name="${row}">{'First Name': 'Myrtle', 'Last Name': 'Puddle', 'Sales': 22729, 'Sales Target': 10000}</var>
<kw name="Fill Form" library="keywords">
<arg>${row}</arg>
<kw name="Wait Until Element Is Visible" library="RPA.Browser.Selenium">
<arg>id:firstname</arg>
<arg>timeout=5</arg>
<doc>Waits until the element ``locator`` is visible.</doc>
<status status="PASS" starttime="20241129 17:26:52.349" endtime="20241129 17:26:52.369"/>
</kw>
<kw name="Input Text" library="RPA.Browser.Selenium">
<arg>id:firstname</arg>
<arg>${row["First Name"]}</arg>
<doc>Types the given ``text`` into the text field identified by ``locator``.</doc>
<msg timestamp="20241129 17:26:52.370" level="INFO">Typing text 'Myrtle' into text field 'id:firstname'.</msg>
<status status="PASS" starttime="20241129 17:26:52.369" endtime="20241129 17:26:52.442"/>
</kw>
<kw name="Wait Until Element Is Visible" library="RPA.Browser.Selenium">
<arg>id:lastname</arg>
<arg>timeout=5</arg>
<doc>Waits until the element ``locator`` is visible.</doc>
<status status="PASS" starttime="20241129 17:26:52.443" endtime="20241129 17:26:52.463"/>
</kw>
<kw name="Input Text" library="RPA.Browser.Selenium">
<arg>id:lastname</arg>
<arg>${row["Last Name"]}</arg>
<doc>Types the given ``text`` into the text field identified by ``locator``.</doc>
<msg timestamp="20241129 17:26:52.464" level="INFO">Typing text 'Puddle' into text field 'id:lastname'.</msg>
<status status="PASS" starttime="20241129 17:26:52.463" endtime="20241129 17:26:52.538"/>
</kw>
<kw name="Wait Until Element Is Visible" library="RPA.Browser.Selenium">
<arg>id:salestarget</arg>
<arg>timeout=5</arg>
<doc>Waits until the element ``locator`` is visible.</doc>
<status status="PASS" starttime="20241129 17:26:52.538" endtime="20241129 17:26:52.555"/>
</kw>
<kw name="Select From List By Value" library="RPA.Browser.Selenium">
<arg>id:salestarget</arg>
<arg>${row["Sales Target"]}</arg>
<doc>Selects options from selection list ``locator`` by ``values``.</doc>
<msg timestamp="20241129 17:26:52.556" level="INFO">Selecting options from selection list 'id:salestarget' by value 10000.</msg>
<status status="PASS" starttime="20241129 17:26:52.555" endtime="20241129 17:26:52.611"/>
</kw>
<kw name="Wait Until Element Is Visible" library="RPA.Browser.Selenium">
<arg>id:salesresult</arg>
<arg>timeout=5</arg>
<doc>Waits until the element ``locator`` is visible.</doc>
<status status="PASS" starttime="20241129 17:26:52.612" endtime="20241129 17:26:52.630"/>
</kw>
<kw name="Input Text" library="RPA.Browser.Selenium">
<arg>id:salesresult</arg>
<arg>${row["Sales"]}</arg>
<doc>Types the given ``text`` into the text field identified by ``locator``.</doc>
<msg timestamp="20241129 17:26:52.631" level="INFO">Typing text '22729' into text field 'id:salesresult'.</msg>
<status status="PASS" starttime="20241129 17:26:52.630" endtime="20241129 17:26:52.699"/>
</kw>
<kw name="Wait Until Element Is Visible" library="RPA.Browser.Selenium">
<arg>xpath=//button[text()='Submit']</arg>
<arg>timeout=5</arg>
<doc>Waits until the element ``locator`` is visible.</doc>
<status status="PASS" starttime="20241129 17:26:52.699" endtime="20241129 17:26:52.715"/>
</kw>
<kw name="Click Button" library="RPA.Browser.Selenium">
<arg>xpath=//button[text()='Submit']</arg>
<doc>Clicks the button identified by ``locator``.</doc>
<msg timestamp="20241129 17:26:52.716" level="INFO">Clicking button 'xpath=//button[text()='Submit']'.</msg>
<status status="PASS" starttime="20241129 17:26:52.715" endtime="20241129 17:26:52.930"/>
</kw>
<status status="PASS" starttime="20241129 17:26:52.349" endtime="20241129 17:26:52.930"/>
</kw>
<status status="PASS" starttime="20241129 17:26:52.349" endtime="20241129 17:26:52.930"/>
</iter>
<iter>
<var name="${row}">{'First Name': 'Devi', 'Last Name': 'Oag', 'Sales': 140919, 'Sales Target': 10000}</var>
<kw name="Fill Form" library="keywords">
<arg>${row}</arg>
<kw name="Wait Until Element Is Visible" library="RPA.Browser.Selenium">
<arg>id:firstname</arg>
<arg>timeout=5</arg>
<doc>Waits until the element ``locator`` is visible.</doc>
<status status="PASS" starttime="20241129 17:26:52.930" endtime="20241129 17:26:52.949"/>
</kw>
<kw name="Input Text" library="RPA.Browser.Selenium">
<arg>id:firstname</arg>
<arg>${row["First Name"]}</arg>
<doc>Types the given ``text`` into the text field identified by ``locator``.</doc>
<msg timestamp="20241129 17:26:52.950" level="INFO">Typing text 'Devi' into text field 'id:firstname'.</msg>
<status status="PASS" starttime="20241129 17:26:52.949" endtime="20241129 17:26:53.021"/>
</kw>
<kw name="Wait Until Element Is Visible" library="RPA.Browser.Selenium">
<arg>id:lastname</arg>
<arg>timeout=5</arg>
<doc>Waits until the element ``locator`` is visible.</doc>
<status status="PASS" starttime="20241129 17:26:53.021" endtime="20241129 17:26:53.038"/>
</kw>
<kw name="Input Text" library="RPA.Browser.Selenium">
<arg>id:lastname</arg>
<arg>${row["Last Name"]}</arg>
<doc>Types the given ``text`` into the text field identified by ``locator``.</doc>
<msg timestamp="20241129 17:26:53.039" level="INFO">Typing text 'Oag' into text field 'id:lastname'.</msg>
<status status="PASS" starttime="20241129 17:26:53.038" endtime="20241129 17:26:53.109"/>
</kw>
<kw name="Wait Until Element Is Visible" library="RPA.Browser.Selenium">
<arg>id:salestarget</arg>
<arg>timeout=5</arg>
<doc>Waits until the element ``locator`` is visible.</doc>
<status status="PASS" starttime="20241129 17:26:53.110" endtime="20241129 17:26:53.125"/>
</kw>
<kw name="Select From List By Value" library="RPA.Browser.Selenium">
<arg>id:salestarget</arg>
<arg>${row["Sales Target"]}</arg>
<doc>Selects options from selection list ``locator`` by ``values``.</doc>
<msg timestamp="20241129 17:26:53.126" level="INFO">Selecting options from selection list 'id:salestarget' by value 10000.</msg>
<status status="PASS" starttime="20241129 17:26:53.125" endtime="20241129 17:26:53.194"/>
</kw>
<kw name="Wait Until Element Is Visible" library="RPA.Browser.Selenium">
<arg>id:salesresult</arg>
<arg>timeout=5</arg>
<doc>Waits until the element ``locator`` is visible.</doc>
<status status="PASS" starttime="20241129 17:26:53.194" endtime="20241129 17:26:53.231"/>
</kw>
<kw name="Input Text" library="RPA.Browser.Selenium">
<arg>id:salesresult</arg>
<arg>${row["Sales"]}</arg>
<doc>Types the given ``text`` into the text field identified by ``locator``.</doc>
<msg timestamp="20241129 17:26:53.234" level="INFO">Typing text '140919' into text field 'id:salesresult'.</msg>
<status status="PASS" starttime="20241129 17:26:53.233" endtime="20241129 17:26:53.325"/>
</kw>
<kw name="Wait Until Element Is Visible" library="RPA.Browser.Selenium">
<arg>xpath=//button[text()='Submit']</arg>
<arg>timeout=5</arg>
<doc>Waits until the element ``locator`` is visible.</doc>
<status status="PASS" starttime="20241129 17:26:53.325" endtime="20241129 17:26:53.346"/>
</kw>
<kw name="Click Button" library="RPA.Browser.Selenium">
<arg>xpath=//button[text()='Submit']</arg>
<doc>Clicks the button identified by ``locator``.</doc>
<msg timestamp="20241129 17:26:53.346" level="INFO">Clicking button 'xpath=//button[text()='Submit']'.</msg>
<status status="PASS" starttime="20241129 17:26:53.346" endtime="20241129 17:26:53.547"/>
</kw>
<status status="PASS" starttime="20241129 17:26:52.930" endtime="20241129 17:26:53.547"/>
</kw>
<status status="PASS" starttime="20241129 17:26:52.930" endtime="20241129 17:26:53.547"/>
</iter>
<iter>
<var name="${row}">{'First Name': 'Emyle', 'Last Name': "O'Driscole", 'Sales': 70981, 'Sales Target': 10000}</var>
<kw name="Fill Form" library="keywords">
<arg>${row}</arg>
<kw name="Wait Until Element Is Visible" library="RPA.Browser.Selenium">
<arg>id:firstname</arg>
<arg>timeout=5</arg>
<doc>Waits until the element ``locator`` is visible.</doc>
<status status="PASS" starttime="20241129 17:26:53.548" endtime="20241129 17:26:53.568"/>
</kw>
<kw name="Input Text" library="RPA.Browser.Selenium">
<arg>id:firstname</arg>
<arg>${row["First Name"]}</arg>
<doc>Types the given ``text`` into the text field identified by ``locator``.</doc>
<msg timestamp="20241129 17:26:53.569" level="INFO">Typing text 'Emyle' into text field 'id:firstname'.</msg>
<status status="PASS" starttime="20241129 17:26:53.568" endtime="20241129 17:26:53.641"/>
</kw>
<kw name="Wait Until Element Is Visible" library="RPA.Browser.Selenium">
<arg>id:lastname</arg>
<arg>timeout=5</arg>
<doc>Waits until the element ``locator`` is visible.</doc>
<status status="PASS" starttime="20241129 17:26:53.641" endtime="20241129 17:26:53.658"/>
</kw>
<kw name="Input Text" library="RPA.Browser.Selenium">
<arg>id:lastname</arg>
<arg>${row["Last Name"]}</arg>
<doc>Types the given ``text`` into the text field identified by ``locator``.</doc>
<msg timestamp="20241129 17:26:53.659" level="INFO">Typing text 'O'Driscole' into text field 'id:lastname'.</msg>
<status status="PASS" starttime="20241129 17:26:53.658" endtime="20241129 17:26:53.731"/>
</kw>
<kw name="Wait Until Element Is Visible" library="RPA.Browser.Selenium">
<arg>id:salestarget</arg>
<arg>timeout=5</arg>
<doc>Waits until the element ``locator`` is visible.</doc>
<status status="PASS" starttime="20241129 17:26:53.731" endtime="20241129 17:26:53.748"/>
</kw>
<kw name="Select From List By Value" library="RPA.Browser.Selenium">
<arg>id:salestarget</arg>
<arg>${row["Sales Target"]}</arg>
<doc>Selects options from selection list ``locator`` by ``values``.</doc>
<msg timestamp="20241129 17:26:53.749" level="INFO">Selecting options from selection list 'id:salestarget' by value 10000.</msg>
<status status="PASS" starttime="20241129 17:26:53.748" endtime="20241129 17:26:53.801"/>
</kw>
<kw name="Wait Until Element Is Visible" library="RPA.Browser.Selenium">
<arg>id:salesresult</arg>
<arg>timeout=5</arg>
<doc>Waits until the element ``locator`` is visible.</doc>
<status status="PASS" starttime="20241129 17:26:53.801" endtime="20241129 17:26:53.818"/>
</kw>
<kw name="Input Text" library="RPA.Browser.Selenium">
<arg>id:salesresult</arg>
<arg>${row["Sales"]}</arg>
<doc>Types the given ``text`` into the text field identified by ``locator``.</doc>
<msg timestamp="20241129 17:26:53.819" level="INFO">Typing text '70981' into text field 'id:salesresult'.</msg>
<status status="PASS" starttime="20241129 17:26:53.818" endtime="20241129 17:26:53.885"/>
</kw>
<kw name="Wait Until Element Is Visible" library="RPA.Browser.Selenium">
<arg>xpath=//button[text()='Submit']</arg>
<arg>timeout=5</arg>
<doc>Waits until the element ``locator`` is visible.</doc>
<status status="PASS" starttime="20241129 17:26:53.885" endtime="20241129 17:26:53.902"/>
</kw>
<kw name="Click Button" library="RPA.Browser.Selenium">
<arg>xpath=//button[text()='Submit']</arg>
<doc>Clicks the button identified by ``locator``.</doc>
<msg timestamp="20241129 17:26:53.903" level="INFO">Clicking button 'xpath=//button[text()='Submit']'.</msg>
<status status="PASS" starttime="20241129 17:26:53.902" endtime="20241129 17:26:54.187"/>
</kw>
<status status="PASS" starttime="20241129 17:26:53.548" endtime="20241129 17:26:54.187"/>
</kw>
<status status="PASS" starttime="20241129 17:26:53.547" endtime="20241129 17:26:54.187"/>
</iter>
<iter>
<var name="${row}">{'First Name': 'Mickie', 'Last Name': 'Linbohm', 'Sales': 80516, 'Sales Target': 10000}</var>
<kw name="Fill Form" library="keywords">
<arg>${row}</arg>
<kw name="Wait Until Element Is Visible" library="RPA.Browser.Selenium">
<arg>id:firstname</arg>
<arg>timeout=5</arg>
<doc>Waits until the element ``locator`` is visible.</doc>
<status status="PASS" starttime="20241129 17:26:54.188" endtime="20241129 17:26:54.230"/>
</kw>
<kw name="Input Text" library="RPA.Browser.Selenium">
<arg>id:firstname</arg>
<arg>${row["First Name"]}</arg>
<doc>Types the given ``text`` into the text field identified by ``locator``.</doc>
<msg timestamp="20241129 17:26:54.231" level="INFO">Typing text 'Mickie' into text field 'id:firstname'.</msg>
<status status="PASS" starttime="20241129 17:26:54.230" endtime="20241129 17:26:54.309"/>
</kw>
<kw name="Wait Until Element Is Visible" library="RPA.Browser.Selenium">
<arg>id:lastname</arg>
<arg>timeout=5</arg>
<doc>Waits until the element ``locator`` is visible.</doc>
<status status="PASS" starttime="20241129 17:26:54.309" endtime="20241129 17:26:54.329"/>
</kw>
<kw name="Input Text" library="RPA.Browser.Selenium">
<arg>id:lastname</arg>
<arg>${row["Last Name"]}</arg>
<doc>Types the given ``text`` into the text field identified by ``locator``.</doc>
<msg timestamp="20241129 17:26:54.330" level="INFO">Typing text 'Linbohm' into text field 'id:lastname'.</msg>
<status status="PASS" starttime="20241129 17:26:54.329" endtime="20241129 17:26:54.400"/>
</kw>
<kw name="Wait Until Element Is Visible" library="RPA.Browser.Selenium">
<arg>id:salestarget</arg>
<arg>timeout=5</arg>
<doc>Waits until the element ``locator`` is visible.</doc>
<status status="PASS" starttime="20241129 17:26:54.400" endtime="20241129 17:26:54.418"/>
</kw>
<kw name="Select From List By Value" library="RPA.Browser.Selenium">
<arg>id:salestarget</arg>
<arg>${row["Sales Target"]}</arg>
<doc>Selects options from selection list ``locator`` by ``values``.</doc>
<msg timestamp="20241129 17:26:54.419" level="INFO">Selecting options from selection list 'id:salestarget' by value 10000.</msg>
<status status="PASS" starttime="20241129 17:26:54.418" endtime="20241129 17:26:54.473"/>
</kw>
<kw name="Wait Until Element Is Visible" library="RPA.Browser.Selenium">
<arg>id:salesresult</arg>
<arg>timeout=5</arg>
<doc>Waits until the element ``locator`` is visible.</doc>
<status status="PASS" starttime="20241129 17:26:54.473" endtime="20241129 17:26:54.490"/>
</kw>
<kw name="Input Text" library="RPA.Browser.Selenium">
<arg>id:salesresult</arg>
<arg>${row["Sales"]}</arg>
<doc>Types the given ``text`` into the text field identified by ``locator``.</doc>
<msg timestamp="20241129 17:26:54.491" level="INFO">Typing text '80516' into text field 'id:salesresult'.</msg>
<status status="PASS" starttime="20241129 17:26:54.491" endtime="20241129 17:26:54.559"/>
</kw>
[...]
<status status="PASS" starttime="20241129 17:27:11.797" endtime="20241129 17:27:11.869"/>
</kw>
<kw name="Wait Until Element Is Visible" library="RPA.Browser.Selenium">
<arg>id:salestarget</arg>
<arg>timeout=5</arg>
<doc>Waits until the element ``locator`` is visible.</doc>
<status status="PASS" starttime="20241129 17:27:11.869" endtime="20241129 17:27:11.885"/>
</kw>
<kw name="Select From List By Value" library="RPA.Browser.Selenium">
<arg>id:salestarget</arg>
<arg>${row["Sales Target"]}</arg>
<doc>Selects options from selection list ``locator`` by ``values``.</doc>
<msg timestamp="20241129 17:27:11.886" level="INFO">Selecting options from selection list 'id:salestarget' by value 30000.</msg>
<status status="PASS" starttime="20241129 17:27:11.885" endtime="20241129 17:27:11.938"/>
</kw>
<kw name="Wait Until Element Is Visible" library="RPA.Browser.Selenium">
<arg>id:salesresult</arg>
<arg>timeout=5</arg>
<doc>Waits until the element ``locator`` is visible.</doc>
<status status="PASS" starttime="20241129 17:27:11.938" endtime="20241129 17:27:11.955"/>
</kw>
<kw name="Input Text" library="RPA.Browser.Selenium">
<arg>id:salesresult</arg>
<arg>${row["Sales"]}</arg>
<doc>Types the given ``text`` into the text field identified by ``locator``.</doc>
<msg timestamp="20241129 17:27:11.956" level="INFO">Typing text '109884' into text field 'id:salesresult'.</msg>
<status status="PASS" starttime="20241129 17:27:11.955" endtime="20241129 17:27:12.022"/>
</kw>
<kw name="Wait Until Element Is Visible" library="RPA.Browser.Selenium">
<arg>xpath=//button[text()='Submit']</arg>
<arg>timeout=5</arg>
<doc>Waits until the element ``locator`` is visible.</doc>
<status status="PASS" starttime="20241129 17:27:12.022" endtime="20241129 17:27:12.040"/>
</kw>
<kw name="Click Button" library="RPA.Browser.Selenium">
<arg>xpath=//button[text()='Submit']</arg>
<doc>Clicks the button identified by ``locator``.</doc>
<msg timestamp="20241129 17:27:12.041" level="INFO">Clicking button 'xpath=//button[text()='Submit']'.</msg>
<status status="PASS" starttime="20241129 17:27:12.040" endtime="20241129 17:27:12.256"/>
</kw>
<status status="PASS" starttime="20241129 17:27:11.641" endtime="20241129 17:27:12.256"/>
</kw>
<status status="PASS" starttime="20241129 17:27:11.640" endtime="20241129 17:27:12.256"/>
</iter>
<status status="PASS" starttime="20241129 17:26:39.843" endtime="20241129 17:27:12.256"/>
</for>
<status status="PASS" starttime="20241129 17:26:39.826" endtime="20241129 17:27:12.256"/>
</kw>
<kw name="Finisher Workflow" library="finisher">
<kw name="Capture Screenshot" library="keywords">
<arg>${SCREENSHOT_FILE}</arg>
<kw name="Capture Page Screenshot" library="RPA.Browser.Selenium">
<arg>${file_path}</arg>
<doc>Takes a screenshot of the current page and embeds it into a log file.</doc>
<msg timestamp="20241129 17:27:12.389" level="INFO" html="true">&lt;/td&gt;&lt;/tr&gt;&lt;tr&gt;&lt;td colspan="3"&gt;&lt;a href="output/sales_summary.png"&gt;&lt;img src="output/sales_summary.png" width="800px"&gt;&lt;/a&gt;</msg>
<status status="PASS" starttime="20241129 17:27:12.257" endtime="20241129 17:27:12.390"/>
</kw>
<status status="PASS" starttime="20241129 17:27:12.256" endtime="20241129 17:27:12.390"/>
</kw>
<kw name="Generate PDF Report" library="keywords">
<arg>${PDF_FILE}</arg>
<kw name="Get Element Attribute" library="RPA.Browser.Selenium">
<var>${html}</var>
<arg>css:#sales-results</arg>
<arg>outerHTML</arg>
<doc>Returns the value of ``attribute`` from the element ``locator``.</doc>
<msg timestamp="20241129 17:27:12.416" level="INFO">${html} = &lt;div id="sales-results"&gt;&lt;table class="table table-dark table-striped"&gt;&lt;thead&gt;&lt;tr&gt;&lt;th width="24%" scope="col"&gt;Name&lt;/th&gt;&lt;th width="24%" scope="col"&gt;Target&lt;/th&gt;&lt;th width="24%" scope="col"&gt;Result&lt;/th&gt;&lt;th ...</msg>
<status status="PASS" starttime="20241129 17:27:12.390" endtime="20241129 17:27:12.416"/>
</kw>
<kw name="Html To Pdf" library="RPA.PDF">
<arg>${html}</arg>
<arg>${file_path}</arg>
<doc>Generate a PDF file from HTML content.</doc>
<msg timestamp="20241129 17:27:12.417" level="INFO">Writing output to file /app/output/sales_results.pdf</msg>
<msg timestamp="20241129 17:27:12.656" level="INFO">maxp pruned</msg>
<msg timestamp="20241129 17:27:12.656" level="INFO">cmap pruned</msg>
<msg timestamp="20241129 17:27:12.657" level="INFO">post pruned</msg>
<msg timestamp="20241129 17:27:12.657" level="INFO">GDEF dropped</msg>
<msg timestamp="20241129 17:27:12.657" level="INFO">GPOS dropped</msg>
<msg timestamp="20241129 17:27:12.657" level="INFO">GSUB dropped</msg>
<msg timestamp="20241129 17:27:12.660" level="INFO">glyf pruned</msg>
<msg timestamp="20241129 17:27:12.661" level="INFO">Added gid0 to subset</msg>
<msg timestamp="20241129 17:27:12.661" level="INFO">Added first four glyphs to subset</msg>
<msg timestamp="20241129 17:27:12.661" level="INFO">Closing glyph list over 'glyf': 66 glyphs before</msg>
<msg timestamp="20241129 17:27:12.661" level="INFO">Glyph names: ['.notdef', '.null', 'uni0020', 'uni0024', 'uni0027', 'uni002C', 'uni002D', 'uni0030', 'uni0031', 'uni0032', 'uni0033', 'uni0034', 'uni0035', 'uni0036', 'uni0037', 'uni0038', 'uni0039', 'uni0041', 'uni0042', 'uni0043', 'uni0044', 'uni0045', 'uni0046', 'uni0047', 'uni0048', 'uni0049', 'uni004A', 'uni004B', 'uni004C', 'uni004D', 'uni004E', 'uni004F', 'uni0050', 'uni0052', 'uni0053', 'uni0054', 'uni0055', 'uni0056', 'uni0057', 'uni0059', 'uni0061', 'uni0062', 'uni0063', 'uni0064', 'uni0065', 'uni0066', 'uni0067', 'uni0068', 'uni0069', 'uni006B', 'uni006C', 'uni006D', 'uni006E', 'uni006F', 'uni0070', 'uni0072', 'uni0073', 'uni0074', 'uni0075', 'uni0076', 'uni0077', 'uni0079', 'uni007A', 'uni007B', 'uni007D', 'uni00C4']</msg>
<msg timestamp="20241129 17:27:12.661" level="INFO">Glyph IDs:   [0, 1, 2, 3, 65, 73, 84, 95, 137, 141, 161, 197, 265, 270, 280, 291, 299, 320, 374, 382, 395, 409, 421, 453, 456, 469, 504, 575, 582, 594, 612, 645, 650, 660, 679, 715, 723, 752, 759, 775, 827, 837, 867, 884, 899, 932, 936, 950, 973, 1262, 1294, 1295, 1296, 1298, 1299, 1300, 1302, 1303, 1304, 1305, 1345, 1346, 1361, 1388, 1403, 1681]</msg>
<msg timestamp="20241129 17:27:12.661" level="INFO">Closed glyph list over 'glyf': 66 glyphs after</msg>
<msg timestamp="20241129 17:27:12.661" level="INFO">Glyph names: ['.notdef', '.null', 'uni0020', 'uni0024', 'uni0027', 'uni002C', 'uni002D', 'uni0030', 'uni0031', 'uni0032', 'uni0033', 'uni0034', 'uni0035', 'uni0036', 'uni0037', 'uni0038', 'uni0039', 'uni0041', 'uni0042', 'uni0043', 'uni0044', 'uni0045', 'uni0046', 'uni0047', 'uni0048', 'uni0049', 'uni004A', 'uni004B', 'uni004C', 'uni004D', 'uni004E', 'uni004F', 'uni0050', 'uni0052', 'uni0053', 'uni0054', 'uni0055', 'uni0056', 'uni0057', 'uni0059', 'uni0061', 'uni0062', 'uni0063', 'uni0064', 'uni0065', 'uni0066', 'uni0067', 'uni0068', 'uni0069', 'uni006B', 'uni006C', 'uni006D', 'uni006E', 'uni006F', 'uni0070', 'uni0072', 'uni0073', 'uni0074', 'uni0075', 'uni0076', 'uni0077', 'uni0079', 'uni007A', 'uni007B', 'uni007D', 'uni00C4']</msg>
<msg timestamp="20241129 17:27:12.662" level="INFO">Glyph IDs:   [0, 1, 2, 3, 65, 73, 84, 95, 137, 141, 161, 197, 265, 270, 280, 291, 299, 320, 374, 382, 395, 409, 421, 453, 456, 469, 504, 575, 582, 594, 612, 645, 650, 660, 679, 715, 723, 752, 759, 775, 827, 837, 867, 884, 899, 932, 936, 950, 973, 1262, 1294, 1295, 1296, 1298, 1299, 1300, 1302, 1303, 1304, 1305, 1345, 1346, 1361, 1388, 1403, 1681]</msg>
<msg timestamp="20241129 17:27:12.662" level="INFO">Retaining 66 glyphs</msg>
<msg timestamp="20241129 17:27:12.662" level="INFO">head subsetting not needed</msg>
<msg timestamp="20241129 17:27:12.662" level="INFO">hhea subsetting not needed</msg>
<msg timestamp="20241129 17:27:12.662" level="INFO">maxp subsetting not needed</msg>
<msg timestamp="20241129 17:27:12.663" level="INFO">OS/2 subsetting not needed</msg>
<msg timestamp="20241129 17:27:12.663" level="INFO">hmtx subsetted</msg>
<msg timestamp="20241129 17:27:12.664" level="INFO">cmap subsetted</msg>
<msg timestamp="20241129 17:27:12.664" level="INFO">prep subsetting not needed</msg>
<msg timestamp="20241129 17:27:12.664" level="INFO">loca subsetting not needed</msg>
<msg timestamp="20241129 17:27:12.664" level="INFO">post subsetted</msg>
<msg timestamp="20241129 17:27:12.664" level="INFO">gasp subsetting not needed</msg>
<msg timestamp="20241129 17:27:12.664" level="INFO">STAT subsetting not needed</msg>
<msg timestamp="20241129 17:27:12.665" level="INFO">name subsetting not needed</msg>
<msg timestamp="20241129 17:27:12.665" level="INFO">glyf subsetted</msg>
<msg timestamp="20241129 17:27:12.666" level="INFO">head pruned</msg>
<msg timestamp="20241129 17:27:12.666" level="INFO">OS/2 Unicode ranges pruned: [0]</msg>
<msg timestamp="20241129 17:27:12.666" level="INFO">OS/2 CodePage ranges pruned: [0]</msg>
<msg timestamp="20241129 17:27:12.667" level="INFO">glyf pruned</msg>
<msg timestamp="20241129 17:27:12.668" level="INFO">name pruned</msg>
<msg timestamp="20241129 17:27:12.684" level="INFO">maxp pruned</msg>
<msg timestamp="20241129 17:27:12.684" level="INFO">cmap pruned</msg>
<msg timestamp="20241129 17:27:12.684" level="INFO">post pruned</msg>
<msg timestamp="20241129 17:27:12.684" level="INFO">GDEF dropped</msg>
<msg timestamp="20241129 17:27:12.685" level="INFO">GPOS dropped</msg>
<msg timestamp="20241129 17:27:12.685" level="INFO">GSUB dropped</msg>
<msg timestamp="20241129 17:27:12.687" level="INFO">glyf pruned</msg>
<msg timestamp="20241129 17:27:12.687" level="INFO">Added gid0 to subset</msg>
<msg timestamp="20241129 17:27:12.688" level="INFO">Added first four glyphs to subset</msg>
<msg timestamp="20241129 17:27:12.688" level="INFO">Closing glyph list over 'glyf': 35 glyphs before</msg>
<msg timestamp="20241129 17:27:12.688" level="INFO">Glyph names: ['.notdef', '.null', 'uni0020', 'uni0030', 'uni0031', 'uni0032', 'uni0033', 'uni0034', 'uni0035', 'uni0036', 'uni0037', 'uni0038', 'uni0039', 'uni0041', 'uni0044', 'uni004E', 'uni0052', 'uni0054', 'uni0061', 'uni0062', 'uni0063', 'uni0065', 'uni0066', 'uni0067', 'uni0069', 'uni006C', 'uni006D', 'uni006E', 'uni0072', 'uni0073', 'uni0074', 'uni0075', 'uni007B', 'uni007D', 'uni00C4']</msg>
<msg timestamp="20241129 17:27:12.688" level="INFO">Glyph IDs:   [0, 1, 2, 3, 84, 299, 382, 409, 504, 575, 582, 612, 645, 650, 679, 723, 752, 759, 837, 867, 884, 899, 1294, 1295, 1296, 1298, 1299, 1300, 1302, 1303, 1304, 1305, 1345, 1346, 1681]</msg>
<msg timestamp="20241129 17:27:12.688" level="INFO">Closed glyph list over 'glyf': 35 glyphs after</msg>
<msg timestamp="20241129 17:27:12.688" level="INFO">Glyph names: ['.notdef', '.null', 'uni0020', 'uni0030', 'uni0031', 'uni0032', 'uni0033', 'uni0034', 'uni0035', 'uni0036', 'uni0037', 'uni0038', 'uni0039', 'uni0041', 'uni0044', 'uni004E', 'uni0052', 'uni0054', 'uni0061', 'uni0062', 'uni0063', 'uni0065', 'uni0066', 'uni0067', 'uni0069', 'uni006C', 'uni006D', 'uni006E', 'uni0072', 'uni0073', 'uni0074', 'uni0075', 'uni007B', 'uni007D', 'uni00C4']</msg>
<msg timestamp="20241129 17:27:12.688" level="INFO">Glyph IDs:   [0, 1, 2, 3, 84, 299, 382, 409, 504, 575, 582, 612, 645, 650, 679, 723, 752, 759, 837, 867, 884, 899, 1294, 1295, 1296, 1298, 1299, 1300, 1302, 1303, 1304, 1305, 1345, 1346, 1681]</msg>
<msg timestamp="20241129 17:27:12.688" level="INFO">Retaining 35 glyphs</msg>
<msg timestamp="20241129 17:27:12.689" level="INFO">head subsetting not needed</msg>
<msg timestamp="20241129 17:27:12.689" level="INFO">hhea subsetting not needed</msg>
<msg timestamp="20241129 17:27:12.689" level="INFO">maxp subsetting not needed</msg>
<msg timestamp="20241129 17:27:12.689" level="INFO">OS/2 subsetting not needed</msg>
<msg timestamp="20241129 17:27:12.689" level="INFO">hmtx subsetted</msg>
<msg timestamp="20241129 17:27:12.690" level="INFO">cmap subsetted</msg>
<msg timestamp="20241129 17:27:12.690" level="INFO">prep subsetting not needed</msg>
<msg timestamp="20241129 17:27:12.690" level="INFO">loca subsetting not needed</msg>
<msg timestamp="20241129 17:27:12.690" level="INFO">post subsetted</msg>
<msg timestamp="20241129 17:27:12.690" level="INFO">gasp subsetting not needed</msg>
<msg timestamp="20241129 17:27:12.690" level="INFO">STAT subsetting not needed</msg>
<msg timestamp="20241129 17:27:12.690" level="INFO">name subsetting not needed</msg>
<msg timestamp="20241129 17:27:12.691" level="INFO">glyf subsetted</msg>
<msg timestamp="20241129 17:27:12.691" level="INFO">head pruned</msg>
<msg timestamp="20241129 17:27:12.692" level="INFO">OS/2 Unicode ranges pruned: [0]</msg>
<msg timestamp="20241129 17:27:12.692" level="INFO">OS/2 CodePage ranges pruned: [0]</msg>
<msg timestamp="20241129 17:27:12.692" level="INFO">glyf pruned</msg>
<msg timestamp="20241129 17:27:12.693" level="INFO">name pruned</msg>
<msg timestamp="20241129 17:27:12.704" level="INFO">maxp pruned</msg>
<msg timestamp="20241129 17:27:12.704" level="INFO">cmap pruned</msg>
<msg timestamp="20241129 17:27:12.704" level="INFO">post pruned</msg>
<msg timestamp="20241129 17:27:12.704" level="INFO">GDEF dropped</msg>
<msg timestamp="20241129 17:27:12.704" level="INFO">GPOS dropped</msg>
<msg timestamp="20241129 17:27:12.704" level="INFO">GSUB dropped</msg>
<msg timestamp="20241129 17:27:12.707" level="INFO">glyf pruned</msg>
<msg timestamp="20241129 17:27:12.709" level="INFO">Added gid0 to subset</msg>
<msg timestamp="20241129 17:27:12.709" level="INFO">Added first four glyphs to subset</msg>
<msg timestamp="20241129 17:27:12.709" level="INFO">Closing glyph list over 'glyf': 18 glyphs before</msg>
<msg timestamp="20241129 17:27:12.709" level="INFO">Glyph names: ['.notdef', '.null', 'uni0020', 'uni0030', 'uni0031', 'uni0032', 'uni0033', 'uni0034', 'uni0035', 'uni0036', 'uni0037', 'uni0038', 'uni0039', 'uni0062', 'uni006E', 'uni007B', 'uni007D', 'uni00A0']</msg>
<msg timestamp="20241129 17:27:12.709" level="INFO">Glyph IDs:   [0, 1, 2, 3, 544, 727, 1256, 1257, 1258, 1260, 1261, 1262, 1264, 1265, 1266, 1267, 1307, 1308]</msg>
<msg timestamp="20241129 17:27:12.710" level="INFO">Closed glyph list over 'glyf': 18 glyphs after</msg>
<msg timestamp="20241129 17:27:12.710" level="INFO">Glyph names: ['.notdef', '.null', 'uni0020', 'uni0030', 'uni0031', 'uni0032', 'uni0033', 'uni0034', 'uni0035', 'uni0036', 'uni0037', 'uni0038', 'uni0039', 'uni0062', 'uni006E', 'uni007B', 'uni007D', 'uni00A0']</msg>
<msg timestamp="20241129 17:27:12.710" level="INFO">Glyph IDs:   [0, 1, 2, 3, 544, 727, 1256, 1257, 1258, 1260, 1261, 1262, 1264, 1265, 1266, 1267, 1307, 1308]</msg>
<msg timestamp="20241129 17:27:12.710" level="INFO">Retaining 18 glyphs</msg>
<msg timestamp="20241129 17:27:12.710" level="INFO">head subsetting not needed</msg>
<msg timestamp="20241129 17:27:12.710" level="INFO">hhea subsetting not needed</msg>
<msg timestamp="20241129 17:27:12.710" level="INFO">maxp subsetting not needed</msg>
<msg timestamp="20241129 17:27:12.710" level="INFO">OS/2 subsetting not needed</msg>
<msg timestamp="20241129 17:27:12.710" level="INFO">hmtx subsetted</msg>
<msg timestamp="20241129 17:27:12.711" level="INFO">cmap subsetted</msg>
<msg timestamp="20241129 17:27:12.711" level="INFO">loca subsetting not needed</msg>
<msg timestamp="20241129 17:27:12.711" level="INFO">post subsetted</msg>
<msg timestamp="20241129 17:27:12.711" level="INFO">name subsetting not needed</msg>
<msg timestamp="20241129 17:27:12.712" level="INFO">glyf subsetted</msg>
<msg timestamp="20241129 17:27:12.713" level="INFO">head pruned</msg>
<msg timestamp="20241129 17:27:12.713" level="INFO">OS/2 Unicode ranges pruned: [0]</msg>
<msg timestamp="20241129 17:27:12.713" level="INFO">OS/2 CodePage ranges pruned: [0]</msg>
<msg timestamp="20241129 17:27:12.713" level="INFO">glyf pruned</msg>
<msg timestamp="20241129 17:27:12.713" level="INFO">name pruned</msg>
<msg timestamp="20241129 17:27:12.720" level="INFO">maxp pruned</msg>
<msg timestamp="20241129 17:27:12.720" level="INFO">cmap pruned</msg>
<msg timestamp="20241129 17:27:12.721" level="INFO">post pruned</msg>
<msg timestamp="20241129 17:27:12.721" level="INFO">GDEF dropped</msg>
<msg timestamp="20241129 17:27:12.721" level="INFO">GPOS dropped</msg>
<msg timestamp="20241129 17:27:12.721" level="INFO">GSUB dropped</msg>
<msg timestamp="20241129 17:27:12.723" level="INFO">glyf pruned</msg>
<msg timestamp="20241129 17:27:12.725" level="INFO">Added gid0 to subset</msg>
<msg timestamp="20241129 17:27:12.726" level="INFO">Added first four glyphs to subset</msg>
<msg timestamp="20241129 17:27:12.726" level="INFO">Closing glyph list over 'glyf': 18 glyphs before</msg>
<msg timestamp="20241129 17:27:12.726" level="INFO">Glyph names: ['.notdef', '.null', 'uni0020', 'uni0030', 'uni0031', 'uni0032', 'uni0033', 'uni0034', 'uni0035', 'uni0036', 'uni0037', 'uni0038', 'uni0039', 'uni0062', 'uni006E', 'uni007B', 'uni007D', 'uni00A0']</msg>
<msg timestamp="20241129 17:27:12.726" level="INFO">Glyph IDs:   [0, 1, 2, 3, 544, 727, 1256, 1257, 1258, 1260, 1261, 1262, 1264, 1265, 1266, 1267, 1307, 1308]</msg>
<msg timestamp="20241129 17:27:12.726" level="INFO">Closed glyph list over 'glyf': 18 glyphs after</msg>
<msg timestamp="20241129 17:27:12.726" level="INFO">Glyph names: ['.notdef', '.null', 'uni0020', 'uni0030', 'uni0031', 'uni0032', 'uni0033', 'uni0034', 'uni0035', 'uni0036', 'uni0037', 'uni0038', 'uni0039', 'uni0062', 'uni006E', 'uni007B', 'uni007D', 'uni00A0']</msg>
<msg timestamp="20241129 17:27:12.726" level="INFO">Glyph IDs:   [0, 1, 2, 3, 544, 727, 1256, 1257, 1258, 1260, 1261, 1262, 1264, 1265, 1266, 1267, 1307, 1308]</msg>
<msg timestamp="20241129 17:27:12.726" level="INFO">Retaining 18 glyphs</msg>
<msg timestamp="20241129 17:27:12.726" level="INFO">head subsetting not needed</msg>
<msg timestamp="20241129 17:27:12.726" level="INFO">hhea subsetting not needed</msg>
<msg timestamp="20241129 17:27:12.727" level="INFO">maxp subsetting not needed</msg>
<msg timestamp="20241129 17:27:12.727" level="INFO">OS/2 subsetting not needed</msg>
<msg timestamp="20241129 17:27:12.727" level="INFO">hmtx subsetted</msg>
<msg timestamp="20241129 17:27:12.728" level="INFO">cmap subsetted</msg>
<msg timestamp="20241129 17:27:12.728" level="INFO">loca subsetting not needed</msg>
<msg timestamp="20241129 17:27:12.728" level="INFO">post subsetted</msg>
<msg timestamp="20241129 17:27:12.728" level="INFO">name subsetting not needed</msg>
<msg timestamp="20241129 17:27:12.729" level="INFO">glyf subsetted</msg>
<msg timestamp="20241129 17:27:12.729" level="INFO">head pruned</msg>
<msg timestamp="20241129 17:27:12.729" level="INFO">OS/2 Unicode ranges pruned: [0]</msg>
<msg timestamp="20241129 17:27:12.729" level="INFO">OS/2 CodePage ranges pruned: [0]</msg>
<msg timestamp="20241129 17:27:12.729" level="INFO">glyf pruned</msg>
<msg timestamp="20241129 17:27:12.730" level="INFO">name pruned</msg>
<status status="PASS" starttime="20241129 17:27:12.416" endtime="20241129 17:27:12.738"/>
</kw>
<status status="PASS" starttime="20241129 17:27:12.390" endtime="20241129 17:27:12.738"/>
</kw>
<kw name="Close Browser" library="keywords">
<kw name="Close All Browsers" library="RPA.Browser.Selenium">
<doc>Closes all open browsers and resets the browser cache.</doc>
<status status="PASS" starttime="20241129 17:27:12.739" endtime="20241129 17:27:12.812"/>
</kw>
<status status="PASS" starttime="20241129 17:27:12.738" endtime="20241129 17:27:12.812"/>
</kw>
<status status="PASS" starttime="20241129 17:27:12.256" endtime="20241129 17:27:12.812"/>
</kw>
<status status="PASS" starttime="20241129 17:26:37.364" endtime="20241129 17:27:12.812"/>
</test>
<status status="PASS" starttime="20241129 17:26:36.690" endtime="20241129 17:27:12.813"/>
</suite>
<statistics>
<total>
<stat pass="1" fail="0" skip="0">All Tasks</stat>
</total>
<tag>
</tag>
<suite>
<stat pass="1" fail="0" skip="0" id="s1" name="Test">Test</stat>
</suite>
</statistics>
<errors>
</errors>
</robot>
